#This file contains index list and other info


#********************************
# Species list with their indexes
1	E	krome_idx_E
2	H-	krome_idx_Hk
3	C-	krome_idx_Ck
4	O-	krome_idx_Ok
5	H	krome_idx_H
6	HE	krome_idx_HE
7	H2	krome_idx_H2
8	C	krome_idx_C
9	O	krome_idx_O
10	OH	krome_idx_OH
11	CO	krome_idx_CO
12	CH	krome_idx_CH
13	CH2	krome_idx_CH2
14	C2	krome_idx_C2
15	HCO	krome_idx_HCO
16	H2O	krome_idx_H2O
17	O2	krome_idx_O2
18	CO_total	krome_idx_CO_total
19	H2O_total	krome_idx_H2O_total
20	H+	krome_idx_Hj
21	HE+	krome_idx_HEj
22	H2+	krome_idx_H2j
23	C+	krome_idx_Cj
24	O+	krome_idx_Oj
25	HOC+	krome_idx_HOCj
26	HCO+	krome_idx_HCOj
27	H3+	krome_idx_H3j
28	CH+	krome_idx_CHj
29	CH2+	krome_idx_CH2j
30	CO+	krome_idx_COj
31	CH3+	krome_idx_CH3j
32	OH+	krome_idx_OHj
33	H2O+	krome_idx_H2Oj
34	H3O+	krome_idx_H3Oj
35	O2+	krome_idx_O2j
36	HE++	krome_idx_HEjj
37	CR	krome_idx_CR
38	g	krome_idx_g
39	Tgas	krome_idx_Tgas
40	dummy	krome_idx_dummy

#Note: the first 36 variables above should be used
# as framework code passive scalars, while the last 4
# are employed inside KROME.


#********************************
# Species in a Python list of strings
["E", "H-", "C-", "O-", "H", "HE", "H2", "C", "O", "OH", \
 "CO", "CH", "CH2", "C2", "HCO", "H2O", "O2", "CO_total", "H2O_total", "H+", \
 "HE+", "H2+", "C+", "O+", "HOC+", "HCO+", "H3+", "CH+", "CH2+", "CO+", \
 "CH3+", "OH+", "H2O+", "H3O+", "O2+", "HE++", "CR", "g", "Tgas", "dummy", \
 ]


#********************************
#useful parameters
krome_nrea           = 281  !number of reactions
krome_nmols          = 36   !number of chemical species
krome_nspec          = 40   !number of species including Tgas,CR,...
krome_ndust          = 0    !number of dust bins (total)
krome_ndustTypes     = 0    !number of dust types
krome_nPhotoBins     = 7    !number of radiation bins
krome_nPhotoRates    = 17   !number of photochemical reactions


#********************************
#list of reactions (including with multiple limits)
1	H + E -> H+ + E + E
2	H+ + E -> H
3	H+ + E -> H
4	HE + E -> HE+ + E + E
5	HE+ + E -> HE
6	HE+ + E -> HE
7	HE+ + E -> HE++ + E + E
8	HE+ + H -> HE + H+
9	HE + H+ -> HE+ + H
10	HE + H+ -> HE+ + H
11	H2 + HE -> H + H + HE
12	H2 + HE+ -> HE + H2+
13	H2 + HE+ -> HE + H + H+
14	H2 + HE+ -> HE+ + H + H
15	HE++ + E -> HE+
16	H + E -> H-
17	H- + H -> H2 + E
18	H + H+ -> H2+
19	H + H+ -> H2+
20	H2+ + H -> H2 + H+
21	H2 + H+ -> H2+ + H
22	H2 + E -> H + H + E
23	H2 + H -> H + H + H
24	H- + E -> H + E + E
25	H- + H -> H + H + E
26	H- + H -> H + H + E
27	H- + H+ -> H + H
28	H- + H+ -> H2+ + E
29	H2+ + E -> H + H
30	H2+ + E -> H + H
31	H2+ + H- -> H + H2
32	H2 + H2 -> H2 + H + H
33	H + H + HE -> H2 + HE
34	H + H + H -> H2 + H
35	H2 + H + H -> H2 + H2
36	C+ + E -> C
37	C+ + E -> C
38	C+ + E -> C
39	O+ + E -> O
40	O+ + E -> O
41	C + E -> C+ + E + E
42	O + E -> O+ + E + E
43	O+ + H -> O + H+
44	O + H+ -> O+ + H
45	O + HE+ -> O+ + HE
46	C + H+ -> C+ + H
47	C+ + H -> C + H+
48	C + HE+ -> C+ + HE
49	C + HE+ -> C+ + HE
50	C + HE+ -> C+ + HE
51	OH + H -> O + H + H
52	HOC+ + H2 -> HCO+ + H2
53	HOC+ + CO -> HCO+ + CO
54	HOC+ + CO -> HCO+ + CO
55	C + H2 -> CH + H
56	CH + H -> C + H2
57	CH + H2 -> CH2 + H
58	CH + C -> C2 + H
59	CH + O -> CO + H
60	CH + O -> HCO+ + E
61	CH + O -> OH + C
62	CH2 + H -> CH + H2
63	CH2 + O -> CO + H + H
64	CH2 + O -> CO + H2
65	CH2 + O -> HCO + H
66	CH2 + O -> CH + OH
67	C2 + O -> CO + C
68	C2 + O -> CO + C
69	O + H2 -> OH + H
70	OH + H -> O + H2
71	OH + H -> O + H2
72	H2 + OH -> H2O + H
73	C + OH -> H + CO
74	C + OH -> H + CO
75	O + OH -> H + O2
76	O + OH -> H + O2
77	OH + OH -> H2O + O
78	H2O + H -> H2 + OH
79	O2 + H -> OH + O
80	O2 + H2 -> OH + OH
81	O2 + C -> CO + O
82	O2 + C -> CO + O
83	CO + H -> C + OH
84	H2+ + H2 -> H3+ + H
85	H3+ + H -> H2+ + H2
86	C + H2+ -> CH+ + H
87	C + H3+ -> CH+ + H2
88	C + H3+ -> CH2+ + H
89	C+ + H2 -> CH+ + H
90	CH+ + H -> C+ + H2
91	CH+ + H2 -> CH2+ + H
92	CH+ + O -> CO+ + H
93	CH2+ + H -> CH+ + H2
94	CH2+ + H2 -> CH3+ + H
95	CH2+ + O -> HCO+ + H
96	CH3+ + H -> CH2+ + H2
97	CH3+ + O -> HOC+ + H2
98	CH3+ + O -> HCO+ + H2
99	C2 + O+ -> CO+ + C
100	O+ + H2 -> H + OH+
101	O + H2+ -> H + OH+
102	O + H3+ -> H2 + OH+
103	O + H3+ -> H + H2O+
104	OH + H3+ -> H2 + H2O+
105	OH + H3+ -> H2 + H2O+
106	OH + C+ -> H + CO+
107	OH + C+ -> H + CO+
108	OH+ + H2 -> H2O+ + H
109	H2O+ + H2 -> H3O+ + H
110	H2O + H3+ -> H2 + H3O+
111	H2O + H3+ -> H2 + H3O+
112	H2O + C+ -> HOC+ + H
113	H2O + C+ -> HCO+ + H
114	H2O + C+ -> HCO+ + H
115	H2O + C+ -> H2O+ + C
116	H3O+ + C -> HCO+ + H2
117	O2 + C+ -> CO+ + O
118	O2 + C+ -> CO + O+
119	O2 + CH2+ -> HCO+ + OH
120	C + O2+ -> O + CO+
121	C + O2+ -> O2 + C+
122	CO + H3+ -> H2 + HCO+
123	CO + H3+ -> H2 + HCO+
124	CO + H3+ -> H2 + HOC+
125	CO + H3+ -> H2 + HOC+
126	HCO+ + C -> CO + CH+
127	HCO+ + H2O -> CO + H3O+
128	HCO+ + H2O -> CO + H3O+
129	CH + H+ -> CH+ + H
130	CH + H+ -> CH+ + H
131	CH2 + H+ -> H2 + CH+
132	CH2 + H+ -> H2 + CH+
133	CH2 + H+ -> H + CH2+
134	CH2 + H+ -> H + CH2+
135	CH2 + HE+ -> HE + H2 + C+
136	CH2 + HE+ -> HE + H2 + C+
137	CH2 + HE+ -> HE + H + CH+
138	CH2 + HE+ -> HE + H + CH+
139	C2 + HE+ -> C+ + C + HE
140	OH + H+ -> OH+ + H
141	OH + H+ -> OH+ + H
142	OH + HE+ -> O+ + HE + H
143	OH + HE+ -> O+ + HE + H
144	H2O + H+ -> H + H2O+
145	H2O + H+ -> H + H2O+
146	H2O + HE+ -> HE + OH + H+
147	H2O + HE+ -> HE + OH + H+
148	H2O + HE+ -> HE + OH+ + H
149	H2O + HE+ -> HE + OH+ + H
150	H2O + HE+ -> HE + H2O+
151	H2O + HE+ -> HE + H2O+
152	O2 + H+ -> O2+ + H
153	O2 + HE+ -> O2+ + HE
154	O2 + HE+ -> O+ + HE + O
155	CO + HE+ -> C+ + HE + O
156	CO + HE+ -> C + HE + O+
157	CO+ + H -> CO + H+
158	C- + H+ -> C + H
159	O- + H+ -> O + H
160	HE+ + H- -> H + HE
161	H3+ + E -> H2 + H
162	H3+ + E -> H + H + H
163	CH+ + E -> C + H
164	CH2+ + E -> CH + H
165	CH2+ + E -> C + H2
166	CH2+ + E -> C + H + H
167	CH3+ + E -> CH2 + H
168	CH3+ + E -> CH + H2
169	CH3+ + E -> CH + H + H
170	OH+ + E -> O + H
171	H2O+ + E -> O + H2
172	H2O+ + E -> OH + H
173	H2O+ + E -> O + H + H
174	H3O+ + E -> OH + H + H
175	H3O+ + E -> O + H + H2
176	H3O+ + E -> H + H2O
177	H3O+ + E -> OH + H2
178	O2+ + E -> O + O
179	CO+ + E -> C + O
180	HCO+ + E -> CO + H
181	HCO+ + E -> OH + C
182	HOC+ + E -> CO + H
183	H- + C -> CH + E
184	H- + O -> OH + E
185	H- + OH -> H2O + E
186	C- + H -> CH + E
187	C- + H2 -> CH2 + E
188	C- + O -> CO + E
189	O- + H -> OH + E
190	O- + H2 -> H2O + E
191	O- + C -> CO + E
192	H2 + H+ -> H + H + H+
193	H2 + H+ -> H3+
194	C + E -> C-
195	C + H -> CH
196	C + H2 -> CH2
197	C + C -> C2
198	C + O -> CO
199	C+ + H -> CH+
200	C+ + H2 -> CH2+
201	C+ + O -> CO+
202	C+ + O -> CO+
203	O + E -> O-
204	O + H -> OH
205	O + O -> O2
206	OH + H -> H2O
207	H + H -> H2
208	CO -> CO_ice
209	CO_ice -> CO
210	H2O -> H2O_ice
211	H2O_ice -> H2O
212	CO_ice -> CO
213	H -> H+ + E
214	HE -> HE+ + E
215	HE+ -> HE++ + E
216	O -> O+ + E
217	C -> C+ + E
218	H2 -> H2+ + E
219	H- -> H + E
220	CH -> C + H
221	CH -> CH+ + E
222	C2 -> C + C
223	OH -> O + H
224	OH -> OH+ + E
225	H2O -> OH + H
226	H2O -> H2O+ + E
227	O2 -> O2+ + E
228	O2 -> O + O
229	H2 -> H+ + H + E
230	CO -> C + O
231	H2 -> H + H
232	H2+ -> H + H+
233	H3+ -> H2 + H+
234	H3+ -> H2+ + H
235	C- -> C + E
236	CH+ -> C + H+
237	CH2 -> CH + H
238	CH2 -> CH2+ + E
239	CH2+ -> CH+ + H
240	CH3+ -> CH2+ + H
241	CH3+ -> CH+ + H2
242	O- -> O + E
243	OH+ -> O + H+
244	H2O+ -> H2+ + O
245	H2O+ -> H+ + OH
246	H2O+ -> O+ + H2
247	H2O+ -> OH+ + H
248	H3O+ -> H+ + H2O
249	H3O+ -> H2+ + OH
250	H3O+ -> H2O+ + H
251	H3O+ -> OH+ + H2
252	H -> H+ + E
253	HE -> HE+ + E
254	O -> O+ + E
255	CO -> C + O
256	CO -> CO+ + E
257	C2 -> C + C
258	H2 -> H + H
259	H2 -> H+ + H-
260	H2 -> H2+ + E
261	C -> C+ + E
262	CH -> C + H
263	O2 -> O + O
264	O2 -> O2+ + E
265	OH -> O + H
266	CH2 -> CH2+ + E
267	H2O -> OH + H
268	HCO -> CO + H
269	HCO -> HCO+ + E
270	H2 -> H + H+ + E
271	C + C -> C2
272	C + C -> C2
273	C + O -> CO
274	C + O -> CO
275	C+ + O -> CO+
276	C+ + O -> CO+
277	C + O+ -> CO+
278	C + O+ -> CO+
279	H + O -> OH
280	OH + H -> H2O
281	O + O -> O2


#********************************
#list of reactions (without multiple limits)
1	H2+ + H- -> H + H2
2	CH+ -> C + H+
3	OH + OH -> H2O + O
4	O+ + E -> O
5	CO+ + H -> CO + H+
6	H2O + H -> H2 + OH
7	O -> O+ + E
8	H2 + HE -> H + H + HE
9	H2 + H + H -> H2 + H2
10	H3O+ + E -> H + H2O
11	H- + O -> OH + E
12	CO + HE+ -> C+ + HE + O
13	C + C -> C2
14	H2 + H+ -> H3+
15	O + H2+ -> H + OH+
16	C2 + O+ -> CO+ + C
17	H2O + HE+ -> HE + H2O+
18	H2O -> OH + H
19	H2O + C+ -> H2O+ + C
20	H2O+ -> H2+ + O
21	H2 + OH -> H2O + H
22	H2 + HE+ -> HE + H2+
23	CH + O -> OH + C
24	H2 + HE+ -> HE+ + H + H
25	OH+ + H2 -> H2O+ + H
26	CH2 + O -> HCO + H
27	O + E -> O+ + E + E
28	H2O_ice -> H2O
29	H2+ + H -> H2 + H+
30	H2O+ + E -> OH + H
31	H2O -> H2O_ice
32	CH3+ -> CH+ + H2
33	OH + C+ -> H + CO+
34	H- + H+ -> H2+ + E
35	HE + E -> HE+ + E + E
36	CH3+ -> CH2+ + H
37	C + HE+ -> C+ + HE
38	OH + H -> O + H2
39	CH+ + H -> C+ + H2
40	H2 -> H2+ + E
41	C + H+ -> C+ + H
42	H2 + H+ -> H2+ + H
43	OH + H -> O + H + H
44	O2 + CH2+ -> HCO+ + OH
45	CH2+ + E -> CH + H
46	CH + H+ -> CH+ + H
47	CH2 + H+ -> H + CH2+
48	H- + H+ -> H + H
49	H2+ -> H + H+
50	H- -> H + E
51	O2 + C+ -> CO+ + O
52	OH + H+ -> OH+ + H
53	OH -> OH+ + E
54	H3+ -> H2 + H+
55	HOC+ + H2 -> HCO+ + H2
56	H2O+ -> H+ + OH
57	H + H -> H2
58	HCO -> CO + H
59	H2 + HE+ -> HE + H + H+
60	H3+ -> H2+ + H
61	H + H + H -> H2 + H
62	HCO+ + C -> CO + CH+
63	H+ + E -> H
64	CH2 + HE+ -> HE + H2 + C+
65	H- + OH -> H2O + E
66	CH + O -> HCO+ + E
67	CH2+ + E -> C + H + H
68	O2 + H2 -> OH + OH
69	H3O+ -> H+ + H2O
70	H2 -> H + H
71	CH3+ + O -> HOC+ + H2
72	C+ + O -> CO+
73	C + E -> C-
74	C- + H+ -> C + H
75	C -> C+ + E
76	CH3+ + E -> CH + H2
77	H -> H+ + E
78	O2 + C -> CO + O
79	CH + O -> CO + H
80	O2+ + E -> O + O
81	H3+ + E -> H2 + H
82	HCO+ + H2O -> CO + H3O+
83	O- -> O + E
84	H2 + H -> H + H + H
85	C + H3+ -> CH+ + H2
86	CH2+ + H -> CH+ + H2
87	C + H3+ -> CH2+ + H
88	C2 + O -> CO + C
89	CO+ + E -> C + O
90	H3O+ -> H2O+ + H
91	H2+ + H2 -> H3+ + H
92	CO + HE+ -> C + HE + O+
93	H3O+ + E -> O + H + H2
94	O2 + HE+ -> O2+ + HE
95	O + HE+ -> O+ + HE
96	O- + H+ -> O + H
97	H2O+ -> OH+ + H
98	HE+ + H -> HE + H+
99	CH2 + O -> CO + H + H
100	H + H+ -> H2+
101	HE+ + E -> HE
102	C + OH -> H + CO
103	C+ + E -> C
104	CH + H -> C + H2
105	C- + H2 -> CH2 + E
106	OH + HE+ -> O+ + HE + H
107	CH2 + O -> CH + OH
108	H + E -> H+ + E + E
109	H2+ + E -> H + H
110	O2 + HE+ -> O+ + HE + O
111	H + E -> H-
112	C + H -> CH
113	CH2+ + H2 -> CH3+ + H
114	CO_ice -> CO
115	C + H2+ -> CH+ + H
116	CH2 + HE+ -> HE + H + CH+
117	H2O + H+ -> H + H2O+
118	CO + H3+ -> H2 + HOC+
119	H- + E -> H + E + E
120	CH2 + H -> CH + H2
121	C + O2+ -> O2 + C+
122	CH+ + O -> CO+ + H
123	H + O -> OH
124	CH -> C + H
125	H3O+ + E -> OH + H2
126	H3+ + E -> H + H + H
127	CH2 + H+ -> H2 + CH+
128	O2 -> O + O
129	CO -> CO_ice
130	C2 -> C + C
131	H2O+ + E -> O + H + H
132	CH3+ + O -> HCO+ + H2
133	C + H2 -> CH + H
134	CH2+ + O -> HCO+ + H
135	O2 + H+ -> O2+ + H
136	H- + H -> H + H + E
137	CH+ + H2 -> CH2+ + H
138	C + O2+ -> O + CO+
139	O- + H2 -> H2O + E
140	O2 + C+ -> CO + O+
141	O + H3+ -> H + H2O+
142	H2 + H2 -> H2 + H + H
143	C + O+ -> CO+
144	H3+ + H -> H2+ + H2
145	H3O+ + C -> HCO+ + H2
146	O+ + H2 -> H + OH+
147	H3O+ -> OH+ + H2
148	C- + H -> CH + E
149	OH + H -> H2O
150	C+ + H -> CH+
151	CO -> C + O
152	H2O+ -> O+ + H2
153	O + E -> O-
154	OH+ + E -> O + H
155	O+ + H -> O + H+
156	O- + C -> CO + E
157	H2O + C+ -> HOC+ + H
158	H3O+ + E -> OH + H + H
159	CH+ + E -> C + H
160	H + H + HE -> H2 + HE
161	H2 -> H + H+ + E
162	O2 -> O2+ + E
163	OH -> O + H
164	O2 + H -> OH + O
165	O + O -> O2
166	HCO -> HCO+ + E
167	HOC+ + CO -> HCO+ + CO
168	H- + C -> CH + E
169	O + H3+ -> H2 + OH+
170	H2 + H+ -> H + H + H+
171	CH3+ + H -> CH2+ + H2
172	CH3+ + E -> CH + H + H
173	O + H2 -> OH + H
174	H2O + HE+ -> HE + OH+ + H
175	CO -> CO+ + E
176	HE + H+ -> HE+ + H
177	C + E -> C+ + E + E
178	OH+ -> O + H+
179	H2O + HE+ -> HE + OH + H+
180	O + H+ -> O+ + H
181	OH + H3+ -> H2 + H2O+
182	CH -> CH+ + E
183	HE+ + E -> HE++ + E + E
184	C2 + HE+ -> C+ + C + HE
185	C + H2 -> CH2
186	H2O + C+ -> HCO+ + H
187	O + OH -> H + O2
188	C + O -> CO
189	HCO+ + E -> CO + H
190	CH + C -> C2 + H
191	H2 -> H+ + H + E
192	CH2 -> CH2+ + E
193	C+ + H -> C + H+
194	O- + H -> OH + E
195	HE -> HE+ + E
196	H2O+ + E -> O + H2
197	CH2+ + E -> C + H2
198	C+ + H2 -> CH+ + H
199	CH2 + O -> CO + H2
200	C- + O -> CO + E
201	HE++ + E -> HE+
202	H2O + H3+ -> H2 + H3O+
203	CO + H -> C + OH
204	CO + H3+ -> H2 + HCO+
205	HE+ + H- -> H + HE
206	HOC+ + E -> CO + H
207	HE+ -> HE++ + E
208	H2 + E -> H + H + E
209	CH3+ + E -> CH2 + H
210	CH + H2 -> CH2 + H
211	H3O+ -> H2+ + OH
212	H2O -> H2O+ + E
213	CH2+ -> CH+ + H
214	HCO+ + E -> OH + C
215	H2 -> H+ + H-
216	H- + H -> H2 + E
217	C- -> C + E
218	H2O+ + H2 -> H3O+ + H
219	O + H -> OH
220	CH2 -> CH + H
221	C+ + H2 -> CH2+


#********************************
#list of reactions (LaTeX format)
#Table columns format {llllllclllll}
 1 & H & + & e$^-$ & & & $\to$ & H$^+$ & + & e$^-$ & + & e$^-$\\
 2 & H$^+$ & + & e$^-$ & & & $\to$ & H & & & + & \\
 3 & H$^+$ & + & e$^-$ & & & $\to$ & H & & & + & \\
 4 & HE & + & e$^-$ & & & $\to$ & HE$^+$ & + & e$^-$ & + & e$^-$\\
 5 & HE$^+$ & + & e$^-$ & & & $\to$ & HE & & & + & \\
 6 & HE$^+$ & + & e$^-$ & & & $\to$ & HE & & & + & \\
 7 & HE$^+$ & + & e$^-$ & & & $\to$ & HE$^+$$^+$ & + & e$^-$ & + & e$^-$\\
 8 & HE$^+$ & + & H & & & $\to$ & HE & + & H$^+$ & + & \\
 9 & HE & + & H$^+$ & & & $\to$ & HE$^+$ & + & H & + & \\
 10 & HE & + & H$^+$ & & & $\to$ & HE$^+$ & + & H & + & \\
 11 & H$_2$ & + & HE & & & $\to$ & H & + & H & + & HE\\
 12 & H$_2$ & + & HE$^+$ & & & $\to$ & HE & + & H$_2$$^+$ & + & \\
 13 & H$_2$ & + & HE$^+$ & & & $\to$ & HE & + & H & + & H$^+$\\
 14 & H$_2$ & + & HE$^+$ & & & $\to$ & HE$^+$ & + & H & + & H\\
 15 & HE$^+$$^+$ & + & e$^-$ & & & $\to$ & HE$^+$ & & & + & \\
 16 & H & + & e$^-$ & & & $\to$ & H$^-$ & & & + & \\
 17 & H$^-$ & + & H & & & $\to$ & H$_2$ & + & e$^-$ & + & \\
 18 & H & + & H$^+$ & & & $\to$ & H$_2$$^+$ & & & + & \\
 19 & H & + & H$^+$ & & & $\to$ & H$_2$$^+$ & & & + & \\
 20 & H$_2$$^+$ & + & H & & & $\to$ & H$_2$ & + & H$^+$ & + & \\
 21 & H$_2$ & + & H$^+$ & & & $\to$ & H$_2$$^+$ & + & H & + & \\
 22 & H$_2$ & + & e$^-$ & & & $\to$ & H & + & H & + & e$^-$\\
 23 & H$_2$ & + & H & & & $\to$ & H & + & H & + & H\\
 24 & H$^-$ & + & e$^-$ & & & $\to$ & H & + & e$^-$ & + & e$^-$\\
 25 & H$^-$ & + & H & & & $\to$ & H & + & H & + & e$^-$\\
 26 & H$^-$ & + & H & & & $\to$ & H & + & H & + & e$^-$\\
 27 & H$^-$ & + & H$^+$ & & & $\to$ & H & + & H & + & \\
 28 & H$^-$ & + & H$^+$ & & & $\to$ & H$_2$$^+$ & + & e$^-$ & + & \\
 29 & H$_2$$^+$ & + & e$^-$ & & & $\to$ & H & + & H & + & \\
 30 & H$_2$$^+$ & + & e$^-$ & & & $\to$ & H & + & H & + & \\
 31 & H$_2$$^+$ & + & H$^-$ & & & $\to$ & H & + & H$_2$ & + & \\
 32 & H$_2$ & + & H$_2$ & & & $\to$ & H$_2$ & + & H & + & H\\
 33 & H & + & H & + & HE & $\to$ & H$_2$ & + & HE & + & \\
 34 & H & + & H & + & H & $\to$ & H$_2$ & + & H & + & \\
 35 & H$_2$ & + & H & + & H & $\to$ & H$_2$ & + & H$_2$ & + & \\
 36 & C$^+$ & + & e$^-$ & & & $\to$ & C & & & + & \\
 37 & C$^+$ & + & e$^-$ & & & $\to$ & C & & & + & \\
 38 & C$^+$ & + & e$^-$ & & & $\to$ & C & & & + & \\
 39 & O$^+$ & + & e$^-$ & & & $\to$ & O & & & + & \\
 40 & O$^+$ & + & e$^-$ & & & $\to$ & O & & & + & \\
 41 & C & + & e$^-$ & & & $\to$ & C$^+$ & + & e$^-$ & + & e$^-$\\
 42 & O & + & e$^-$ & & & $\to$ & O$^+$ & + & e$^-$ & + & e$^-$\\
 43 & O$^+$ & + & H & & & $\to$ & O & + & H$^+$ & + & \\
 44 & O & + & H$^+$ & & & $\to$ & O$^+$ & + & H & + & \\
 45 & O & + & HE$^+$ & & & $\to$ & O$^+$ & + & HE & + & \\
 46 & C & + & H$^+$ & & & $\to$ & C$^+$ & + & H & + & \\
 47 & C$^+$ & + & H & & & $\to$ & C & + & H$^+$ & + & \\
 48 & C & + & HE$^+$ & & & $\to$ & C$^+$ & + & HE & + & \\
 49 & C & + & HE$^+$ & & & $\to$ & C$^+$ & + & HE & + & \\
 50 & C & + & HE$^+$ & & & $\to$ & C$^+$ & + & HE & + & \\
 51 & OH & + & H & & & $\to$ & O & + & H & + & H\\
 52 & HOC$^+$ & + & H$_2$ & & & $\to$ & HCO$^+$ & + & H$_2$ & + & \\
 53 & HOC$^+$ & + & CO & & & $\to$ & HCO$^+$ & + & CO & + & \\
 54 & HOC$^+$ & + & CO & & & $\to$ & HCO$^+$ & + & CO & + & \\
 55 & C & + & H$_2$ & & & $\to$ & CH & + & H & + & \\
 56 & CH & + & H & & & $\to$ & C & + & H$_2$ & + & \\
 57 & CH & + & H$_2$ & & & $\to$ & CH$_2$ & + & H & + & \\
 58 & CH & + & C & & & $\to$ & C$_2$ & + & H & + & \\
 59 & CH & + & O & & & $\to$ & CO & + & H & + & \\
 60 & CH & + & O & & & $\to$ & HCO$^+$ & + & e$^-$ & + & \\
 61 & CH & + & O & & & $\to$ & OH & + & C & + & \\
 62 & CH$_2$ & + & H & & & $\to$ & CH & + & H$_2$ & + & \\
 63 & CH$_2$ & + & O & & & $\to$ & CO & + & H & + & H\\
 64 & CH$_2$ & + & O & & & $\to$ & CO & + & H$_2$ & + & \\
 65 & CH$_2$ & + & O & & & $\to$ & HCO & + & H & + & \\
 66 & CH$_2$ & + & O & & & $\to$ & CH & + & OH & + & \\
 67 & C$_2$ & + & O & & & $\to$ & CO & + & C & + & \\
 68 & C$_2$ & + & O & & & $\to$ & CO & + & C & + & \\
 69 & O & + & H$_2$ & & & $\to$ & OH & + & H & + & \\
 70 & OH & + & H & & & $\to$ & O & + & H$_2$ & + & \\
 71 & OH & + & H & & & $\to$ & O & + & H$_2$ & + & \\
 72 & H$_2$ & + & OH & & & $\to$ & H$_2$O & + & H & + & \\
 73 & C & + & OH & & & $\to$ & H & + & CO & + & \\
 74 & C & + & OH & & & $\to$ & H & + & CO & + & \\
 75 & O & + & OH & & & $\to$ & H & + & O$_2$ & + & \\
 76 & O & + & OH & & & $\to$ & H & + & O$_2$ & + & \\
 77 & OH & + & OH & & & $\to$ & H$_2$O & + & O & + & \\
 78 & H$_2$O & + & H & & & $\to$ & H$_2$ & + & OH & + & \\
 79 & O$_2$ & + & H & & & $\to$ & OH & + & O & + & \\
 80 & O$_2$ & + & H$_2$ & & & $\to$ & OH & + & OH & + & \\
 81 & O$_2$ & + & C & & & $\to$ & CO & + & O & + & \\
 82 & O$_2$ & + & C & & & $\to$ & CO & + & O & + & \\
 83 & CO & + & H & & & $\to$ & C & + & OH & + & \\
 84 & H$_2$$^+$ & + & H$_2$ & & & $\to$ & H$_3$$^+$ & + & H & + & \\
 85 & H$_3$$^+$ & + & H & & & $\to$ & H$_2$$^+$ & + & H$_2$ & + & \\
 86 & C & + & H$_2$$^+$ & & & $\to$ & CH$^+$ & + & H & + & \\
 87 & C & + & H$_3$$^+$ & & & $\to$ & CH$^+$ & + & H$_2$ & + & \\
 88 & C & + & H$_3$$^+$ & & & $\to$ & CH$_2$$^+$ & + & H & + & \\
 89 & C$^+$ & + & H$_2$ & & & $\to$ & CH$^+$ & + & H & + & \\
 90 & CH$^+$ & + & H & & & $\to$ & C$^+$ & + & H$_2$ & + & \\
 91 & CH$^+$ & + & H$_2$ & & & $\to$ & CH$_2$$^+$ & + & H & + & \\
 92 & CH$^+$ & + & O & & & $\to$ & CO$^+$ & + & H & + & \\
 93 & CH$_2$$^+$ & + & H & & & $\to$ & CH$^+$ & + & H$_2$ & + & \\
 94 & CH$_2$$^+$ & + & H$_2$ & & & $\to$ & CH$_3$$^+$ & + & H & + & \\
 95 & CH$_2$$^+$ & + & O & & & $\to$ & HCO$^+$ & + & H & + & \\
 96 & CH$_3$$^+$ & + & H & & & $\to$ & CH$_2$$^+$ & + & H$_2$ & + & \\
 97 & CH$_3$$^+$ & + & O & & & $\to$ & HOC$^+$ & + & H$_2$ & + & \\
 98 & CH$_3$$^+$ & + & O & & & $\to$ & HCO$^+$ & + & H$_2$ & + & \\
 99 & C$_2$ & + & O$^+$ & & & $\to$ & CO$^+$ & + & C & + & \\
 100 & O$^+$ & + & H$_2$ & & & $\to$ & H & + & OH$^+$ & + & \\
 101 & O & + & H$_2$$^+$ & & & $\to$ & H & + & OH$^+$ & + & \\
 102 & O & + & H$_3$$^+$ & & & $\to$ & H$_2$ & + & OH$^+$ & + & \\
 103 & O & + & H$_3$$^+$ & & & $\to$ & H & + & H$_2$O$^+$ & + & \\
 104 & OH & + & H$_3$$^+$ & & & $\to$ & H$_2$ & + & H$_2$O$^+$ & + & \\
 105 & OH & + & H$_3$$^+$ & & & $\to$ & H$_2$ & + & H$_2$O$^+$ & + & \\
 106 & OH & + & C$^+$ & & & $\to$ & H & + & CO$^+$ & + & \\
 107 & OH & + & C$^+$ & & & $\to$ & H & + & CO$^+$ & + & \\
 108 & OH$^+$ & + & H$_2$ & & & $\to$ & H$_2$O$^+$ & + & H & + & \\
 109 & H$_2$O$^+$ & + & H$_2$ & & & $\to$ & H$_3$O$^+$ & + & H & + & \\
 110 & H$_2$O & + & H$_3$$^+$ & & & $\to$ & H$_2$ & + & H$_3$O$^+$ & + & \\
 111 & H$_2$O & + & H$_3$$^+$ & & & $\to$ & H$_2$ & + & H$_3$O$^+$ & + & \\
 112 & H$_2$O & + & C$^+$ & & & $\to$ & HOC$^+$ & + & H & + & \\
 113 & H$_2$O & + & C$^+$ & & & $\to$ & HCO$^+$ & + & H & + & \\
 114 & H$_2$O & + & C$^+$ & & & $\to$ & HCO$^+$ & + & H & + & \\
 115 & H$_2$O & + & C$^+$ & & & $\to$ & H$_2$O$^+$ & + & C & + & \\
 116 & H$_3$O$^+$ & + & C & & & $\to$ & HCO$^+$ & + & H$_2$ & + & \\
 117 & O$_2$ & + & C$^+$ & & & $\to$ & CO$^+$ & + & O & + & \\
 118 & O$_2$ & + & C$^+$ & & & $\to$ & CO & + & O$^+$ & + & \\
 119 & O$_2$ & + & CH$_2$$^+$ & & & $\to$ & HCO$^+$ & + & OH & + & \\
 120 & C & + & O$_2$$^+$ & & & $\to$ & O & + & CO$^+$ & + & \\
 121 & C & + & O$_2$$^+$ & & & $\to$ & O$_2$ & + & C$^+$ & + & \\
 122 & CO & + & H$_3$$^+$ & & & $\to$ & H$_2$ & + & HCO$^+$ & + & \\
 123 & CO & + & H$_3$$^+$ & & & $\to$ & H$_2$ & + & HCO$^+$ & + & \\
 124 & CO & + & H$_3$$^+$ & & & $\to$ & H$_2$ & + & HOC$^+$ & + & \\
 125 & CO & + & H$_3$$^+$ & & & $\to$ & H$_2$ & + & HOC$^+$ & + & \\
 126 & HCO$^+$ & + & C & & & $\to$ & CO & + & CH$^+$ & + & \\
 127 & HCO$^+$ & + & H$_2$O & & & $\to$ & CO & + & H$_3$O$^+$ & + & \\
 128 & HCO$^+$ & + & H$_2$O & & & $\to$ & CO & + & H$_3$O$^+$ & + & \\
 129 & CH & + & H$^+$ & & & $\to$ & CH$^+$ & + & H & + & \\
 130 & CH & + & H$^+$ & & & $\to$ & CH$^+$ & + & H & + & \\
 131 & CH$_2$ & + & H$^+$ & & & $\to$ & H$_2$ & + & CH$^+$ & + & \\
 132 & CH$_2$ & + & H$^+$ & & & $\to$ & H$_2$ & + & CH$^+$ & + & \\
 133 & CH$_2$ & + & H$^+$ & & & $\to$ & H & + & CH$_2$$^+$ & + & \\
 134 & CH$_2$ & + & H$^+$ & & & $\to$ & H & + & CH$_2$$^+$ & + & \\
 135 & CH$_2$ & + & HE$^+$ & & & $\to$ & HE & + & H$_2$ & + & C$^+$\\
 136 & CH$_2$ & + & HE$^+$ & & & $\to$ & HE & + & H$_2$ & + & C$^+$\\
 137 & CH$_2$ & + & HE$^+$ & & & $\to$ & HE & + & H & + & CH$^+$\\
 138 & CH$_2$ & + & HE$^+$ & & & $\to$ & HE & + & H & + & CH$^+$\\
 139 & C$_2$ & + & HE$^+$ & & & $\to$ & C$^+$ & + & C & + & HE\\
 140 & OH & + & H$^+$ & & & $\to$ & OH$^+$ & + & H & + & \\
 141 & OH & + & H$^+$ & & & $\to$ & OH$^+$ & + & H & + & \\
 142 & OH & + & HE$^+$ & & & $\to$ & O$^+$ & + & HE & + & H\\
 143 & OH & + & HE$^+$ & & & $\to$ & O$^+$ & + & HE & + & H\\
 144 & H$_2$O & + & H$^+$ & & & $\to$ & H & + & H$_2$O$^+$ & + & \\
 145 & H$_2$O & + & H$^+$ & & & $\to$ & H & + & H$_2$O$^+$ & + & \\
 146 & H$_2$O & + & HE$^+$ & & & $\to$ & HE & + & OH & + & H$^+$\\
 147 & H$_2$O & + & HE$^+$ & & & $\to$ & HE & + & OH & + & H$^+$\\
 148 & H$_2$O & + & HE$^+$ & & & $\to$ & HE & + & OH$^+$ & + & H\\
 149 & H$_2$O & + & HE$^+$ & & & $\to$ & HE & + & OH$^+$ & + & H\\
 150 & H$_2$O & + & HE$^+$ & & & $\to$ & HE & + & H$_2$O$^+$ & + & \\
 151 & H$_2$O & + & HE$^+$ & & & $\to$ & HE & + & H$_2$O$^+$ & + & \\
 152 & O$_2$ & + & H$^+$ & & & $\to$ & O$_2$$^+$ & + & H & + & \\
 153 & O$_2$ & + & HE$^+$ & & & $\to$ & O$_2$$^+$ & + & HE & + & \\
 154 & O$_2$ & + & HE$^+$ & & & $\to$ & O$^+$ & + & HE & + & O\\
 155 & CO & + & HE$^+$ & & & $\to$ & C$^+$ & + & HE & + & O\\
 156 & CO & + & HE$^+$ & & & $\to$ & C & + & HE & + & O$^+$\\
 157 & CO$^+$ & + & H & & & $\to$ & CO & + & H$^+$ & + & \\
 158 & C$^-$ & + & H$^+$ & & & $\to$ & C & + & H & + & \\
 159 & O$^-$ & + & H$^+$ & & & $\to$ & O & + & H & + & \\
 160 & HE$^+$ & + & H$^-$ & & & $\to$ & H & + & HE & + & \\
 161 & H$_3$$^+$ & + & e$^-$ & & & $\to$ & H$_2$ & + & H & + & \\
 162 & H$_3$$^+$ & + & e$^-$ & & & $\to$ & H & + & H & + & H\\
 163 & CH$^+$ & + & e$^-$ & & & $\to$ & C & + & H & + & \\
 164 & CH$_2$$^+$ & + & e$^-$ & & & $\to$ & CH & + & H & + & \\
 165 & CH$_2$$^+$ & + & e$^-$ & & & $\to$ & C & + & H$_2$ & + & \\
 166 & CH$_2$$^+$ & + & e$^-$ & & & $\to$ & C & + & H & + & H\\
 167 & CH$_3$$^+$ & + & e$^-$ & & & $\to$ & CH$_2$ & + & H & + & \\
 168 & CH$_3$$^+$ & + & e$^-$ & & & $\to$ & CH & + & H$_2$ & + & \\
 169 & CH$_3$$^+$ & + & e$^-$ & & & $\to$ & CH & + & H & + & H\\
 170 & OH$^+$ & + & e$^-$ & & & $\to$ & O & + & H & + & \\
 171 & H$_2$O$^+$ & + & e$^-$ & & & $\to$ & O & + & H$_2$ & + & \\
 172 & H$_2$O$^+$ & + & e$^-$ & & & $\to$ & OH & + & H & + & \\
 173 & H$_2$O$^+$ & + & e$^-$ & & & $\to$ & O & + & H & + & H\\
 174 & H$_3$O$^+$ & + & e$^-$ & & & $\to$ & OH & + & H & + & H\\
 175 & H$_3$O$^+$ & + & e$^-$ & & & $\to$ & O & + & H & + & H$_2$\\
 176 & H$_3$O$^+$ & + & e$^-$ & & & $\to$ & H & + & H$_2$O & + & \\
 177 & H$_3$O$^+$ & + & e$^-$ & & & $\to$ & OH & + & H$_2$ & + & \\
 178 & O$_2$$^+$ & + & e$^-$ & & & $\to$ & O & + & O & + & \\
 179 & CO$^+$ & + & e$^-$ & & & $\to$ & C & + & O & + & \\
 180 & HCO$^+$ & + & e$^-$ & & & $\to$ & CO & + & H & + & \\
 181 & HCO$^+$ & + & e$^-$ & & & $\to$ & OH & + & C & + & \\
 182 & HOC$^+$ & + & e$^-$ & & & $\to$ & CO & + & H & + & \\
 183 & H$^-$ & + & C & & & $\to$ & CH & + & e$^-$ & + & \\
 184 & H$^-$ & + & O & & & $\to$ & OH & + & e$^-$ & + & \\
 185 & H$^-$ & + & OH & & & $\to$ & H$_2$O & + & e$^-$ & + & \\
 186 & C$^-$ & + & H & & & $\to$ & CH & + & e$^-$ & + & \\
 187 & C$^-$ & + & H$_2$ & & & $\to$ & CH$_2$ & + & e$^-$ & + & \\
 188 & C$^-$ & + & O & & & $\to$ & CO & + & e$^-$ & + & \\
 189 & O$^-$ & + & H & & & $\to$ & OH & + & e$^-$ & + & \\
 190 & O$^-$ & + & H$_2$ & & & $\to$ & H$_2$O & + & e$^-$ & + & \\
 191 & O$^-$ & + & C & & & $\to$ & CO & + & e$^-$ & + & \\
 192 & H$_2$ & + & H$^+$ & & & $\to$ & H & + & H & + & H$^+$\\
 193 & H$_2$ & + & H$^+$ & & & $\to$ & H$_3$$^+$ & & & + & \\
 194 & C & + & e$^-$ & & & $\to$ & C$^-$ & & & + & \\
 195 & C & + & H & & & $\to$ & CH & & & + & \\
 196 & C & + & H$_2$ & & & $\to$ & CH$_2$ & & & + & \\
 197 & C & + & C & & & $\to$ & C$_2$ & & & + & \\
 198 & C & + & O & & & $\to$ & CO & & & + & \\
 199 & C$^+$ & + & H & & & $\to$ & CH$^+$ & & & + & \\
 200 & C$^+$ & + & H$_2$ & & & $\to$ & CH$_2$$^+$ & & & + & \\
 201 & C$^+$ & + & O & & & $\to$ & CO$^+$ & & & + & \\
 202 & C$^+$ & + & O & & & $\to$ & CO$^+$ & & & + & \\
 203 & O & + & e$^-$ & & & $\to$ & O$^-$ & & & + & \\
 204 & O & + & H & & & $\to$ & OH & & & + & \\
 205 & O & + & O & & & $\to$ & O$_2$ & & & + & \\
 206 & OH & + & H & & & $\to$ & H$_2$O & & & + & \\
 207 & H & + & H & & & $\to$ & H$_2$ & & & + & \\
 208 &  & & & + &  & $\to$ &  & & & + & \\
 209 &  & & & + &  & $\to$ &  & & & + & \\
 210 &  & & & + &  & $\to$ &  & & & + & \\
 211 &  & & & + &  & $\to$ &  & & & + & \\
 212 &  & & & + &  & $\to$ &  & & & + & \\
 213 & H & & & + &  & $\to$ & H$^+$ & + & e$^-$ & + & \\
 214 & HE & & & + &  & $\to$ & HE$^+$ & + & e$^-$ & + & \\
 215 & HE$^+$ & & & + &  & $\to$ & HE$^+$$^+$ & + & e$^-$ & + & \\
 216 & O & & & + &  & $\to$ & O$^+$ & + & e$^-$ & + & \\
 217 & C & & & + &  & $\to$ & C$^+$ & + & e$^-$ & + & \\
 218 & H$_2$ & & & + &  & $\to$ & H$_2$$^+$ & + & e$^-$ & + & \\
 219 & H$^-$ & & & + &  & $\to$ & H & + & e$^-$ & + & \\
 220 & CH & & & + &  & $\to$ & C & + & H & + & \\
 221 & CH & & & + &  & $\to$ & CH$^+$ & + & e$^-$ & + & \\
 222 & C$_2$ & & & + &  & $\to$ & C & + & C & + & \\
 223 & OH & & & + &  & $\to$ & O & + & H & + & \\
 224 & OH & & & + &  & $\to$ & OH$^+$ & + & e$^-$ & + & \\
 225 & H$_2$O & & & + &  & $\to$ & OH & + & H & + & \\
 226 & H$_2$O & & & + &  & $\to$ & H$_2$O$^+$ & + & e$^-$ & + & \\
 227 & O$_2$ & & & + &  & $\to$ & O$_2$$^+$ & + & e$^-$ & + & \\
 228 & O$_2$ & & & + &  & $\to$ & O & + & O & + & \\
 229 & H$_2$ & & & + &  & $\to$ & H$^+$ & + & H & + & e$^-$\\
 230 & CO & & & + &  & $\to$ & C & + & O & + & \\
 231 & H$_2$ & & & + &  & $\to$ & H & + & H & + & \\
 232 & H$_2$$^+$ & & & + &  & $\to$ & H & + & H$^+$ & + & \\
 233 & H$_3$$^+$ & & & + &  & $\to$ & H$_2$ & + & H$^+$ & + & \\
 234 & H$_3$$^+$ & & & + &  & $\to$ & H$_2$$^+$ & + & H & + & \\
 235 & C$^-$ & & & + &  & $\to$ & C & + & e$^-$ & + & \\
 236 & CH$^+$ & & & + &  & $\to$ & C & + & H$^+$ & + & \\
 237 & CH$_2$ & & & + &  & $\to$ & CH & + & H & + & \\
 238 & CH$_2$ & & & + &  & $\to$ & CH$_2$$^+$ & + & e$^-$ & + & \\
 239 & CH$_2$$^+$ & & & + &  & $\to$ & CH$^+$ & + & H & + & \\
 240 & CH$_3$$^+$ & & & + &  & $\to$ & CH$_2$$^+$ & + & H & + & \\
 241 & CH$_3$$^+$ & & & + &  & $\to$ & CH$^+$ & + & H$_2$ & + & \\
 242 & O$^-$ & & & + &  & $\to$ & O & + & e$^-$ & + & \\
 243 & OH$^+$ & & & + &  & $\to$ & O & + & H$^+$ & + & \\
 244 & H$_2$O$^+$ & & & + &  & $\to$ & H$_2$$^+$ & + & O & + & \\
 245 & H$_2$O$^+$ & & & + &  & $\to$ & H$^+$ & + & OH & + & \\
 246 & H$_2$O$^+$ & & & + &  & $\to$ & O$^+$ & + & H$_2$ & + & \\
 247 & H$_2$O$^+$ & & & + &  & $\to$ & OH$^+$ & + & H & + & \\
 248 & H$_3$O$^+$ & & & + &  & $\to$ & H$^+$ & + & H$_2$O & + & \\
 249 & H$_3$O$^+$ & & & + &  & $\to$ & H$_2$$^+$ & + & OH & + & \\
 250 & H$_3$O$^+$ & & & + &  & $\to$ & H$_2$O$^+$ & + & H & + & \\
 251 & H$_3$O$^+$ & & & + &  & $\to$ & OH$^+$ & + & H$_2$ & + & \\
 252 & H & & & + &  & $\to$ & H$^+$ & + & e$^-$ & + & \\
 253 & HE & & & + &  & $\to$ & HE$^+$ & + & e$^-$ & + & \\
 254 & O & & & + &  & $\to$ & O$^+$ & + & e$^-$ & + & \\
 255 & CO & & & + &  & $\to$ & C & + & O & + & \\
 256 & CO & & & + &  & $\to$ & CO$^+$ & + & e$^-$ & + & \\
 257 & C$_2$ & & & + &  & $\to$ & C & + & C & + & \\
 258 & H$_2$ & & & + &  & $\to$ & H & + & H & + & \\
 259 & H$_2$ & & & + &  & $\to$ & H$^+$ & + & H$^-$ & + & \\
 260 & H$_2$ & & & + &  & $\to$ & H$_2$$^+$ & + & e$^-$ & + & \\
 261 & C & & & + &  & $\to$ & C$^+$ & + & e$^-$ & + & \\
 262 & CH & & & + &  & $\to$ & C & + & H & + & \\
 263 & O$_2$ & & & + &  & $\to$ & O & + & O & + & \\
 264 & O$_2$ & & & + &  & $\to$ & O$_2$$^+$ & + & e$^-$ & + & \\
 265 & OH & & & + &  & $\to$ & O & + & H & + & \\
 266 & CH$_2$ & & & + &  & $\to$ & CH$_2$$^+$ & + & e$^-$ & + & \\
 267 & H$_2$O & & & + &  & $\to$ & OH & + & H & + & \\
 268 & HCO & & & + &  & $\to$ & CO & + & H & + & \\
 269 & HCO & & & + &  & $\to$ & HCO$^+$ & + & e$^-$ & + & \\
 270 & H$_2$ & & & + &  & $\to$ & H & + & H$^+$ & + & e$^-$\\
 271 & C & + & C & & & $\to$ & C$_2$ & & & + & \\
 272 & C & + & C & & & $\to$ & C$_2$ & & & + & \\
 273 & C & + & O & & & $\to$ & CO & & & + & \\
 274 & C & + & O & & & $\to$ & CO & & & + & \\
 275 & C$^+$ & + & O & & & $\to$ & CO$^+$ & & & + & \\
 276 & C$^+$ & + & O & & & $\to$ & CO$^+$ & & & + & \\
 277 & C & + & O$^+$ & & & $\to$ & CO$^+$ & & & + & \\
 278 & C & + & O$^+$ & & & $\to$ & CO$^+$ & & & + & \\
 279 & H & + & O & & & $\to$ & OH & & & + & \\
 280 & OH & + & H & & & $\to$ & H$_2$O & & & + & \\
 281 & O & + & O & & & $\to$ & O$_2$ & & & + & \\
