#This file contains index list and other info


#********************************
# Species list with their indexes
1	E	krome_idx_E
2	H-	krome_idx_Hk
3	C-	krome_idx_Ck
4	O-	krome_idx_Ok
5	H	krome_idx_H
6	HE	krome_idx_HE
7	H2	krome_idx_H2
8	C	krome_idx_C
9	O	krome_idx_O
10	OH	krome_idx_OH
11	CO	krome_idx_CO
12	CH	krome_idx_CH
13	CH2	krome_idx_CH2
14	C2	krome_idx_C2
15	HCO	krome_idx_HCO
16	H2O	krome_idx_H2O
17	O2	krome_idx_O2
18	CO_total	krome_idx_CO_total
19	H2O_total	krome_idx_H2O_total
20	H+	krome_idx_Hj
21	HE+	krome_idx_HEj
22	H2+	krome_idx_H2j
23	C+	krome_idx_Cj
24	O+	krome_idx_Oj
25	HOC+	krome_idx_HOCj
26	HCO+	krome_idx_HCOj
27	H3+	krome_idx_H3j
28	CH+	krome_idx_CHj
29	CH2+	krome_idx_CH2j
30	CO+	krome_idx_COj
31	CH3+	krome_idx_CH3j
32	OH+	krome_idx_OHj
33	H2O+	krome_idx_H2Oj
34	H3O+	krome_idx_H3Oj
35	O2+	krome_idx_O2j
36	HE++	krome_idx_HEjj
37	CR	krome_idx_CR
38	g	krome_idx_g
39	Tgas	krome_idx_Tgas
40	dummy	krome_idx_dummy

#Note: the first 36 variables above should be used
# as framework code passive scalars, while the last 4
# are employed inside KROME.


#********************************
# Species in a Python list of strings
["E", "H-", "C-", "O-", "H", "HE", "H2", "C", "O", "OH", \
 "CO", "CH", "CH2", "C2", "HCO", "H2O", "O2", "CO_total", "H2O_total", "H+", \
 "HE+", "H2+", "C+", "O+", "HOC+", "HCO+", "H3+", "CH+", "CH2+", "CO+", \
 "CH3+", "OH+", "H2O+", "H3O+", "O2+", "HE++", "CR", "g", "Tgas", "dummy", \
 ]


#********************************
#useful parameters
krome_nrea           = 282  !number of reactions
krome_nmols          = 36   !number of chemical species
krome_nspec          = 40   !number of species including Tgas,CR,...
krome_ndust          = 0    !number of dust bins (total)
krome_ndustTypes     = 0    !number of dust types
krome_nPhotoBins     = 7    !number of radiation bins
krome_nPhotoRates    = 17   !number of photochemical reactions


#********************************
#list of reactions (including with multiple limits)
1	H + E -> H+ + E + E
2	H+ + E -> H
3	H+ + E -> H
4	HE + E -> HE+ + E + E
5	HE+ + E -> HE
6	HE+ + E -> HE
7	HE+ + E -> HE++ + E + E
8	HE+ + H -> HE + H+
9	HE + H+ -> HE+ + H
10	HE + H+ -> HE+ + H
11	H2 + HE -> H + H + HE
12	H2 + HE+ -> HE + H2+
13	H2 + HE+ -> HE + H + H+
14	H2 + HE+ -> HE+ + H + H
15	HE++ + E -> HE+
16	H + E -> H-
17	H- + H -> H2 + E
18	H + H+ -> H2+
19	H + H+ -> H2+
20	H2+ + H -> H2 + H+
21	H2 + H+ -> H2+ + H
22	H2 + H+ -> H2+ + H
23	H2 + E -> H + H + E
24	H2 + H -> H + H + H
25	H- + E -> H + E + E
26	H- + H -> H + H + E
27	H- + H -> H + H + E
28	H- + H+ -> H + H
29	H- + H+ -> H2+ + E
30	H2+ + E -> H + H
31	H2+ + E -> H + H
32	H2+ + H- -> H + H2
33	H2 + H2 -> H2 + H + H
34	H + H + HE -> H2 + HE
35	H + H + H -> H2 + H
36	H2 + H + H -> H2 + H2
37	C+ + E -> C
38	C+ + E -> C
39	C+ + E -> C
40	O+ + E -> O
41	O+ + E -> O
42	C + E -> C+ + E + E
43	O + E -> O+ + E + E
44	O+ + H -> O + H+
45	O + H+ -> O+ + H
46	O + HE+ -> O+ + HE
47	C + H+ -> C+ + H
48	C+ + H -> C + H+
49	C + HE+ -> C+ + HE
50	C + HE+ -> C+ + HE
51	C + HE+ -> C+ + HE
52	OH + H -> O + H + H
53	HOC+ + H2 -> HCO+ + H2
54	HOC+ + CO -> HCO+ + CO
55	HOC+ + CO -> HCO+ + CO
56	C + H2 -> CH + H
57	CH + H -> C + H2
58	CH + H2 -> CH2 + H
59	CH + C -> C2 + H
60	CH + O -> CO + H
61	CH + O -> HCO+ + E
62	CH + O -> OH + C
63	CH2 + H -> CH + H2
64	CH2 + O -> CO + H + H
65	CH2 + O -> CO + H2
66	CH2 + O -> HCO + H
67	CH2 + O -> CH + OH
68	C2 + O -> CO + C
69	C2 + O -> CO + C
70	O + H2 -> OH + H
71	OH + H -> O + H2
72	OH + H -> O + H2
73	H2 + OH -> H2O + H
74	C + OH -> H + CO
75	C + OH -> H + CO
76	O + OH -> H + O2
77	O + OH -> H + O2
78	OH + OH -> H2O + O
79	H2O + H -> H2 + OH
80	O2 + H -> OH + O
81	O2 + H2 -> OH + OH
82	O2 + C -> CO + O
83	O2 + C -> CO + O
84	CO + H -> C + OH
85	H2+ + H2 -> H3+ + H
86	H3+ + H -> H2+ + H2
87	C + H2+ -> CH+ + H
88	C + H3+ -> CH+ + H2
89	C + H3+ -> CH2+ + H
90	C+ + H2 -> CH+ + H
91	CH+ + H -> C+ + H2
92	CH+ + H2 -> CH2+ + H
93	CH+ + O -> CO+ + H
94	CH2+ + H -> CH+ + H2
95	CH2+ + H2 -> CH3+ + H
96	CH2+ + O -> HCO+ + H
97	CH3+ + H -> CH2+ + H2
98	CH3+ + O -> HOC+ + H2
99	CH3+ + O -> HCO+ + H2
100	C2 + O+ -> CO+ + C
101	O+ + H2 -> H + OH+
102	O + H2+ -> H + OH+
103	O + H3+ -> H2 + OH+
104	O + H3+ -> H + H2O+
105	OH + H3+ -> H2 + H2O+
106	OH + H3+ -> H2 + H2O+
107	OH + C+ -> H + CO+
108	OH + C+ -> H + CO+
109	OH+ + H2 -> H2O+ + H
110	H2O+ + H2 -> H3O+ + H
111	H2O + H3+ -> H2 + H3O+
112	H2O + H3+ -> H2 + H3O+
113	H2O + C+ -> HOC+ + H
114	H2O + C+ -> HCO+ + H
115	H2O + C+ -> HCO+ + H
116	H2O + C+ -> H2O+ + C
117	H3O+ + C -> HCO+ + H2
118	O2 + C+ -> CO+ + O
119	O2 + C+ -> CO + O+
120	O2 + CH2+ -> HCO+ + OH
121	C + O2+ -> O + CO+
122	C + O2+ -> O2 + C+
123	CO + H3+ -> H2 + HCO+
124	CO + H3+ -> H2 + HCO+
125	CO + H3+ -> H2 + HOC+
126	CO + H3+ -> H2 + HOC+
127	HCO+ + C -> CO + CH+
128	HCO+ + H2O -> CO + H3O+
129	HCO+ + H2O -> CO + H3O+
130	CH + H+ -> CH+ + H
131	CH + H+ -> CH+ + H
132	CH2 + H+ -> H2 + CH+
133	CH2 + H+ -> H2 + CH+
134	CH2 + H+ -> H + CH2+
135	CH2 + H+ -> H + CH2+
136	CH2 + HE+ -> HE + H2 + C+
137	CH2 + HE+ -> HE + H2 + C+
138	CH2 + HE+ -> HE + H + CH+
139	CH2 + HE+ -> HE + H + CH+
140	C2 + HE+ -> C+ + C + HE
141	OH + H+ -> OH+ + H
142	OH + H+ -> OH+ + H
143	OH + HE+ -> O+ + HE + H
144	OH + HE+ -> O+ + HE + H
145	H2O + H+ -> H + H2O+
146	H2O + H+ -> H + H2O+
147	H2O + HE+ -> HE + OH + H+
148	H2O + HE+ -> HE + OH + H+
149	H2O + HE+ -> HE + OH+ + H
150	H2O + HE+ -> HE + OH+ + H
151	H2O + HE+ -> HE + H2O+
152	H2O + HE+ -> HE + H2O+
153	O2 + H+ -> O2+ + H
154	O2 + HE+ -> O2+ + HE
155	O2 + HE+ -> O+ + HE + O
156	CO + HE+ -> C+ + HE + O
157	CO + HE+ -> C + HE + O+
158	CO+ + H -> CO + H+
159	C- + H+ -> C + H
160	O- + H+ -> O + H
161	HE+ + H- -> H + HE
162	H3+ + E -> H2 + H
163	H3+ + E -> H + H + H
164	CH+ + E -> C + H
165	CH2+ + E -> CH + H
166	CH2+ + E -> C + H2
167	CH2+ + E -> C + H + H
168	CH3+ + E -> CH2 + H
169	CH3+ + E -> CH + H2
170	CH3+ + E -> CH + H + H
171	OH+ + E -> O + H
172	H2O+ + E -> O + H2
173	H2O+ + E -> OH + H
174	H2O+ + E -> O + H + H
175	H3O+ + E -> OH + H + H
176	H3O+ + E -> O + H + H2
177	H3O+ + E -> H + H2O
178	H3O+ + E -> OH + H2
179	O2+ + E -> O + O
180	CO+ + E -> C + O
181	HCO+ + E -> CO + H
182	HCO+ + E -> OH + C
183	HOC+ + E -> CO + H
184	H- + C -> CH + E
185	H- + O -> OH + E
186	H- + OH -> H2O + E
187	C- + H -> CH + E
188	C- + H2 -> CH2 + E
189	C- + O -> CO + E
190	O- + H -> OH + E
191	O- + H2 -> H2O + E
192	O- + C -> CO + E
193	H2 + H+ -> H + H + H+
194	H2 + H+ -> H3+
195	C + E -> C-
196	C + H -> CH
197	C + H2 -> CH2
198	C + C -> C2
199	C + O -> CO
200	C+ + H -> CH+
201	C+ + H2 -> CH2+
202	C+ + O -> CO+
203	C+ + O -> CO+
204	O + E -> O-
205	O + H -> OH
206	O + O -> O2
207	OH + H -> H2O
208	H + H -> H2
209	CO -> CO_ice
210	CO_ice -> CO
211	H2O -> H2O_ice
212	H2O_ice -> H2O
213	CO_ice -> CO
214	H -> H+ + E
215	HE -> HE+ + E
216	HE+ -> HE++ + E
217	O -> O+ + E
218	C -> C+ + E
219	H2 -> H2+ + E
220	H- -> H + E
221	CH -> C + H
222	CH -> CH+ + E
223	C2 -> C + C
224	OH -> O + H
225	OH -> OH+ + E
226	H2O -> OH + H
227	H2O -> H2O+ + E
228	O2 -> O2+ + E
229	O2 -> O + O
230	H2 -> H+ + H + E
231	CO -> C + O
232	H2 -> H + H
233	H2+ -> H + H+
234	H3+ -> H2 + H+
235	H3+ -> H2+ + H
236	C- -> C + E
237	CH+ -> C + H+
238	CH2 -> CH + H
239	CH2 -> CH2+ + E
240	CH2+ -> CH+ + H
241	CH3+ -> CH2+ + H
242	CH3+ -> CH+ + H2
243	O- -> O + E
244	OH+ -> O + H+
245	H2O+ -> H2+ + O
246	H2O+ -> H+ + OH
247	H2O+ -> O+ + H2
248	H2O+ -> OH+ + H
249	H3O+ -> H+ + H2O
250	H3O+ -> H2+ + OH
251	H3O+ -> H2O+ + H
252	H3O+ -> OH+ + H2
253	H -> H+ + E
254	HE -> HE+ + E
255	O -> O+ + E
256	CO -> C + O
257	CO -> CO+ + E
258	C2 -> C + C
259	H2 -> H + H
260	H2 -> H+ + H-
261	H2 -> H2+ + E
262	C -> C+ + E
263	CH -> C + H
264	O2 -> O + O
265	O2 -> O2+ + E
266	OH -> O + H
267	CH2 -> CH2+ + E
268	H2O -> OH + H
269	HCO -> CO + H
270	HCO -> HCO+ + E
271	H2 -> H + H+ + E
272	C + C -> C2
273	C + C -> C2
274	C + O -> CO
275	C + O -> CO
276	C+ + O -> CO+
277	C+ + O -> CO+
278	C + O+ -> CO+
279	C + O+ -> CO+
280	H + O -> OH
281	OH + H -> H2O
282	O + O -> O2


#********************************
#list of reactions (without multiple limits)
1	H2+ + H- -> H + H2
2	CH+ -> C + H+
3	OH + OH -> H2O + O
4	O+ + E -> O
5	CO+ + H -> CO + H+
6	H2O + H -> H2 + OH
7	O -> O+ + E
8	H2 + HE -> H + H + HE
9	H2 + H + H -> H2 + H2
10	H3O+ + E -> H + H2O
11	H- + O -> OH + E
12	CO + HE+ -> C+ + HE + O
13	C + C -> C2
14	H2 + H+ -> H3+
15	O + H2+ -> H + OH+
16	C2 + O+ -> CO+ + C
17	H2O + HE+ -> HE + H2O+
18	H2O -> OH + H
19	H2O + C+ -> H2O+ + C
20	H2O+ -> H2+ + O
21	H2 + OH -> H2O + H
22	H2 + HE+ -> HE + H2+
23	CH + O -> OH + C
24	H2 + HE+ -> HE+ + H + H
25	OH+ + H2 -> H2O+ + H
26	CH2 + O -> HCO + H
27	O + E -> O+ + E + E
28	H2O_ice -> H2O
29	H2+ + H -> H2 + H+
30	H2O+ + E -> OH + H
31	H2O -> H2O_ice
32	CH3+ -> CH+ + H2
33	OH + C+ -> H + CO+
34	H- + H+ -> H2+ + E
35	HE + E -> HE+ + E + E
36	CH3+ -> CH2+ + H
37	C + HE+ -> C+ + HE
38	OH + H -> O + H2
39	CH+ + H -> C+ + H2
40	H2 -> H2+ + E
41	C + H+ -> C+ + H
42	H2 + H+ -> H2+ + H
43	OH + H -> O + H + H
44	O2 + CH2+ -> HCO+ + OH
45	CH2+ + E -> CH + H
46	CH + H+ -> CH+ + H
47	CH2 + H+ -> H + CH2+
48	H- + H+ -> H + H
49	H2+ -> H + H+
50	H- -> H + E
51	O2 + C+ -> CO+ + O
52	OH + H+ -> OH+ + H
53	OH -> OH+ + E
54	H3+ -> H2 + H+
55	HOC+ + H2 -> HCO+ + H2
56	H2O+ -> H+ + OH
57	H + H -> H2
58	HCO -> CO + H
59	H2 + HE+ -> HE + H + H+
60	H3+ -> H2+ + H
61	H + H + H -> H2 + H
62	HCO+ + C -> CO + CH+
63	H+ + E -> H
64	CH2 + HE+ -> HE + H2 + C+
65	H- + OH -> H2O + E
66	CH + O -> HCO+ + E
67	CH2+ + E -> C + H + H
68	O2 + H2 -> OH + OH
69	H3O+ -> H+ + H2O
70	H2 -> H + H
71	CH3+ + O -> HOC+ + H2
72	C+ + O -> CO+
73	C + E -> C-
74	C- + H+ -> C + H
75	C -> C+ + E
76	CH3+ + E -> CH + H2
77	H -> H+ + E
78	O2 + C -> CO + O
79	CH + O -> CO + H
80	O2+ + E -> O + O
81	H3+ + E -> H2 + H
82	HCO+ + H2O -> CO + H3O+
83	O- -> O + E
84	H2 + H -> H + H + H
85	C + H3+ -> CH+ + H2
86	CH2+ + H -> CH+ + H2
87	C + H3+ -> CH2+ + H
88	C2 + O -> CO + C
89	CO+ + E -> C + O
90	H3O+ -> H2O+ + H
91	H2+ + H2 -> H3+ + H
92	CO + HE+ -> C + HE + O+
93	H3O+ + E -> O + H + H2
94	O2 + HE+ -> O2+ + HE
95	O + HE+ -> O+ + HE
96	O- + H+ -> O + H
97	H2O+ -> OH+ + H
98	HE+ + H -> HE + H+
99	CH2 + O -> CO + H + H
100	H + H+ -> H2+
101	HE+ + E -> HE
102	C + OH -> H + CO
103	C+ + E -> C
104	CH + H -> C + H2
105	C- + H2 -> CH2 + E
106	OH + HE+ -> O+ + HE + H
107	CH2 + O -> CH + OH
108	H + E -> H+ + E + E
109	H2+ + E -> H + H
110	O2 + HE+ -> O+ + HE + O
111	H + E -> H-
112	C + H -> CH
113	CH2+ + H2 -> CH3+ + H
114	CO_ice -> CO
115	C + H2+ -> CH+ + H
116	CH2 + HE+ -> HE + H + CH+
117	H2O + H+ -> H + H2O+
118	CO + H3+ -> H2 + HOC+
119	H- + E -> H + E + E
120	CH2 + H -> CH + H2
121	C + O2+ -> O2 + C+
122	CH+ + O -> CO+ + H
123	H + O -> OH
124	CH -> C + H
125	H3O+ + E -> OH + H2
126	H3+ + E -> H + H + H
127	CH2 + H+ -> H2 + CH+
128	O2 -> O + O
129	CO -> CO_ice
130	C2 -> C + C
131	H2O+ + E -> O + H + H
132	CH3+ + O -> HCO+ + H2
133	C + H2 -> CH + H
134	CH2+ + O -> HCO+ + H
135	O2 + H+ -> O2+ + H
136	H- + H -> H + H + E
137	CH+ + H2 -> CH2+ + H
138	C + O2+ -> O + CO+
139	O- + H2 -> H2O + E
140	O2 + C+ -> CO + O+
141	O + H3+ -> H + H2O+
142	H2 + H2 -> H2 + H + H
143	C + O+ -> CO+
144	H3+ + H -> H2+ + H2
145	H3O+ + C -> HCO+ + H2
146	O+ + H2 -> H + OH+
147	H3O+ -> OH+ + H2
148	C- + H -> CH + E
149	OH + H -> H2O
150	C+ + H -> CH+
151	CO -> C + O
152	H2O+ -> O+ + H2
153	O + E -> O-
154	OH+ + E -> O + H
155	O+ + H -> O + H+
156	O- + C -> CO + E
157	H2O + C+ -> HOC+ + H
158	H3O+ + E -> OH + H + H
159	CH+ + E -> C + H
160	H + H + HE -> H2 + HE
161	H2 -> H + H+ + E
162	O2 -> O2+ + E
163	OH -> O + H
164	O2 + H -> OH + O
165	O + O -> O2
166	HCO -> HCO+ + E
167	HOC+ + CO -> HCO+ + CO
168	H- + C -> CH + E
169	O + H3+ -> H2 + OH+
170	H2 + H+ -> H + H + H+
171	CH3+ + H -> CH2+ + H2
172	CH3+ + E -> CH + H + H
173	O + H2 -> OH + H
174	H2O + HE+ -> HE + OH+ + H
175	CO -> CO+ + E
176	HE + H+ -> HE+ + H
177	C + E -> C+ + E + E
178	OH+ -> O + H+
179	H2O + HE+ -> HE + OH + H+
180	O + H+ -> O+ + H
181	OH + H3+ -> H2 + H2O+
182	CH -> CH+ + E
183	HE+ + E -> HE++ + E + E
184	C2 + HE+ -> C+ + C + HE
185	C + H2 -> CH2
186	H2O + C+ -> HCO+ + H
187	O + OH -> H + O2
188	C + O -> CO
189	HCO+ + E -> CO + H
190	CH + C -> C2 + H
191	H2 -> H+ + H + E
192	CH2 -> CH2+ + E
193	C+ + H -> C + H+
194	O- + H -> OH + E
195	HE -> HE+ + E
196	H2O+ + E -> O + H2
197	CH2+ + E -> C + H2
198	C+ + H2 -> CH+ + H
199	CH2 + O -> CO + H2
200	C- + O -> CO + E
201	HE++ + E -> HE+
202	H2O + H3+ -> H2 + H3O+
203	CO + H -> C + OH
204	CO + H3+ -> H2 + HCO+
205	HE+ + H- -> H + HE
206	HOC+ + E -> CO + H
207	HE+ -> HE++ + E
208	H2 + E -> H + H + E
209	CH3+ + E -> CH2 + H
210	CH + H2 -> CH2 + H
211	H3O+ -> H2+ + OH
212	H2O -> H2O+ + E
213	CH2+ -> CH+ + H
214	HCO+ + E -> OH + C
215	H2 -> H+ + H-
216	H- + H -> H2 + E
217	C- -> C + E
218	H2O+ + H2 -> H3O+ + H
219	O + H -> OH
220	CH2 -> CH + H
221	C+ + H2 -> CH2+


#********************************
#list of reactions (LaTeX format)
#Table columns format {llllllclllll}
 1 & H & + & e$^-$ & & & $\to$ & H$^+$ & + & e$^-$ & + & e$^-$\\
 2 & H$^+$ & + & e$^-$ & & & $\to$ & H & & & + & \\
 3 & H$^+$ & + & e$^-$ & & & $\to$ & H & & & + & \\
 4 & HE & + & e$^-$ & & & $\to$ & HE$^+$ & + & e$^-$ & + & e$^-$\\
 5 & HE$^+$ & + & e$^-$ & & & $\to$ & HE & & & + & \\
 6 & HE$^+$ & + & e$^-$ & & & $\to$ & HE & & & + & \\
 7 & HE$^+$ & + & e$^-$ & & & $\to$ & HE$^+$$^+$ & + & e$^-$ & + & e$^-$\\
 8 & HE$^+$ & + & H & & & $\to$ & HE & + & H$^+$ & + & \\
 9 & HE & + & H$^+$ & & & $\to$ & HE$^+$ & + & H & + & \\
 10 & HE & + & H$^+$ & & & $\to$ & HE$^+$ & + & H & + & \\
 11 & H$_2$ & + & HE & & & $\to$ & H & + & H & + & HE\\
 12 & H$_2$ & + & HE$^+$ & & & $\to$ & HE & + & H$_2$$^+$ & + & \\
 13 & H$_2$ & + & HE$^+$ & & & $\to$ & HE & + & H & + & H$^+$\\
 14 & H$_2$ & + & HE$^+$ & & & $\to$ & HE$^+$ & + & H & + & H\\
 15 & HE$^+$$^+$ & + & e$^-$ & & & $\to$ & HE$^+$ & & & + & \\
 16 & H & + & e$^-$ & & & $\to$ & H$^-$ & & & + & \\
 17 & H$^-$ & + & H & & & $\to$ & H$_2$ & + & e$^-$ & + & \\
 18 & H & + & H$^+$ & & & $\to$ & H$_2$$^+$ & & & + & \\
 19 & H & + & H$^+$ & & & $\to$ & H$_2$$^+$ & & & + & \\
 20 & H$_2$$^+$ & + & H & & & $\to$ & H$_2$ & + & H$^+$ & + & \\
 21 & H$_2$ & + & H$^+$ & & & $\to$ & H$_2$$^+$ & + & H & + & \\
 22 & H$_2$ & + & H$^+$ & & & $\to$ & H$_2$$^+$ & + & H & + & \\
 23 & H$_2$ & + & e$^-$ & & & $\to$ & H & + & H & + & e$^-$\\
 24 & H$_2$ & + & H & & & $\to$ & H & + & H & + & H\\
 25 & H$^-$ & + & e$^-$ & & & $\to$ & H & + & e$^-$ & + & e$^-$\\
 26 & H$^-$ & + & H & & & $\to$ & H & + & H & + & e$^-$\\
 27 & H$^-$ & + & H & & & $\to$ & H & + & H & + & e$^-$\\
 28 & H$^-$ & + & H$^+$ & & & $\to$ & H & + & H & + & \\
 29 & H$^-$ & + & H$^+$ & & & $\to$ & H$_2$$^+$ & + & e$^-$ & + & \\
 30 & H$_2$$^+$ & + & e$^-$ & & & $\to$ & H & + & H & + & \\
 31 & H$_2$$^+$ & + & e$^-$ & & & $\to$ & H & + & H & + & \\
 32 & H$_2$$^+$ & + & H$^-$ & & & $\to$ & H & + & H$_2$ & + & \\
 33 & H$_2$ & + & H$_2$ & & & $\to$ & H$_2$ & + & H & + & H\\
 34 & H & + & H & + & HE & $\to$ & H$_2$ & + & HE & + & \\
 35 & H & + & H & + & H & $\to$ & H$_2$ & + & H & + & \\
 36 & H$_2$ & + & H & + & H & $\to$ & H$_2$ & + & H$_2$ & + & \\
 37 & C$^+$ & + & e$^-$ & & & $\to$ & C & & & + & \\
 38 & C$^+$ & + & e$^-$ & & & $\to$ & C & & & + & \\
 39 & C$^+$ & + & e$^-$ & & & $\to$ & C & & & + & \\
 40 & O$^+$ & + & e$^-$ & & & $\to$ & O & & & + & \\
 41 & O$^+$ & + & e$^-$ & & & $\to$ & O & & & + & \\
 42 & C & + & e$^-$ & & & $\to$ & C$^+$ & + & e$^-$ & + & e$^-$\\
 43 & O & + & e$^-$ & & & $\to$ & O$^+$ & + & e$^-$ & + & e$^-$\\
 44 & O$^+$ & + & H & & & $\to$ & O & + & H$^+$ & + & \\
 45 & O & + & H$^+$ & & & $\to$ & O$^+$ & + & H & + & \\
 46 & O & + & HE$^+$ & & & $\to$ & O$^+$ & + & HE & + & \\
 47 & C & + & H$^+$ & & & $\to$ & C$^+$ & + & H & + & \\
 48 & C$^+$ & + & H & & & $\to$ & C & + & H$^+$ & + & \\
 49 & C & + & HE$^+$ & & & $\to$ & C$^+$ & + & HE & + & \\
 50 & C & + & HE$^+$ & & & $\to$ & C$^+$ & + & HE & + & \\
 51 & C & + & HE$^+$ & & & $\to$ & C$^+$ & + & HE & + & \\
 52 & OH & + & H & & & $\to$ & O & + & H & + & H\\
 53 & HOC$^+$ & + & H$_2$ & & & $\to$ & HCO$^+$ & + & H$_2$ & + & \\
 54 & HOC$^+$ & + & CO & & & $\to$ & HCO$^+$ & + & CO & + & \\
 55 & HOC$^+$ & + & CO & & & $\to$ & HCO$^+$ & + & CO & + & \\
 56 & C & + & H$_2$ & & & $\to$ & CH & + & H & + & \\
 57 & CH & + & H & & & $\to$ & C & + & H$_2$ & + & \\
 58 & CH & + & H$_2$ & & & $\to$ & CH$_2$ & + & H & + & \\
 59 & CH & + & C & & & $\to$ & C$_2$ & + & H & + & \\
 60 & CH & + & O & & & $\to$ & CO & + & H & + & \\
 61 & CH & + & O & & & $\to$ & HCO$^+$ & + & e$^-$ & + & \\
 62 & CH & + & O & & & $\to$ & OH & + & C & + & \\
 63 & CH$_2$ & + & H & & & $\to$ & CH & + & H$_2$ & + & \\
 64 & CH$_2$ & + & O & & & $\to$ & CO & + & H & + & H\\
 65 & CH$_2$ & + & O & & & $\to$ & CO & + & H$_2$ & + & \\
 66 & CH$_2$ & + & O & & & $\to$ & HCO & + & H & + & \\
 67 & CH$_2$ & + & O & & & $\to$ & CH & + & OH & + & \\
 68 & C$_2$ & + & O & & & $\to$ & CO & + & C & + & \\
 69 & C$_2$ & + & O & & & $\to$ & CO & + & C & + & \\
 70 & O & + & H$_2$ & & & $\to$ & OH & + & H & + & \\
 71 & OH & + & H & & & $\to$ & O & + & H$_2$ & + & \\
 72 & OH & + & H & & & $\to$ & O & + & H$_2$ & + & \\
 73 & H$_2$ & + & OH & & & $\to$ & H$_2$O & + & H & + & \\
 74 & C & + & OH & & & $\to$ & H & + & CO & + & \\
 75 & C & + & OH & & & $\to$ & H & + & CO & + & \\
 76 & O & + & OH & & & $\to$ & H & + & O$_2$ & + & \\
 77 & O & + & OH & & & $\to$ & H & + & O$_2$ & + & \\
 78 & OH & + & OH & & & $\to$ & H$_2$O & + & O & + & \\
 79 & H$_2$O & + & H & & & $\to$ & H$_2$ & + & OH & + & \\
 80 & O$_2$ & + & H & & & $\to$ & OH & + & O & + & \\
 81 & O$_2$ & + & H$_2$ & & & $\to$ & OH & + & OH & + & \\
 82 & O$_2$ & + & C & & & $\to$ & CO & + & O & + & \\
 83 & O$_2$ & + & C & & & $\to$ & CO & + & O & + & \\
 84 & CO & + & H & & & $\to$ & C & + & OH & + & \\
 85 & H$_2$$^+$ & + & H$_2$ & & & $\to$ & H$_3$$^+$ & + & H & + & \\
 86 & H$_3$$^+$ & + & H & & & $\to$ & H$_2$$^+$ & + & H$_2$ & + & \\
 87 & C & + & H$_2$$^+$ & & & $\to$ & CH$^+$ & + & H & + & \\
 88 & C & + & H$_3$$^+$ & & & $\to$ & CH$^+$ & + & H$_2$ & + & \\
 89 & C & + & H$_3$$^+$ & & & $\to$ & CH$_2$$^+$ & + & H & + & \\
 90 & C$^+$ & + & H$_2$ & & & $\to$ & CH$^+$ & + & H & + & \\
 91 & CH$^+$ & + & H & & & $\to$ & C$^+$ & + & H$_2$ & + & \\
 92 & CH$^+$ & + & H$_2$ & & & $\to$ & CH$_2$$^+$ & + & H & + & \\
 93 & CH$^+$ & + & O & & & $\to$ & CO$^+$ & + & H & + & \\
 94 & CH$_2$$^+$ & + & H & & & $\to$ & CH$^+$ & + & H$_2$ & + & \\
 95 & CH$_2$$^+$ & + & H$_2$ & & & $\to$ & CH$_3$$^+$ & + & H & + & \\
 96 & CH$_2$$^+$ & + & O & & & $\to$ & HCO$^+$ & + & H & + & \\
 97 & CH$_3$$^+$ & + & H & & & $\to$ & CH$_2$$^+$ & + & H$_2$ & + & \\
 98 & CH$_3$$^+$ & + & O & & & $\to$ & HOC$^+$ & + & H$_2$ & + & \\
 99 & CH$_3$$^+$ & + & O & & & $\to$ & HCO$^+$ & + & H$_2$ & + & \\
 100 & C$_2$ & + & O$^+$ & & & $\to$ & CO$^+$ & + & C & + & \\
 101 & O$^+$ & + & H$_2$ & & & $\to$ & H & + & OH$^+$ & + & \\
 102 & O & + & H$_2$$^+$ & & & $\to$ & H & + & OH$^+$ & + & \\
 103 & O & + & H$_3$$^+$ & & & $\to$ & H$_2$ & + & OH$^+$ & + & \\
 104 & O & + & H$_3$$^+$ & & & $\to$ & H & + & H$_2$O$^+$ & + & \\
 105 & OH & + & H$_3$$^+$ & & & $\to$ & H$_2$ & + & H$_2$O$^+$ & + & \\
 106 & OH & + & H$_3$$^+$ & & & $\to$ & H$_2$ & + & H$_2$O$^+$ & + & \\
 107 & OH & + & C$^+$ & & & $\to$ & H & + & CO$^+$ & + & \\
 108 & OH & + & C$^+$ & & & $\to$ & H & + & CO$^+$ & + & \\
 109 & OH$^+$ & + & H$_2$ & & & $\to$ & H$_2$O$^+$ & + & H & + & \\
 110 & H$_2$O$^+$ & + & H$_2$ & & & $\to$ & H$_3$O$^+$ & + & H & + & \\
 111 & H$_2$O & + & H$_3$$^+$ & & & $\to$ & H$_2$ & + & H$_3$O$^+$ & + & \\
 112 & H$_2$O & + & H$_3$$^+$ & & & $\to$ & H$_2$ & + & H$_3$O$^+$ & + & \\
 113 & H$_2$O & + & C$^+$ & & & $\to$ & HOC$^+$ & + & H & + & \\
 114 & H$_2$O & + & C$^+$ & & & $\to$ & HCO$^+$ & + & H & + & \\
 115 & H$_2$O & + & C$^+$ & & & $\to$ & HCO$^+$ & + & H & + & \\
 116 & H$_2$O & + & C$^+$ & & & $\to$ & H$_2$O$^+$ & + & C & + & \\
 117 & H$_3$O$^+$ & + & C & & & $\to$ & HCO$^+$ & + & H$_2$ & + & \\
 118 & O$_2$ & + & C$^+$ & & & $\to$ & CO$^+$ & + & O & + & \\
 119 & O$_2$ & + & C$^+$ & & & $\to$ & CO & + & O$^+$ & + & \\
 120 & O$_2$ & + & CH$_2$$^+$ & & & $\to$ & HCO$^+$ & + & OH & + & \\
 121 & C & + & O$_2$$^+$ & & & $\to$ & O & + & CO$^+$ & + & \\
 122 & C & + & O$_2$$^+$ & & & $\to$ & O$_2$ & + & C$^+$ & + & \\
 123 & CO & + & H$_3$$^+$ & & & $\to$ & H$_2$ & + & HCO$^+$ & + & \\
 124 & CO & + & H$_3$$^+$ & & & $\to$ & H$_2$ & + & HCO$^+$ & + & \\
 125 & CO & + & H$_3$$^+$ & & & $\to$ & H$_2$ & + & HOC$^+$ & + & \\
 126 & CO & + & H$_3$$^+$ & & & $\to$ & H$_2$ & + & HOC$^+$ & + & \\
 127 & HCO$^+$ & + & C & & & $\to$ & CO & + & CH$^+$ & + & \\
 128 & HCO$^+$ & + & H$_2$O & & & $\to$ & CO & + & H$_3$O$^+$ & + & \\
 129 & HCO$^+$ & + & H$_2$O & & & $\to$ & CO & + & H$_3$O$^+$ & + & \\
 130 & CH & + & H$^+$ & & & $\to$ & CH$^+$ & + & H & + & \\
 131 & CH & + & H$^+$ & & & $\to$ & CH$^+$ & + & H & + & \\
 132 & CH$_2$ & + & H$^+$ & & & $\to$ & H$_2$ & + & CH$^+$ & + & \\
 133 & CH$_2$ & + & H$^+$ & & & $\to$ & H$_2$ & + & CH$^+$ & + & \\
 134 & CH$_2$ & + & H$^+$ & & & $\to$ & H & + & CH$_2$$^+$ & + & \\
 135 & CH$_2$ & + & H$^+$ & & & $\to$ & H & + & CH$_2$$^+$ & + & \\
 136 & CH$_2$ & + & HE$^+$ & & & $\to$ & HE & + & H$_2$ & + & C$^+$\\
 137 & CH$_2$ & + & HE$^+$ & & & $\to$ & HE & + & H$_2$ & + & C$^+$\\
 138 & CH$_2$ & + & HE$^+$ & & & $\to$ & HE & + & H & + & CH$^+$\\
 139 & CH$_2$ & + & HE$^+$ & & & $\to$ & HE & + & H & + & CH$^+$\\
 140 & C$_2$ & + & HE$^+$ & & & $\to$ & C$^+$ & + & C & + & HE\\
 141 & OH & + & H$^+$ & & & $\to$ & OH$^+$ & + & H & + & \\
 142 & OH & + & H$^+$ & & & $\to$ & OH$^+$ & + & H & + & \\
 143 & OH & + & HE$^+$ & & & $\to$ & O$^+$ & + & HE & + & H\\
 144 & OH & + & HE$^+$ & & & $\to$ & O$^+$ & + & HE & + & H\\
 145 & H$_2$O & + & H$^+$ & & & $\to$ & H & + & H$_2$O$^+$ & + & \\
 146 & H$_2$O & + & H$^+$ & & & $\to$ & H & + & H$_2$O$^+$ & + & \\
 147 & H$_2$O & + & HE$^+$ & & & $\to$ & HE & + & OH & + & H$^+$\\
 148 & H$_2$O & + & HE$^+$ & & & $\to$ & HE & + & OH & + & H$^+$\\
 149 & H$_2$O & + & HE$^+$ & & & $\to$ & HE & + & OH$^+$ & + & H\\
 150 & H$_2$O & + & HE$^+$ & & & $\to$ & HE & + & OH$^+$ & + & H\\
 151 & H$_2$O & + & HE$^+$ & & & $\to$ & HE & + & H$_2$O$^+$ & + & \\
 152 & H$_2$O & + & HE$^+$ & & & $\to$ & HE & + & H$_2$O$^+$ & + & \\
 153 & O$_2$ & + & H$^+$ & & & $\to$ & O$_2$$^+$ & + & H & + & \\
 154 & O$_2$ & + & HE$^+$ & & & $\to$ & O$_2$$^+$ & + & HE & + & \\
 155 & O$_2$ & + & HE$^+$ & & & $\to$ & O$^+$ & + & HE & + & O\\
 156 & CO & + & HE$^+$ & & & $\to$ & C$^+$ & + & HE & + & O\\
 157 & CO & + & HE$^+$ & & & $\to$ & C & + & HE & + & O$^+$\\
 158 & CO$^+$ & + & H & & & $\to$ & CO & + & H$^+$ & + & \\
 159 & C$^-$ & + & H$^+$ & & & $\to$ & C & + & H & + & \\
 160 & O$^-$ & + & H$^+$ & & & $\to$ & O & + & H & + & \\
 161 & HE$^+$ & + & H$^-$ & & & $\to$ & H & + & HE & + & \\
 162 & H$_3$$^+$ & + & e$^-$ & & & $\to$ & H$_2$ & + & H & + & \\
 163 & H$_3$$^+$ & + & e$^-$ & & & $\to$ & H & + & H & + & H\\
 164 & CH$^+$ & + & e$^-$ & & & $\to$ & C & + & H & + & \\
 165 & CH$_2$$^+$ & + & e$^-$ & & & $\to$ & CH & + & H & + & \\
 166 & CH$_2$$^+$ & + & e$^-$ & & & $\to$ & C & + & H$_2$ & + & \\
 167 & CH$_2$$^+$ & + & e$^-$ & & & $\to$ & C & + & H & + & H\\
 168 & CH$_3$$^+$ & + & e$^-$ & & & $\to$ & CH$_2$ & + & H & + & \\
 169 & CH$_3$$^+$ & + & e$^-$ & & & $\to$ & CH & + & H$_2$ & + & \\
 170 & CH$_3$$^+$ & + & e$^-$ & & & $\to$ & CH & + & H & + & H\\
 171 & OH$^+$ & + & e$^-$ & & & $\to$ & O & + & H & + & \\
 172 & H$_2$O$^+$ & + & e$^-$ & & & $\to$ & O & + & H$_2$ & + & \\
 173 & H$_2$O$^+$ & + & e$^-$ & & & $\to$ & OH & + & H & + & \\
 174 & H$_2$O$^+$ & + & e$^-$ & & & $\to$ & O & + & H & + & H\\
 175 & H$_3$O$^+$ & + & e$^-$ & & & $\to$ & OH & + & H & + & H\\
 176 & H$_3$O$^+$ & + & e$^-$ & & & $\to$ & O & + & H & + & H$_2$\\
 177 & H$_3$O$^+$ & + & e$^-$ & & & $\to$ & H & + & H$_2$O & + & \\
 178 & H$_3$O$^+$ & + & e$^-$ & & & $\to$ & OH & + & H$_2$ & + & \\
 179 & O$_2$$^+$ & + & e$^-$ & & & $\to$ & O & + & O & + & \\
 180 & CO$^+$ & + & e$^-$ & & & $\to$ & C & + & O & + & \\
 181 & HCO$^+$ & + & e$^-$ & & & $\to$ & CO & + & H & + & \\
 182 & HCO$^+$ & + & e$^-$ & & & $\to$ & OH & + & C & + & \\
 183 & HOC$^+$ & + & e$^-$ & & & $\to$ & CO & + & H & + & \\
 184 & H$^-$ & + & C & & & $\to$ & CH & + & e$^-$ & + & \\
 185 & H$^-$ & + & O & & & $\to$ & OH & + & e$^-$ & + & \\
 186 & H$^-$ & + & OH & & & $\to$ & H$_2$O & + & e$^-$ & + & \\
 187 & C$^-$ & + & H & & & $\to$ & CH & + & e$^-$ & + & \\
 188 & C$^-$ & + & H$_2$ & & & $\to$ & CH$_2$ & + & e$^-$ & + & \\
 189 & C$^-$ & + & O & & & $\to$ & CO & + & e$^-$ & + & \\
 190 & O$^-$ & + & H & & & $\to$ & OH & + & e$^-$ & + & \\
 191 & O$^-$ & + & H$_2$ & & & $\to$ & H$_2$O & + & e$^-$ & + & \\
 192 & O$^-$ & + & C & & & $\to$ & CO & + & e$^-$ & + & \\
 193 & H$_2$ & + & H$^+$ & & & $\to$ & H & + & H & + & H$^+$\\
 194 & H$_2$ & + & H$^+$ & & & $\to$ & H$_3$$^+$ & & & + & \\
 195 & C & + & e$^-$ & & & $\to$ & C$^-$ & & & + & \\
 196 & C & + & H & & & $\to$ & CH & & & + & \\
 197 & C & + & H$_2$ & & & $\to$ & CH$_2$ & & & + & \\
 198 & C & + & C & & & $\to$ & C$_2$ & & & + & \\
 199 & C & + & O & & & $\to$ & CO & & & + & \\
 200 & C$^+$ & + & H & & & $\to$ & CH$^+$ & & & + & \\
 201 & C$^+$ & + & H$_2$ & & & $\to$ & CH$_2$$^+$ & & & + & \\
 202 & C$^+$ & + & O & & & $\to$ & CO$^+$ & & & + & \\
 203 & C$^+$ & + & O & & & $\to$ & CO$^+$ & & & + & \\
 204 & O & + & e$^-$ & & & $\to$ & O$^-$ & & & + & \\
 205 & O & + & H & & & $\to$ & OH & & & + & \\
 206 & O & + & O & & & $\to$ & O$_2$ & & & + & \\
 207 & OH & + & H & & & $\to$ & H$_2$O & & & + & \\
 208 & H & + & H & & & $\to$ & H$_2$ & & & + & \\
 209 &  & & & + &  & $\to$ &  & & & + & \\
 210 &  & & & + &  & $\to$ &  & & & + & \\
 211 &  & & & + &  & $\to$ &  & & & + & \\
 212 &  & & & + &  & $\to$ &  & & & + & \\
 213 &  & & & + &  & $\to$ &  & & & + & \\
 214 & H & & & + &  & $\to$ & H$^+$ & + & e$^-$ & + & \\
 215 & HE & & & + &  & $\to$ & HE$^+$ & + & e$^-$ & + & \\
 216 & HE$^+$ & & & + &  & $\to$ & HE$^+$$^+$ & + & e$^-$ & + & \\
 217 & O & & & + &  & $\to$ & O$^+$ & + & e$^-$ & + & \\
 218 & C & & & + &  & $\to$ & C$^+$ & + & e$^-$ & + & \\
 219 & H$_2$ & & & + &  & $\to$ & H$_2$$^+$ & + & e$^-$ & + & \\
 220 & H$^-$ & & & + &  & $\to$ & H & + & e$^-$ & + & \\
 221 & CH & & & + &  & $\to$ & C & + & H & + & \\
 222 & CH & & & + &  & $\to$ & CH$^+$ & + & e$^-$ & + & \\
 223 & C$_2$ & & & + &  & $\to$ & C & + & C & + & \\
 224 & OH & & & + &  & $\to$ & O & + & H & + & \\
 225 & OH & & & + &  & $\to$ & OH$^+$ & + & e$^-$ & + & \\
 226 & H$_2$O & & & + &  & $\to$ & OH & + & H & + & \\
 227 & H$_2$O & & & + &  & $\to$ & H$_2$O$^+$ & + & e$^-$ & + & \\
 228 & O$_2$ & & & + &  & $\to$ & O$_2$$^+$ & + & e$^-$ & + & \\
 229 & O$_2$ & & & + &  & $\to$ & O & + & O & + & \\
 230 & H$_2$ & & & + &  & $\to$ & H$^+$ & + & H & + & e$^-$\\
 231 & CO & & & + &  & $\to$ & C & + & O & + & \\
 232 & H$_2$ & & & + &  & $\to$ & H & + & H & + & \\
 233 & H$_2$$^+$ & & & + &  & $\to$ & H & + & H$^+$ & + & \\
 234 & H$_3$$^+$ & & & + &  & $\to$ & H$_2$ & + & H$^+$ & + & \\
 235 & H$_3$$^+$ & & & + &  & $\to$ & H$_2$$^+$ & + & H & + & \\
 236 & C$^-$ & & & + &  & $\to$ & C & + & e$^-$ & + & \\
 237 & CH$^+$ & & & + &  & $\to$ & C & + & H$^+$ & + & \\
 238 & CH$_2$ & & & + &  & $\to$ & CH & + & H & + & \\
 239 & CH$_2$ & & & + &  & $\to$ & CH$_2$$^+$ & + & e$^-$ & + & \\
 240 & CH$_2$$^+$ & & & + &  & $\to$ & CH$^+$ & + & H & + & \\
 241 & CH$_3$$^+$ & & & + &  & $\to$ & CH$_2$$^+$ & + & H & + & \\
 242 & CH$_3$$^+$ & & & + &  & $\to$ & CH$^+$ & + & H$_2$ & + & \\
 243 & O$^-$ & & & + &  & $\to$ & O & + & e$^-$ & + & \\
 244 & OH$^+$ & & & + &  & $\to$ & O & + & H$^+$ & + & \\
 245 & H$_2$O$^+$ & & & + &  & $\to$ & H$_2$$^+$ & + & O & + & \\
 246 & H$_2$O$^+$ & & & + &  & $\to$ & H$^+$ & + & OH & + & \\
 247 & H$_2$O$^+$ & & & + &  & $\to$ & O$^+$ & + & H$_2$ & + & \\
 248 & H$_2$O$^+$ & & & + &  & $\to$ & OH$^+$ & + & H & + & \\
 249 & H$_3$O$^+$ & & & + &  & $\to$ & H$^+$ & + & H$_2$O & + & \\
 250 & H$_3$O$^+$ & & & + &  & $\to$ & H$_2$$^+$ & + & OH & + & \\
 251 & H$_3$O$^+$ & & & + &  & $\to$ & H$_2$O$^+$ & + & H & + & \\
 252 & H$_3$O$^+$ & & & + &  & $\to$ & OH$^+$ & + & H$_2$ & + & \\
 253 & H & & & + &  & $\to$ & H$^+$ & + & e$^-$ & + & \\
 254 & HE & & & + &  & $\to$ & HE$^+$ & + & e$^-$ & + & \\
 255 & O & & & + &  & $\to$ & O$^+$ & + & e$^-$ & + & \\
 256 & CO & & & + &  & $\to$ & C & + & O & + & \\
 257 & CO & & & + &  & $\to$ & CO$^+$ & + & e$^-$ & + & \\
 258 & C$_2$ & & & + &  & $\to$ & C & + & C & + & \\
 259 & H$_2$ & & & + &  & $\to$ & H & + & H & + & \\
 260 & H$_2$ & & & + &  & $\to$ & H$^+$ & + & H$^-$ & + & \\
 261 & H$_2$ & & & + &  & $\to$ & H$_2$$^+$ & + & e$^-$ & + & \\
 262 & C & & & + &  & $\to$ & C$^+$ & + & e$^-$ & + & \\
 263 & CH & & & + &  & $\to$ & C & + & H & + & \\
 264 & O$_2$ & & & + &  & $\to$ & O & + & O & + & \\
 265 & O$_2$ & & & + &  & $\to$ & O$_2$$^+$ & + & e$^-$ & + & \\
 266 & OH & & & + &  & $\to$ & O & + & H & + & \\
 267 & CH$_2$ & & & + &  & $\to$ & CH$_2$$^+$ & + & e$^-$ & + & \\
 268 & H$_2$O & & & + &  & $\to$ & OH & + & H & + & \\
 269 & HCO & & & + &  & $\to$ & CO & + & H & + & \\
 270 & HCO & & & + &  & $\to$ & HCO$^+$ & + & e$^-$ & + & \\
 271 & H$_2$ & & & + &  & $\to$ & H & + & H$^+$ & + & e$^-$\\
 272 & C & + & C & & & $\to$ & C$_2$ & & & + & \\
 273 & C & + & C & & & $\to$ & C$_2$ & & & + & \\
 274 & C & + & O & & & $\to$ & CO & & & + & \\
 275 & C & + & O & & & $\to$ & CO & & & + & \\
 276 & C$^+$ & + & O & & & $\to$ & CO$^+$ & & & + & \\
 277 & C$^+$ & + & O & & & $\to$ & CO$^+$ & & & + & \\
 278 & C & + & O$^+$ & & & $\to$ & CO$^+$ & & & + & \\
 279 & C & + & O$^+$ & & & $\to$ & CO$^+$ & & & + & \\
 280 & H & + & O & & & $\to$ & OH & & & + & \\
 281 & OH & + & H & & & $\to$ & H$_2$O & & & + & \\
 282 & O & + & O & & & $\to$ & O$_2$ & & & + & \\
