#This file contains index list and other info


#********************************
# Species list with their indexes
1	E	krome_idx_E
2	H-	krome_idx_Hk
3	C-	krome_idx_Ck
4	O-	krome_idx_Ok
5	H	krome_idx_H
6	HE	krome_idx_HE
7	H2	krome_idx_H2
8	C	krome_idx_C
9	O	krome_idx_O
10	OH	krome_idx_OH
11	CO	krome_idx_CO
12	CH	krome_idx_CH
13	CH2	krome_idx_CH2
14	C2	krome_idx_C2
15	HCO	krome_idx_HCO
16	H2O	krome_idx_H2O
17	O2	krome_idx_O2
18	H+	krome_idx_Hj
19	HE+	krome_idx_HEj
20	H2+	krome_idx_H2j
21	C+	krome_idx_Cj
22	O+	krome_idx_Oj
23	HOC+	krome_idx_HOCj
24	HCO+	krome_idx_HCOj
25	H3+	krome_idx_H3j
26	CH+	krome_idx_CHj
27	CH2+	krome_idx_CH2j
28	CO+	krome_idx_COj
29	CH3+	krome_idx_CH3j
30	OH+	krome_idx_OHj
31	H2O+	krome_idx_H2Oj
32	H3O+	krome_idx_H3Oj
33	O2+	krome_idx_O2j
34	HE++	krome_idx_HEjj
35	CR	krome_idx_CR
36	g	krome_idx_g
37	Tgas	krome_idx_Tgas
38	dummy	krome_idx_dummy

#Note: the first 34 variables above should be used
# as framework code passive scalars, while the last 4
# are employed inside KROME.


#********************************
# Species in a Python list of strings
["E", "H-", "C-", "O-", "H", "HE", "H2", "C", "O", "OH", \
 "CO", "CH", "CH2", "C2", "HCO", "H2O", "O2", "H+", "HE+", "H2+", \
 "C+", "O+", "HOC+", "HCO+", "H3+", "CH+", "CH2+", "CO+", "CH3+", "OH+", \
 "H2O+", "H3O+", "O2+", "HE++", "CR", "g", "Tgas", "dummy", ]


#********************************
#useful parameters
krome_nrea           = 276  !number of reactions
krome_nmols          = 34   !number of chemical species
krome_nspec          = 38   !number of species including Tgas,CR,...
krome_ndust          = 0    !number of dust bins (total)
krome_ndustTypes     = 0    !number of dust types
krome_nPhotoBins     = 7    !number of radiation bins
krome_nPhotoRates    = 17   !number of photochemical reactions


#********************************
#list of reactions (including with multiple limits)
1	H + E -> H+ + E + E
2	H+ + E -> H
3	H+ + E -> H
4	HE + E -> HE+ + E + E
5	HE+ + E -> HE
6	HE+ + E -> HE
7	HE+ + E -> HE++ + E + E
8	HE+ + H -> HE + H+
9	HE + H+ -> HE+ + H
10	HE + H+ -> HE+ + H
11	H2 + HE -> H + H + HE
12	H2 + HE+ -> HE + H2+
13	H2 + HE+ -> HE + H + H+
14	H2 + HE+ -> HE+ + H + H
15	HE++ + E -> HE+
16	H + E -> H-
17	H- + H -> H2 + E
18	H + H+ -> H2+
19	H + H+ -> H2+
20	H2+ + H -> H2 + H+
21	H2 + H+ -> H2+ + H
22	H2 + E -> H + H + E
23	H2 + H -> H + H + H
24	H- + E -> H + E + E
25	H- + H -> H + H + E
26	H- + H -> H + H + E
27	H- + H+ -> H + H
28	H- + H+ -> H2+ + E
29	H2+ + E -> H + H
30	H2+ + E -> H + H
31	H2+ + H- -> H + H2
32	H2 + H2 -> H2 + H + H
33	H + H + HE -> H2 + HE
34	H + H + H -> H2 + H
35	H2 + H + H -> H2 + H2
36	C+ + E -> C
37	C+ + E -> C
38	C+ + E -> C
39	O+ + E -> O
40	O+ + E -> O
41	C + E -> C+ + E + E
42	O + E -> O+ + E + E
43	O+ + H -> O + H+
44	O + H+ -> O+ + H
45	O + HE+ -> O+ + HE
46	C + H+ -> C+ + H
47	C+ + H -> C + H+
48	C + HE+ -> C+ + HE
49	C + HE+ -> C+ + HE
50	C + HE+ -> C+ + HE
51	OH + H -> O + H + H
52	HOC+ + H2 -> HCO+ + H2
53	HOC+ + CO -> HCO+ + CO
54	HOC+ + CO -> HCO+ + CO
55	C + H2 -> CH + H
56	CH + H -> C + H2
57	CH + H2 -> CH2 + H
58	CH + C -> C2 + H
59	CH + O -> CO + H
60	CH + O -> HCO+ + E
61	CH + O -> OH + C
62	CH2 + H -> CH + H2
63	CH2 + O -> CO + H + H
64	CH2 + O -> CO + H2
65	CH2 + O -> HCO + H
66	CH2 + O -> CH + OH
67	C2 + O -> CO + C
68	C2 + O -> CO + C
69	O + H2 -> OH + H
70	OH + H -> O + H2
71	OH + H -> O + H2
72	H2 + OH -> H2O + H
73	C + OH -> H + CO
74	C + OH -> H + CO
75	O + OH -> H + O2
76	O + OH -> H + O2
77	OH + OH -> H2O + O
78	H2O + H -> H2 + OH
79	O2 + H -> OH + O
80	O2 + H2 -> OH + OH
81	O2 + C -> CO + O
82	O2 + C -> CO + O
83	CO + H -> C + OH
84	H2+ + H2 -> H3+ + H
85	H3+ + H -> H2+ + H2
86	C + H2+ -> CH+ + H
87	C + H3+ -> CH+ + H2
88	C + H3+ -> CH2+ + H
89	C+ + H2 -> CH+ + H
90	CH+ + H -> C+ + H2
91	CH+ + H2 -> CH2+ + H
92	CH+ + O -> CO+ + H
93	CH2+ + H -> CH+ + H2
94	CH2+ + H2 -> CH3+ + H
95	CH2+ + O -> HCO+ + H
96	CH3+ + H -> CH2+ + H2
97	CH3+ + O -> HOC+ + H2
98	CH3+ + O -> HCO+ + H2
99	C2 + O+ -> CO+ + C
100	O+ + H2 -> H + OH+
101	O + H2+ -> H + OH+
102	O + H3+ -> H2 + OH+
103	O + H3+ -> H + H2O+
104	OH + H3+ -> H2 + H2O+
105	OH + H3+ -> H2 + H2O+
106	OH + C+ -> H + CO+
107	OH + C+ -> H + CO+
108	OH+ + H2 -> H2O+ + H
109	H2O+ + H2 -> H3O+ + H
110	H2O + H3+ -> H2 + H3O+
111	H2O + H3+ -> H2 + H3O+
112	H2O + C+ -> HOC+ + H
113	H2O + C+ -> HCO+ + H
114	H2O + C+ -> HCO+ + H
115	H2O + C+ -> H2O+ + C
116	H3O+ + C -> HCO+ + H2
117	O2 + C+ -> CO+ + O
118	O2 + C+ -> CO + O+
119	O2 + CH2+ -> HCO+ + OH
120	C + O2+ -> O + CO+
121	C + O2+ -> O2 + C+
122	CO + H3+ -> H2 + HCO+
123	CO + H3+ -> H2 + HCO+
124	CO + H3+ -> H2 + HOC+
125	CO + H3+ -> H2 + HOC+
126	HCO+ + C -> CO + CH+
127	HCO+ + H2O -> CO + H3O+
128	HCO+ + H2O -> CO + H3O+
129	CH + H+ -> CH+ + H
130	CH + H+ -> CH+ + H
131	CH2 + H+ -> H2 + CH+
132	CH2 + H+ -> H2 + CH+
133	CH2 + H+ -> H + CH2+
134	CH2 + H+ -> H + CH2+
135	CH2 + HE+ -> HE + H2 + C+
136	CH2 + HE+ -> HE + H2 + C+
137	CH2 + HE+ -> HE + H + CH+
138	CH2 + HE+ -> HE + H + CH+
139	C2 + HE+ -> C+ + C + HE
140	OH + H+ -> OH+ + H
141	OH + H+ -> OH+ + H
142	OH + HE+ -> O+ + HE + H
143	OH + HE+ -> O+ + HE + H
144	H2O + H+ -> H + H2O+
145	H2O + H+ -> H + H2O+
146	H2O + HE+ -> HE + OH + H+
147	H2O + HE+ -> HE + OH + H+
148	H2O + HE+ -> HE + OH+ + H
149	H2O + HE+ -> HE + OH+ + H
150	H2O + HE+ -> HE + H2O+
151	H2O + HE+ -> HE + H2O+
152	O2 + H+ -> O2+ + H
153	O2 + HE+ -> O2+ + HE
154	O2 + HE+ -> O+ + HE + O
155	CO + HE+ -> C+ + HE + O
156	CO + HE+ -> C + HE + O+
157	CO+ + H -> CO + H+
158	C- + H+ -> C + H
159	O- + H+ -> O + H
160	HE+ + H- -> H + HE
161	H3+ + E -> H2 + H
162	H3+ + E -> H + H + H
163	CH+ + E -> C + H
164	CH2+ + E -> CH + H
165	CH2+ + E -> C + H2
166	CH2+ + E -> C + H + H
167	CH3+ + E -> CH2 + H
168	CH3+ + E -> CH + H2
169	CH3+ + E -> CH + H + H
170	OH+ + E -> O + H
171	H2O+ + E -> O + H2
172	H2O+ + E -> OH + H
173	H2O+ + E -> O + H + H
174	H3O+ + E -> OH + H + H
175	H3O+ + E -> O + H + H2
176	H3O+ + E -> H + H2O
177	H3O+ + E -> OH + H2
178	O2+ + E -> O + O
179	CO+ + E -> C + O
180	HCO+ + E -> CO + H
181	HCO+ + E -> OH + C
182	HOC+ + E -> CO + H
183	H- + C -> CH + E
184	H- + O -> OH + E
185	H- + OH -> H2O + E
186	C- + H -> CH + E
187	C- + H2 -> CH2 + E
188	C- + O -> CO + E
189	O- + H -> OH + E
190	O- + H2 -> H2O + E
191	O- + C -> CO + E
192	H2 + H+ -> H + H + H+
193	H2 + H+ -> H3+
194	C + E -> C-
195	C + H -> CH
196	C + H2 -> CH2
197	C + C -> C2
198	C + O -> CO
199	C+ + H -> CH+
200	C+ + H2 -> CH2+
201	C+ + O -> CO+
202	C+ + O -> CO+
203	O + E -> O-
204	O + H -> OH
205	O + O -> O2
206	OH + H -> H2O
207	H + H -> H2
208	H -> H+ + E
209	HE -> HE+ + E
210	HE+ -> HE++ + E
211	O -> O+ + E
212	C -> C+ + E
213	H2 -> H2+ + E
214	H- -> H + E
215	CH -> C + H
216	CH -> CH+ + E
217	C2 -> C + C
218	OH -> O + H
219	OH -> OH+ + E
220	H2O -> OH + H
221	H2O -> H2O+ + E
222	O2 -> O2+ + E
223	O2 -> O + O
224	H2 -> H+ + H + E
225	CO -> C + O
226	H2 -> H + H
227	H2+ -> H + H+
228	H3+ -> H2 + H+
229	H3+ -> H2+ + H
230	C- -> C + E
231	CH+ -> C + H+
232	CH2 -> CH + H
233	CH2 -> CH2+ + E
234	CH2+ -> CH+ + H
235	CH3+ -> CH2+ + H
236	CH3+ -> CH+ + H2
237	O- -> O + E
238	OH+ -> O + H+
239	H2O+ -> H2+ + O
240	H2O+ -> H+ + OH
241	H2O+ -> O+ + H2
242	H2O+ -> OH+ + H
243	H3O+ -> H+ + H2O
244	H3O+ -> H2+ + OH
245	H3O+ -> H2O+ + H
246	H3O+ -> OH+ + H2
247	H -> H+ + E
248	HE -> HE+ + E
249	O -> O+ + E
250	CO -> C + O
251	CO -> CO+ + E
252	C2 -> C + C
253	H2 -> H + H
254	H2 -> H+ + H-
255	H2 -> H2+ + E
256	C -> C+ + E
257	CH -> C + H
258	O2 -> O + O
259	O2 -> O2+ + E
260	OH -> O + H
261	CH2 -> CH2+ + E
262	H2O -> OH + H
263	HCO -> CO + H
264	HCO -> HCO+ + E
265	H2 -> H + H+ + E
266	C + C -> C2
267	C + C -> C2
268	C + O -> CO
269	C + O -> CO
270	C+ + O -> CO+
271	C+ + O -> CO+
272	C + O+ -> CO+
273	C + O+ -> CO+
274	H + O -> OH
275	OH + H -> H2O
276	O + O -> O2


#********************************
#list of reactions (without multiple limits)
1	H2+ + H- -> H + H2
2	CH+ -> C + H+
3	OH + OH -> H2O + O
4	O+ + E -> O
5	CO+ + H -> CO + H+
6	H2O + H -> H2 + OH
7	O -> O+ + E
8	H2 + HE -> H + H + HE
9	H2 + H + H -> H2 + H2
10	H3O+ + E -> H + H2O
11	H- + O -> OH + E
12	CO + HE+ -> C+ + HE + O
13	C + C -> C2
14	H2 + H+ -> H3+
15	O + H2+ -> H + OH+
16	C2 + O+ -> CO+ + C
17	H2O + HE+ -> HE + H2O+
18	H2O -> OH + H
19	H2O + C+ -> H2O+ + C
20	H2O+ -> H2+ + O
21	H2 + OH -> H2O + H
22	H2 + HE+ -> HE + H2+
23	CH + O -> OH + C
24	H2 + HE+ -> HE+ + H + H
25	OH+ + H2 -> H2O+ + H
26	CH2 + O -> HCO + H
27	O + E -> O+ + E + E
28	H2+ + H -> H2 + H+
29	H2O+ + E -> OH + H
30	CH3+ -> CH+ + H2
31	OH + C+ -> H + CO+
32	H- + H+ -> H2+ + E
33	HE + E -> HE+ + E + E
34	CH3+ -> CH2+ + H
35	C + HE+ -> C+ + HE
36	OH + H -> O + H2
37	CH+ + H -> C+ + H2
38	H2 -> H2+ + E
39	C + H+ -> C+ + H
40	H2 + H+ -> H2+ + H
41	OH + H -> O + H + H
42	O2 + CH2+ -> HCO+ + OH
43	CH2+ + E -> CH + H
44	CH + H+ -> CH+ + H
45	CH2 + H+ -> H + CH2+
46	H- + H+ -> H + H
47	H2+ -> H + H+
48	H- -> H + E
49	O2 + C+ -> CO+ + O
50	OH + H+ -> OH+ + H
51	OH -> OH+ + E
52	H3+ -> H2 + H+
53	HOC+ + H2 -> HCO+ + H2
54	H2O+ -> H+ + OH
55	H + H -> H2
56	HCO -> CO + H
57	H2 + HE+ -> HE + H + H+
58	H3+ -> H2+ + H
59	H + H + H -> H2 + H
60	HCO+ + C -> CO + CH+
61	H+ + E -> H
62	CH2 + HE+ -> HE + H2 + C+
63	H- + OH -> H2O + E
64	CH + O -> HCO+ + E
65	CH2+ + E -> C + H + H
66	O2 + H2 -> OH + OH
67	H3O+ -> H+ + H2O
68	CH3+ + O -> HOC+ + H2
69	C+ + O -> CO+
70	C + E -> C-
71	C- + H+ -> C + H
72	C -> C+ + E
73	CH3+ + E -> CH + H2
74	H -> H+ + E
75	O2 + C -> CO + O
76	CH + O -> CO + H
77	O2+ + E -> O + O
78	H3+ + E -> H2 + H
79	HCO+ + H2O -> CO + H3O+
80	O- -> O + E
81	H2 + H -> H + H + H
82	C + H3+ -> CH+ + H2
83	CH2+ + H -> CH+ + H2
84	C + H3+ -> CH2+ + H
85	C2 + O -> CO + C
86	CO+ + E -> C + O
87	H3O+ -> H2O+ + H
88	H2+ + H2 -> H3+ + H
89	CO + HE+ -> C + HE + O+
90	H3O+ + E -> O + H + H2
91	O2 + HE+ -> O2+ + HE
92	O + HE+ -> O+ + HE
93	O- + H+ -> O + H
94	H2O+ -> OH+ + H
95	HE+ + H -> HE + H+
96	CH2 + O -> CO + H + H
97	H + H+ -> H2+
98	HE+ + E -> HE
99	C + OH -> H + CO
100	C+ + E -> C
101	CH + H -> C + H2
102	C- + H2 -> CH2 + E
103	OH + HE+ -> O+ + HE + H
104	CH2 + O -> CH + OH
105	H + E -> H+ + E + E
106	H2+ + E -> H + H
107	O2 + HE+ -> O+ + HE + O
108	H + E -> H-
109	C + H -> CH
110	CH2+ + H2 -> CH3+ + H
111	C + H2+ -> CH+ + H
112	CH2 + HE+ -> HE + H + CH+
113	H2O + H+ -> H + H2O+
114	CO + H3+ -> H2 + HOC+
115	H- + E -> H + E + E
116	CH2 + H -> CH + H2
117	C + O2+ -> O2 + C+
118	CH+ + O -> CO+ + H
119	H + O -> OH
120	CH -> C + H
121	H3O+ + E -> OH + H2
122	H3+ + E -> H + H + H
123	CH2 + H+ -> H2 + CH+
124	O2 -> O + O
125	H2 -> H + H
126	C2 -> C + C
127	H2O+ + E -> O + H + H
128	CH3+ + O -> HCO+ + H2
129	C + H2 -> CH + H
130	CH2+ + O -> HCO+ + H
131	O2 + H+ -> O2+ + H
132	H- + H -> H + H + E
133	CH+ + H2 -> CH2+ + H
134	C + O2+ -> O + CO+
135	O- + H2 -> H2O + E
136	O2 + C+ -> CO + O+
137	O + H3+ -> H + H2O+
138	H2 + H2 -> H2 + H + H
139	C + O+ -> CO+
140	H3+ + H -> H2+ + H2
141	H3O+ + C -> HCO+ + H2
142	O+ + H2 -> H + OH+
143	H3O+ -> OH+ + H2
144	C- + H -> CH + E
145	OH + H -> H2O
146	C+ + H -> CH+
147	CO -> C + O
148	H2O+ -> O+ + H2
149	O + E -> O-
150	OH+ + E -> O + H
151	O+ + H -> O + H+
152	O- + C -> CO + E
153	H2O + C+ -> HOC+ + H
154	H3O+ + E -> OH + H + H
155	CH+ + E -> C + H
156	H + H + HE -> H2 + HE
157	H2 -> H + H+ + E
158	O2 -> O2+ + E
159	OH -> O + H
160	O2 + H -> OH + O
161	O + O -> O2
162	HCO -> HCO+ + E
163	HOC+ + CO -> HCO+ + CO
164	H- + C -> CH + E
165	O + H3+ -> H2 + OH+
166	H2 + H+ -> H + H + H+
167	CH3+ + H -> CH2+ + H2
168	CH3+ + E -> CH + H + H
169	O + H2 -> OH + H
170	H2O + HE+ -> HE + OH+ + H
171	CO -> CO+ + E
172	HE + H+ -> HE+ + H
173	C + E -> C+ + E + E
174	OH+ -> O + H+
175	H2O + HE+ -> HE + OH + H+
176	O + H+ -> O+ + H
177	OH + H3+ -> H2 + H2O+
178	CH -> CH+ + E
179	HE+ + E -> HE++ + E + E
180	C2 + HE+ -> C+ + C + HE
181	C + H2 -> CH2
182	H2O + C+ -> HCO+ + H
183	O + OH -> H + O2
184	C + O -> CO
185	HCO+ + E -> CO + H
186	CH + C -> C2 + H
187	H2 -> H+ + H + E
188	CH2 -> CH2+ + E
189	C+ + H -> C + H+
190	O- + H -> OH + E
191	HE -> HE+ + E
192	H2O+ + E -> O + H2
193	CH2+ + E -> C + H2
194	C+ + H2 -> CH+ + H
195	CH2 + O -> CO + H2
196	C- + O -> CO + E
197	HE++ + E -> HE+
198	H2O + H3+ -> H2 + H3O+
199	CO + H -> C + OH
200	CO + H3+ -> H2 + HCO+
201	HE+ + H- -> H + HE
202	HOC+ + E -> CO + H
203	HE+ -> HE++ + E
204	H2 + E -> H + H + E
205	CH3+ + E -> CH2 + H
206	CH + H2 -> CH2 + H
207	H3O+ -> H2+ + OH
208	H2O -> H2O+ + E
209	CH2+ -> CH+ + H
210	HCO+ + E -> OH + C
211	H2 -> H+ + H-
212	H- + H -> H2 + E
213	C- -> C + E
214	H2O+ + H2 -> H3O+ + H
215	O + H -> OH
216	CH2 -> CH + H
217	C+ + H2 -> CH2+


#********************************
#list of reactions (LaTeX format)
#Table columns format {llllllclllll}
 1 & H & + & e$^-$ & & & $\to$ & H$^+$ & + & e$^-$ & + & e$^-$\\
 2 & H$^+$ & + & e$^-$ & & & $\to$ & H & & & + & \\
 3 & H$^+$ & + & e$^-$ & & & $\to$ & H & & & + & \\
 4 & HE & + & e$^-$ & & & $\to$ & HE$^+$ & + & e$^-$ & + & e$^-$\\
 5 & HE$^+$ & + & e$^-$ & & & $\to$ & HE & & & + & \\
 6 & HE$^+$ & + & e$^-$ & & & $\to$ & HE & & & + & \\
 7 & HE$^+$ & + & e$^-$ & & & $\to$ & HE$^+$$^+$ & + & e$^-$ & + & e$^-$\\
 8 & HE$^+$ & + & H & & & $\to$ & HE & + & H$^+$ & + & \\
 9 & HE & + & H$^+$ & & & $\to$ & HE$^+$ & + & H & + & \\
 10 & HE & + & H$^+$ & & & $\to$ & HE$^+$ & + & H & + & \\
 11 & H$_2$ & + & HE & & & $\to$ & H & + & H & + & HE\\
 12 & H$_2$ & + & HE$^+$ & & & $\to$ & HE & + & H$_2$$^+$ & + & \\
 13 & H$_2$ & + & HE$^+$ & & & $\to$ & HE & + & H & + & H$^+$\\
 14 & H$_2$ & + & HE$^+$ & & & $\to$ & HE$^+$ & + & H & + & H\\
 15 & HE$^+$$^+$ & + & e$^-$ & & & $\to$ & HE$^+$ & & & + & \\
 16 & H & + & e$^-$ & & & $\to$ & H$^-$ & & & + & \\
 17 & H$^-$ & + & H & & & $\to$ & H$_2$ & + & e$^-$ & + & \\
 18 & H & + & H$^+$ & & & $\to$ & H$_2$$^+$ & & & + & \\
 19 & H & + & H$^+$ & & & $\to$ & H$_2$$^+$ & & & + & \\
 20 & H$_2$$^+$ & + & H & & & $\to$ & H$_2$ & + & H$^+$ & + & \\
 21 & H$_2$ & + & H$^+$ & & & $\to$ & H$_2$$^+$ & + & H & + & \\
 22 & H$_2$ & + & e$^-$ & & & $\to$ & H & + & H & + & e$^-$\\
 23 & H$_2$ & + & H & & & $\to$ & H & + & H & + & H\\
 24 & H$^-$ & + & e$^-$ & & & $\to$ & H & + & e$^-$ & + & e$^-$\\
 25 & H$^-$ & + & H & & & $\to$ & H & + & H & + & e$^-$\\
 26 & H$^-$ & + & H & & & $\to$ & H & + & H & + & e$^-$\\
 27 & H$^-$ & + & H$^+$ & & & $\to$ & H & + & H & + & \\
 28 & H$^-$ & + & H$^+$ & & & $\to$ & H$_2$$^+$ & + & e$^-$ & + & \\
 29 & H$_2$$^+$ & + & e$^-$ & & & $\to$ & H & + & H & + & \\
 30 & H$_2$$^+$ & + & e$^-$ & & & $\to$ & H & + & H & + & \\
 31 & H$_2$$^+$ & + & H$^-$ & & & $\to$ & H & + & H$_2$ & + & \\
 32 & H$_2$ & + & H$_2$ & & & $\to$ & H$_2$ & + & H & + & H\\
 33 & H & + & H & + & HE & $\to$ & H$_2$ & + & HE & + & \\
 34 & H & + & H & + & H & $\to$ & H$_2$ & + & H & + & \\
 35 & H$_2$ & + & H & + & H & $\to$ & H$_2$ & + & H$_2$ & + & \\
 36 & C$^+$ & + & e$^-$ & & & $\to$ & C & & & + & \\
 37 & C$^+$ & + & e$^-$ & & & $\to$ & C & & & + & \\
 38 & C$^+$ & + & e$^-$ & & & $\to$ & C & & & + & \\
 39 & O$^+$ & + & e$^-$ & & & $\to$ & O & & & + & \\
 40 & O$^+$ & + & e$^-$ & & & $\to$ & O & & & + & \\
 41 & C & + & e$^-$ & & & $\to$ & C$^+$ & + & e$^-$ & + & e$^-$\\
 42 & O & + & e$^-$ & & & $\to$ & O$^+$ & + & e$^-$ & + & e$^-$\\
 43 & O$^+$ & + & H & & & $\to$ & O & + & H$^+$ & + & \\
 44 & O & + & H$^+$ & & & $\to$ & O$^+$ & + & H & + & \\
 45 & O & + & HE$^+$ & & & $\to$ & O$^+$ & + & HE & + & \\
 46 & C & + & H$^+$ & & & $\to$ & C$^+$ & + & H & + & \\
 47 & C$^+$ & + & H & & & $\to$ & C & + & H$^+$ & + & \\
 48 & C & + & HE$^+$ & & & $\to$ & C$^+$ & + & HE & + & \\
 49 & C & + & HE$^+$ & & & $\to$ & C$^+$ & + & HE & + & \\
 50 & C & + & HE$^+$ & & & $\to$ & C$^+$ & + & HE & + & \\
 51 & OH & + & H & & & $\to$ & O & + & H & + & H\\
 52 & HOC$^+$ & + & H$_2$ & & & $\to$ & HCO$^+$ & + & H$_2$ & + & \\
 53 & HOC$^+$ & + & CO & & & $\to$ & HCO$^+$ & + & CO & + & \\
 54 & HOC$^+$ & + & CO & & & $\to$ & HCO$^+$ & + & CO & + & \\
 55 & C & + & H$_2$ & & & $\to$ & CH & + & H & + & \\
 56 & CH & + & H & & & $\to$ & C & + & H$_2$ & + & \\
 57 & CH & + & H$_2$ & & & $\to$ & CH$_2$ & + & H & + & \\
 58 & CH & + & C & & & $\to$ & C$_2$ & + & H & + & \\
 59 & CH & + & O & & & $\to$ & CO & + & H & + & \\
 60 & CH & + & O & & & $\to$ & HCO$^+$ & + & e$^-$ & + & \\
 61 & CH & + & O & & & $\to$ & OH & + & C & + & \\
 62 & CH$_2$ & + & H & & & $\to$ & CH & + & H$_2$ & + & \\
 63 & CH$_2$ & + & O & & & $\to$ & CO & + & H & + & H\\
 64 & CH$_2$ & + & O & & & $\to$ & CO & + & H$_2$ & + & \\
 65 & CH$_2$ & + & O & & & $\to$ & HCO & + & H & + & \\
 66 & CH$_2$ & + & O & & & $\to$ & CH & + & OH & + & \\
 67 & C$_2$ & + & O & & & $\to$ & CO & + & C & + & \\
 68 & C$_2$ & + & O & & & $\to$ & CO & + & C & + & \\
 69 & O & + & H$_2$ & & & $\to$ & OH & + & H & + & \\
 70 & OH & + & H & & & $\to$ & O & + & H$_2$ & + & \\
 71 & OH & + & H & & & $\to$ & O & + & H$_2$ & + & \\
 72 & H$_2$ & + & OH & & & $\to$ & H$_2$O & + & H & + & \\
 73 & C & + & OH & & & $\to$ & H & + & CO & + & \\
 74 & C & + & OH & & & $\to$ & H & + & CO & + & \\
 75 & O & + & OH & & & $\to$ & H & + & O$_2$ & + & \\
 76 & O & + & OH & & & $\to$ & H & + & O$_2$ & + & \\
 77 & OH & + & OH & & & $\to$ & H$_2$O & + & O & + & \\
 78 & H$_2$O & + & H & & & $\to$ & H$_2$ & + & OH & + & \\
 79 & O$_2$ & + & H & & & $\to$ & OH & + & O & + & \\
 80 & O$_2$ & + & H$_2$ & & & $\to$ & OH & + & OH & + & \\
 81 & O$_2$ & + & C & & & $\to$ & CO & + & O & + & \\
 82 & O$_2$ & + & C & & & $\to$ & CO & + & O & + & \\
 83 & CO & + & H & & & $\to$ & C & + & OH & + & \\
 84 & H$_2$$^+$ & + & H$_2$ & & & $\to$ & H$_3$$^+$ & + & H & + & \\
 85 & H$_3$$^+$ & + & H & & & $\to$ & H$_2$$^+$ & + & H$_2$ & + & \\
 86 & C & + & H$_2$$^+$ & & & $\to$ & CH$^+$ & + & H & + & \\
 87 & C & + & H$_3$$^+$ & & & $\to$ & CH$^+$ & + & H$_2$ & + & \\
 88 & C & + & H$_3$$^+$ & & & $\to$ & CH$_2$$^+$ & + & H & + & \\
 89 & C$^+$ & + & H$_2$ & & & $\to$ & CH$^+$ & + & H & + & \\
 90 & CH$^+$ & + & H & & & $\to$ & C$^+$ & + & H$_2$ & + & \\
 91 & CH$^+$ & + & H$_2$ & & & $\to$ & CH$_2$$^+$ & + & H & + & \\
 92 & CH$^+$ & + & O & & & $\to$ & CO$^+$ & + & H & + & \\
 93 & CH$_2$$^+$ & + & H & & & $\to$ & CH$^+$ & + & H$_2$ & + & \\
 94 & CH$_2$$^+$ & + & H$_2$ & & & $\to$ & CH$_3$$^+$ & + & H & + & \\
 95 & CH$_2$$^+$ & + & O & & & $\to$ & HCO$^+$ & + & H & + & \\
 96 & CH$_3$$^+$ & + & H & & & $\to$ & CH$_2$$^+$ & + & H$_2$ & + & \\
 97 & CH$_3$$^+$ & + & O & & & $\to$ & HOC$^+$ & + & H$_2$ & + & \\
 98 & CH$_3$$^+$ & + & O & & & $\to$ & HCO$^+$ & + & H$_2$ & + & \\
 99 & C$_2$ & + & O$^+$ & & & $\to$ & CO$^+$ & + & C & + & \\
 100 & O$^+$ & + & H$_2$ & & & $\to$ & H & + & OH$^+$ & + & \\
 101 & O & + & H$_2$$^+$ & & & $\to$ & H & + & OH$^+$ & + & \\
 102 & O & + & H$_3$$^+$ & & & $\to$ & H$_2$ & + & OH$^+$ & + & \\
 103 & O & + & H$_3$$^+$ & & & $\to$ & H & + & H$_2$O$^+$ & + & \\
 104 & OH & + & H$_3$$^+$ & & & $\to$ & H$_2$ & + & H$_2$O$^+$ & + & \\
 105 & OH & + & H$_3$$^+$ & & & $\to$ & H$_2$ & + & H$_2$O$^+$ & + & \\
 106 & OH & + & C$^+$ & & & $\to$ & H & + & CO$^+$ & + & \\
 107 & OH & + & C$^+$ & & & $\to$ & H & + & CO$^+$ & + & \\
 108 & OH$^+$ & + & H$_2$ & & & $\to$ & H$_2$O$^+$ & + & H & + & \\
 109 & H$_2$O$^+$ & + & H$_2$ & & & $\to$ & H$_3$O$^+$ & + & H & + & \\
 110 & H$_2$O & + & H$_3$$^+$ & & & $\to$ & H$_2$ & + & H$_3$O$^+$ & + & \\
 111 & H$_2$O & + & H$_3$$^+$ & & & $\to$ & H$_2$ & + & H$_3$O$^+$ & + & \\
 112 & H$_2$O & + & C$^+$ & & & $\to$ & HOC$^+$ & + & H & + & \\
 113 & H$_2$O & + & C$^+$ & & & $\to$ & HCO$^+$ & + & H & + & \\
 114 & H$_2$O & + & C$^+$ & & & $\to$ & HCO$^+$ & + & H & + & \\
 115 & H$_2$O & + & C$^+$ & & & $\to$ & H$_2$O$^+$ & + & C & + & \\
 116 & H$_3$O$^+$ & + & C & & & $\to$ & HCO$^+$ & + & H$_2$ & + & \\
 117 & O$_2$ & + & C$^+$ & & & $\to$ & CO$^+$ & + & O & + & \\
 118 & O$_2$ & + & C$^+$ & & & $\to$ & CO & + & O$^+$ & + & \\
 119 & O$_2$ & + & CH$_2$$^+$ & & & $\to$ & HCO$^+$ & + & OH & + & \\
 120 & C & + & O$_2$$^+$ & & & $\to$ & O & + & CO$^+$ & + & \\
 121 & C & + & O$_2$$^+$ & & & $\to$ & O$_2$ & + & C$^+$ & + & \\
 122 & CO & + & H$_3$$^+$ & & & $\to$ & H$_2$ & + & HCO$^+$ & + & \\
 123 & CO & + & H$_3$$^+$ & & & $\to$ & H$_2$ & + & HCO$^+$ & + & \\
 124 & CO & + & H$_3$$^+$ & & & $\to$ & H$_2$ & + & HOC$^+$ & + & \\
 125 & CO & + & H$_3$$^+$ & & & $\to$ & H$_2$ & + & HOC$^+$ & + & \\
 126 & HCO$^+$ & + & C & & & $\to$ & CO & + & CH$^+$ & + & \\
 127 & HCO$^+$ & + & H$_2$O & & & $\to$ & CO & + & H$_3$O$^+$ & + & \\
 128 & HCO$^+$ & + & H$_2$O & & & $\to$ & CO & + & H$_3$O$^+$ & + & \\
 129 & CH & + & H$^+$ & & & $\to$ & CH$^+$ & + & H & + & \\
 130 & CH & + & H$^+$ & & & $\to$ & CH$^+$ & + & H & + & \\
 131 & CH$_2$ & + & H$^+$ & & & $\to$ & H$_2$ & + & CH$^+$ & + & \\
 132 & CH$_2$ & + & H$^+$ & & & $\to$ & H$_2$ & + & CH$^+$ & + & \\
 133 & CH$_2$ & + & H$^+$ & & & $\to$ & H & + & CH$_2$$^+$ & + & \\
 134 & CH$_2$ & + & H$^+$ & & & $\to$ & H & + & CH$_2$$^+$ & + & \\
 135 & CH$_2$ & + & HE$^+$ & & & $\to$ & HE & + & H$_2$ & + & C$^+$\\
 136 & CH$_2$ & + & HE$^+$ & & & $\to$ & HE & + & H$_2$ & + & C$^+$\\
 137 & CH$_2$ & + & HE$^+$ & & & $\to$ & HE & + & H & + & CH$^+$\\
 138 & CH$_2$ & + & HE$^+$ & & & $\to$ & HE & + & H & + & CH$^+$\\
 139 & C$_2$ & + & HE$^+$ & & & $\to$ & C$^+$ & + & C & + & HE\\
 140 & OH & + & H$^+$ & & & $\to$ & OH$^+$ & + & H & + & \\
 141 & OH & + & H$^+$ & & & $\to$ & OH$^+$ & + & H & + & \\
 142 & OH & + & HE$^+$ & & & $\to$ & O$^+$ & + & HE & + & H\\
 143 & OH & + & HE$^+$ & & & $\to$ & O$^+$ & + & HE & + & H\\
 144 & H$_2$O & + & H$^+$ & & & $\to$ & H & + & H$_2$O$^+$ & + & \\
 145 & H$_2$O & + & H$^+$ & & & $\to$ & H & + & H$_2$O$^+$ & + & \\
 146 & H$_2$O & + & HE$^+$ & & & $\to$ & HE & + & OH & + & H$^+$\\
 147 & H$_2$O & + & HE$^+$ & & & $\to$ & HE & + & OH & + & H$^+$\\
 148 & H$_2$O & + & HE$^+$ & & & $\to$ & HE & + & OH$^+$ & + & H\\
 149 & H$_2$O & + & HE$^+$ & & & $\to$ & HE & + & OH$^+$ & + & H\\
 150 & H$_2$O & + & HE$^+$ & & & $\to$ & HE & + & H$_2$O$^+$ & + & \\
 151 & H$_2$O & + & HE$^+$ & & & $\to$ & HE & + & H$_2$O$^+$ & + & \\
 152 & O$_2$ & + & H$^+$ & & & $\to$ & O$_2$$^+$ & + & H & + & \\
 153 & O$_2$ & + & HE$^+$ & & & $\to$ & O$_2$$^+$ & + & HE & + & \\
 154 & O$_2$ & + & HE$^+$ & & & $\to$ & O$^+$ & + & HE & + & O\\
 155 & CO & + & HE$^+$ & & & $\to$ & C$^+$ & + & HE & + & O\\
 156 & CO & + & HE$^+$ & & & $\to$ & C & + & HE & + & O$^+$\\
 157 & CO$^+$ & + & H & & & $\to$ & CO & + & H$^+$ & + & \\
 158 & C$^-$ & + & H$^+$ & & & $\to$ & C & + & H & + & \\
 159 & O$^-$ & + & H$^+$ & & & $\to$ & O & + & H & + & \\
 160 & HE$^+$ & + & H$^-$ & & & $\to$ & H & + & HE & + & \\
 161 & H$_3$$^+$ & + & e$^-$ & & & $\to$ & H$_2$ & + & H & + & \\
 162 & H$_3$$^+$ & + & e$^-$ & & & $\to$ & H & + & H & + & H\\
 163 & CH$^+$ & + & e$^-$ & & & $\to$ & C & + & H & + & \\
 164 & CH$_2$$^+$ & + & e$^-$ & & & $\to$ & CH & + & H & + & \\
 165 & CH$_2$$^+$ & + & e$^-$ & & & $\to$ & C & + & H$_2$ & + & \\
 166 & CH$_2$$^+$ & + & e$^-$ & & & $\to$ & C & + & H & + & H\\
 167 & CH$_3$$^+$ & + & e$^-$ & & & $\to$ & CH$_2$ & + & H & + & \\
 168 & CH$_3$$^+$ & + & e$^-$ & & & $\to$ & CH & + & H$_2$ & + & \\
 169 & CH$_3$$^+$ & + & e$^-$ & & & $\to$ & CH & + & H & + & H\\
 170 & OH$^+$ & + & e$^-$ & & & $\to$ & O & + & H & + & \\
 171 & H$_2$O$^+$ & + & e$^-$ & & & $\to$ & O & + & H$_2$ & + & \\
 172 & H$_2$O$^+$ & + & e$^-$ & & & $\to$ & OH & + & H & + & \\
 173 & H$_2$O$^+$ & + & e$^-$ & & & $\to$ & O & + & H & + & H\\
 174 & H$_3$O$^+$ & + & e$^-$ & & & $\to$ & OH & + & H & + & H\\
 175 & H$_3$O$^+$ & + & e$^-$ & & & $\to$ & O & + & H & + & H$_2$\\
 176 & H$_3$O$^+$ & + & e$^-$ & & & $\to$ & H & + & H$_2$O & + & \\
 177 & H$_3$O$^+$ & + & e$^-$ & & & $\to$ & OH & + & H$_2$ & + & \\
 178 & O$_2$$^+$ & + & e$^-$ & & & $\to$ & O & + & O & + & \\
 179 & CO$^+$ & + & e$^-$ & & & $\to$ & C & + & O & + & \\
 180 & HCO$^+$ & + & e$^-$ & & & $\to$ & CO & + & H & + & \\
 181 & HCO$^+$ & + & e$^-$ & & & $\to$ & OH & + & C & + & \\
 182 & HOC$^+$ & + & e$^-$ & & & $\to$ & CO & + & H & + & \\
 183 & H$^-$ & + & C & & & $\to$ & CH & + & e$^-$ & + & \\
 184 & H$^-$ & + & O & & & $\to$ & OH & + & e$^-$ & + & \\
 185 & H$^-$ & + & OH & & & $\to$ & H$_2$O & + & e$^-$ & + & \\
 186 & C$^-$ & + & H & & & $\to$ & CH & + & e$^-$ & + & \\
 187 & C$^-$ & + & H$_2$ & & & $\to$ & CH$_2$ & + & e$^-$ & + & \\
 188 & C$^-$ & + & O & & & $\to$ & CO & + & e$^-$ & + & \\
 189 & O$^-$ & + & H & & & $\to$ & OH & + & e$^-$ & + & \\
 190 & O$^-$ & + & H$_2$ & & & $\to$ & H$_2$O & + & e$^-$ & + & \\
 191 & O$^-$ & + & C & & & $\to$ & CO & + & e$^-$ & + & \\
 192 & H$_2$ & + & H$^+$ & & & $\to$ & H & + & H & + & H$^+$\\
 193 & H$_2$ & + & H$^+$ & & & $\to$ & H$_3$$^+$ & & & + & \\
 194 & C & + & e$^-$ & & & $\to$ & C$^-$ & & & + & \\
 195 & C & + & H & & & $\to$ & CH & & & + & \\
 196 & C & + & H$_2$ & & & $\to$ & CH$_2$ & & & + & \\
 197 & C & + & C & & & $\to$ & C$_2$ & & & + & \\
 198 & C & + & O & & & $\to$ & CO & & & + & \\
 199 & C$^+$ & + & H & & & $\to$ & CH$^+$ & & & + & \\
 200 & C$^+$ & + & H$_2$ & & & $\to$ & CH$_2$$^+$ & & & + & \\
 201 & C$^+$ & + & O & & & $\to$ & CO$^+$ & & & + & \\
 202 & C$^+$ & + & O & & & $\to$ & CO$^+$ & & & + & \\
 203 & O & + & e$^-$ & & & $\to$ & O$^-$ & & & + & \\
 204 & O & + & H & & & $\to$ & OH & & & + & \\
 205 & O & + & O & & & $\to$ & O$_2$ & & & + & \\
 206 & OH & + & H & & & $\to$ & H$_2$O & & & + & \\
 207 & H & + & H & & & $\to$ & H$_2$ & & & + & \\
 208 & H & & & + &  & $\to$ & H$^+$ & + & e$^-$ & + & \\
 209 & HE & & & + &  & $\to$ & HE$^+$ & + & e$^-$ & + & \\
 210 & HE$^+$ & & & + &  & $\to$ & HE$^+$$^+$ & + & e$^-$ & + & \\
 211 & O & & & + &  & $\to$ & O$^+$ & + & e$^-$ & + & \\
 212 & C & & & + &  & $\to$ & C$^+$ & + & e$^-$ & + & \\
 213 & H$_2$ & & & + &  & $\to$ & H$_2$$^+$ & + & e$^-$ & + & \\
 214 & H$^-$ & & & + &  & $\to$ & H & + & e$^-$ & + & \\
 215 & CH & & & + &  & $\to$ & C & + & H & + & \\
 216 & CH & & & + &  & $\to$ & CH$^+$ & + & e$^-$ & + & \\
 217 & C$_2$ & & & + &  & $\to$ & C & + & C & + & \\
 218 & OH & & & + &  & $\to$ & O & + & H & + & \\
 219 & OH & & & + &  & $\to$ & OH$^+$ & + & e$^-$ & + & \\
 220 & H$_2$O & & & + &  & $\to$ & OH & + & H & + & \\
 221 & H$_2$O & & & + &  & $\to$ & H$_2$O$^+$ & + & e$^-$ & + & \\
 222 & O$_2$ & & & + &  & $\to$ & O$_2$$^+$ & + & e$^-$ & + & \\
 223 & O$_2$ & & & + &  & $\to$ & O & + & O & + & \\
 224 & H$_2$ & & & + &  & $\to$ & H$^+$ & + & H & + & e$^-$\\
 225 & CO & & & + &  & $\to$ & C & + & O & + & \\
 226 & H$_2$ & & & + &  & $\to$ & H & + & H & + & \\
 227 & H$_2$$^+$ & & & + &  & $\to$ & H & + & H$^+$ & + & \\
 228 & H$_3$$^+$ & & & + &  & $\to$ & H$_2$ & + & H$^+$ & + & \\
 229 & H$_3$$^+$ & & & + &  & $\to$ & H$_2$$^+$ & + & H & + & \\
 230 & C$^-$ & & & + &  & $\to$ & C & + & e$^-$ & + & \\
 231 & CH$^+$ & & & + &  & $\to$ & C & + & H$^+$ & + & \\
 232 & CH$_2$ & & & + &  & $\to$ & CH & + & H & + & \\
 233 & CH$_2$ & & & + &  & $\to$ & CH$_2$$^+$ & + & e$^-$ & + & \\
 234 & CH$_2$$^+$ & & & + &  & $\to$ & CH$^+$ & + & H & + & \\
 235 & CH$_3$$^+$ & & & + &  & $\to$ & CH$_2$$^+$ & + & H & + & \\
 236 & CH$_3$$^+$ & & & + &  & $\to$ & CH$^+$ & + & H$_2$ & + & \\
 237 & O$^-$ & & & + &  & $\to$ & O & + & e$^-$ & + & \\
 238 & OH$^+$ & & & + &  & $\to$ & O & + & H$^+$ & + & \\
 239 & H$_2$O$^+$ & & & + &  & $\to$ & H$_2$$^+$ & + & O & + & \\
 240 & H$_2$O$^+$ & & & + &  & $\to$ & H$^+$ & + & OH & + & \\
 241 & H$_2$O$^+$ & & & + &  & $\to$ & O$^+$ & + & H$_2$ & + & \\
 242 & H$_2$O$^+$ & & & + &  & $\to$ & OH$^+$ & + & H & + & \\
 243 & H$_3$O$^+$ & & & + &  & $\to$ & H$^+$ & + & H$_2$O & + & \\
 244 & H$_3$O$^+$ & & & + &  & $\to$ & H$_2$$^+$ & + & OH & + & \\
 245 & H$_3$O$^+$ & & & + &  & $\to$ & H$_2$O$^+$ & + & H & + & \\
 246 & H$_3$O$^+$ & & & + &  & $\to$ & OH$^+$ & + & H$_2$ & + & \\
 247 & H & & & + &  & $\to$ & H$^+$ & + & e$^-$ & + & \\
 248 & HE & & & + &  & $\to$ & HE$^+$ & + & e$^-$ & + & \\
 249 & O & & & + &  & $\to$ & O$^+$ & + & e$^-$ & + & \\
 250 & CO & & & + &  & $\to$ & C & + & O & + & \\
 251 & CO & & & + &  & $\to$ & CO$^+$ & + & e$^-$ & + & \\
 252 & C$_2$ & & & + &  & $\to$ & C & + & C & + & \\
 253 & H$_2$ & & & + &  & $\to$ & H & + & H & + & \\
 254 & H$_2$ & & & + &  & $\to$ & H$^+$ & + & H$^-$ & + & \\
 255 & H$_2$ & & & + &  & $\to$ & H$_2$$^+$ & + & e$^-$ & + & \\
 256 & C & & & + &  & $\to$ & C$^+$ & + & e$^-$ & + & \\
 257 & CH & & & + &  & $\to$ & C & + & H & + & \\
 258 & O$_2$ & & & + &  & $\to$ & O & + & O & + & \\
 259 & O$_2$ & & & + &  & $\to$ & O$_2$$^+$ & + & e$^-$ & + & \\
 260 & OH & & & + &  & $\to$ & O & + & H & + & \\
 261 & CH$_2$ & & & + &  & $\to$ & CH$_2$$^+$ & + & e$^-$ & + & \\
 262 & H$_2$O & & & + &  & $\to$ & OH & + & H & + & \\
 263 & HCO & & & + &  & $\to$ & CO & + & H & + & \\
 264 & HCO & & & + &  & $\to$ & HCO$^+$ & + & e$^-$ & + & \\
 265 & H$_2$ & & & + &  & $\to$ & H & + & H$^+$ & + & e$^-$\\
 266 & C & + & C & & & $\to$ & C$_2$ & & & + & \\
 267 & C & + & C & & & $\to$ & C$_2$ & & & + & \\
 268 & C & + & O & & & $\to$ & CO & & & + & \\
 269 & C & + & O & & & $\to$ & CO & & & + & \\
 270 & C$^+$ & + & O & & & $\to$ & CO$^+$ & & & + & \\
 271 & C$^+$ & + & O & & & $\to$ & CO$^+$ & & & + & \\
 272 & C & + & O$^+$ & & & $\to$ & CO$^+$ & & & + & \\
 273 & C & + & O$^+$ & & & $\to$ & CO$^+$ & & & + & \\
 274 & H & + & O & & & $\to$ & OH & & & + & \\
 275 & OH & + & H & & & $\to$ & H$_2$O & & & + & \\
 276 & O & + & O & & & $\to$ & O$_2$ & & & + & \\
