#This file contains index list and other info


#********************************
# Species list with their indexes
1	E	krome_idx_E
2	H-	krome_idx_Hk
3	C-	krome_idx_Ck
4	O-	krome_idx_Ok
5	H	krome_idx_H
6	HE	krome_idx_HE
7	H2	krome_idx_H2
8	C	krome_idx_C
9	O	krome_idx_O
10	OH	krome_idx_OH
11	CO	krome_idx_CO
12	CH	krome_idx_CH
13	CH2	krome_idx_CH2
14	C2	krome_idx_C2
15	HCO	krome_idx_HCO
16	H2O	krome_idx_H2O
17	O2	krome_idx_O2
18	FE	krome_idx_FE
19	SI	krome_idx_SI
20	MG	krome_idx_MG
21	H+	krome_idx_Hj
22	HE+	krome_idx_HEj
23	H2+	krome_idx_H2j
24	C+	krome_idx_Cj
25	O+	krome_idx_Oj
26	HOC+	krome_idx_HOCj
27	HCO+	krome_idx_HCOj
28	H3+	krome_idx_H3j
29	CH+	krome_idx_CHj
30	CH2+	krome_idx_CH2j
31	CO+	krome_idx_COj
32	CH3+	krome_idx_CH3j
33	OH+	krome_idx_OHj
34	H2O+	krome_idx_H2Oj
35	H3O+	krome_idx_H3Oj
36	O2+	krome_idx_O2j
37	SI+	krome_idx_SIj
38	FE+	krome_idx_FEj
39	MG+	krome_idx_MGj
40	HE++	krome_idx_HEjj
41	CR	krome_idx_CR
42	g	krome_idx_g
43	Tgas	krome_idx_Tgas
44	dummy	krome_idx_dummy

#Note: the first 40 variables above should be used
# as framework code passive scalars, while the last 4
# are employed inside KROME.


#********************************
# Species in a Python list of strings
["E", "H-", "C-", "O-", "H", "HE", "H2", "C", "O", "OH", \
 "CO", "CH", "CH2", "C2", "HCO", "H2O", "O2", "FE", "SI", "MG", \
 "H+", "HE+", "H2+", "C+", "O+", "HOC+", "HCO+", "H3+", "CH+", "CH2+", \
 "CO+", "CH3+", "OH+", "H2O+", "H3O+", "O2+", "SI+", "FE+", "MG+", "HE++", \
 "CR", "g", "Tgas", "dummy", ]


#********************************
#useful parameters
krome_nrea           = 289  !number of reactions
krome_nmols          = 40   !number of chemical species
krome_nspec          = 44   !number of species including Tgas,CR,...
krome_ndust          = 0    !number of dust bins (total)
krome_ndustTypes     = 0    !number of dust types
krome_nPhotoBins     = 100  !number of radiation bins
krome_nPhotoRates    = 20   !number of photochemical reactions


#********************************
#list of reactions (including with multiple limits)
1	H + E -> H+ + E + E
2	H+ + E -> H
3	H+ + E -> H
4	HE + E -> HE+ + E + E
5	HE+ + E -> HE
6	HE+ + E -> HE
7	HE+ + E -> HE++ + E + E
8	HE+ + H -> HE + H+
9	HE + H+ -> HE+ + H
10	HE + H+ -> HE+ + H
11	H2 + HE -> H + H + HE
12	H2 + HE+ -> HE + H2+
13	H2 + HE+ -> HE + H + H+
14	H2 + HE+ -> HE+ + H + H
15	HE++ + E -> HE+
16	H + E -> H-
17	H- + H -> H2 + E
18	H + H+ -> H2+
19	H + H+ -> H2+
20	H2+ + H -> H2 + H+
21	H2 + H+ -> H2+ + H
22	H2 + E -> H + H + E
23	H2 + H -> H + H + H
24	H- + E -> H + E + E
25	H- + H -> H + H + E
26	H- + H -> H + H + E
27	H- + H+ -> H + H
28	H- + H+ -> H2+ + E
29	H2+ + E -> H + H
30	H2+ + E -> H + H
31	H2+ + H- -> H + H2
32	H2 + H2 -> H2 + H + H
33	H + H + HE -> H2 + HE
34	H + H + H -> H2 + H
35	H2 + H + H -> H2 + H2
36	C+ + E -> C
37	C+ + E -> C
38	C+ + E -> C
39	O+ + E -> O
40	O+ + E -> O
41	C + E -> C+ + E + E
42	O + E -> O+ + E + E
43	O+ + H -> O + H+
44	O + H+ -> O+ + H
45	O + HE+ -> O+ + HE
46	C + H+ -> C+ + H
47	C+ + H -> C + H+
48	C + HE+ -> C+ + HE
49	C + HE+ -> C+ + HE
50	C + HE+ -> C+ + HE
51	OH + H -> O + H + H
52	HOC+ + H2 -> HCO+ + H2
53	HOC+ + CO -> HCO+ + CO
54	HOC+ + CO -> HCO+ + CO
55	C + H2 -> CH + H
56	CH + H -> C + H2
57	CH + H2 -> CH2 + H
58	CH + C -> C2 + H
59	CH + O -> CO + H
60	CH + O -> HCO+ + E
61	CH + O -> OH + C
62	CH2 + H -> CH + H2
63	CH2 + O -> CO + H + H
64	CH2 + O -> CO + H2
65	CH2 + O -> HCO + H
66	CH2 + O -> CH + OH
67	C2 + O -> CO + C
68	C2 + O -> CO + C
69	O + H2 -> OH + H
70	OH + H -> O + H2
71	OH + H -> O + H2
72	H2 + OH -> H2O + H
73	C + OH -> H + CO
74	C + OH -> H + CO
75	O + OH -> H + O2
76	O + OH -> H + O2
77	OH + OH -> H2O + O
78	H2O + H -> H2 + OH
79	O2 + H -> OH + O
80	O2 + H2 -> OH + OH
81	O2 + C -> CO + O
82	O2 + C -> CO + O
83	CO + H -> C + OH
84	H2+ + H2 -> H3+ + H
85	H3+ + H -> H2+ + H2
86	C + H2+ -> CH+ + H
87	C + H3+ -> CH+ + H2
88	C + H3+ -> CH2+ + H
89	C+ + H2 -> CH+ + H
90	CH+ + H -> C+ + H2
91	CH+ + H2 -> CH2+ + H
92	CH+ + O -> CO+ + H
93	CH2+ + H -> CH+ + H2
94	CH2+ + H2 -> CH3+ + H
95	CH2+ + O -> HCO+ + H
96	CH3+ + H -> CH2+ + H2
97	CH3+ + O -> HOC+ + H2
98	CH3+ + O -> HCO+ + H2
99	C2 + O+ -> CO+ + C
100	O+ + H2 -> H + OH+
101	O + H2+ -> H + OH+
102	O + H3+ -> H2 + OH+
103	O + H3+ -> H + H2O+
104	OH + H3+ -> H2 + H2O+
105	OH + H3+ -> H2 + H2O+
106	OH + C+ -> H + CO+
107	OH + C+ -> H + CO+
108	OH+ + H2 -> H2O+ + H
109	H2O+ + H2 -> H3O+ + H
110	H2O + H3+ -> H2 + H3O+
111	H2O + H3+ -> H2 + H3O+
112	H2O + C+ -> HOC+ + H
113	H2O + C+ -> HCO+ + H
114	H2O + C+ -> HCO+ + H
115	H2O + C+ -> H2O+ + C
116	H3O+ + C -> HCO+ + H2
117	O2 + C+ -> CO+ + O
118	O2 + C+ -> CO + O+
119	O2 + CH2+ -> HCO+ + OH
120	C + O2+ -> O + CO+
121	C + O2+ -> O2 + C+
122	CO + H3+ -> H2 + HCO+
123	CO + H3+ -> H2 + HCO+
124	CO + H3+ -> H2 + HOC+
125	CO + H3+ -> H2 + HOC+
126	HCO+ + C -> CO + CH+
127	HCO+ + H2O -> CO + H3O+
128	HCO+ + H2O -> CO + H3O+
129	CH + H+ -> CH+ + H
130	CH + H+ -> CH+ + H
131	CH2 + H+ -> H2 + CH+
132	CH2 + H+ -> H2 + CH+
133	CH2 + H+ -> H + CH2+
134	CH2 + H+ -> H + CH2+
135	CH2 + HE+ -> HE + H2 + C+
136	CH2 + HE+ -> HE + H2 + C+
137	CH2 + HE+ -> HE + H + CH+
138	CH2 + HE+ -> HE + H + CH+
139	C2 + HE+ -> C+ + C + HE
140	OH + H+ -> OH+ + H
141	OH + H+ -> OH+ + H
142	OH + HE+ -> O+ + HE + H
143	OH + HE+ -> O+ + HE + H
144	H2O + H+ -> H + H2O+
145	H2O + H+ -> H + H2O+
146	H2O + HE+ -> HE + OH + H+
147	H2O + HE+ -> HE + OH + H+
148	H2O + HE+ -> HE + OH+ + H
149	H2O + HE+ -> HE + OH+ + H
150	H2O + HE+ -> HE + H2O+
151	H2O + HE+ -> HE + H2O+
152	O2 + H+ -> O2+ + H
153	O2 + HE+ -> O2+ + HE
154	O2 + HE+ -> O+ + HE + O
155	CO + HE+ -> C+ + HE + O
156	CO + HE+ -> C + HE + O+
157	CO+ + H -> CO + H+
158	C- + H+ -> C + H
159	O- + H+ -> O + H
160	HE+ + H- -> H + HE
161	H3+ + E -> H2 + H
162	H3+ + E -> H + H + H
163	CH+ + E -> C + H
164	CH2+ + E -> CH + H
165	CH2+ + E -> C + H2
166	CH2+ + E -> C + H + H
167	CH3+ + E -> CH2 + H
168	CH3+ + E -> CH + H2
169	CH3+ + E -> CH + H + H
170	OH+ + E -> O + H
171	H2O+ + E -> O + H2
172	H2O+ + E -> OH + H
173	H2O+ + E -> O + H + H
174	H3O+ + E -> OH + H + H
175	H3O+ + E -> O + H + H2
176	H3O+ + E -> H + H2O
177	H3O+ + E -> OH + H2
178	O2+ + E -> O + O
179	CO+ + E -> C + O
180	HCO+ + E -> CO + H
181	HCO+ + E -> OH + C
182	HOC+ + E -> CO + H
183	H- + C -> CH + E
184	H- + O -> OH + E
185	H- + OH -> H2O + E
186	C- + H -> CH + E
187	C- + H2 -> CH2 + E
188	C- + O -> CO + E
189	O- + H -> OH + E
190	O- + H2 -> H2O + E
191	O- + C -> CO + E
192	H2 + H+ -> H + H + H+
193	H2 + H+ -> H3+
194	C + E -> C-
195	C + H -> CH
196	C + H2 -> CH2
197	C + C -> C2
198	C + O -> CO
199	C+ + H -> CH+
200	C+ + H2 -> CH2+
201	C+ + O -> CO+
202	C+ + O -> CO+
203	O + E -> O-
204	O + H -> OH
205	O + O -> O2
206	OH + H -> H2O
207	FE + SI+ -> FE+ + SI
208	SI+ + MG -> SI + MG+
209	C+ + SI -> C + SI+
210	C+ + MG -> C + MG+
211	H + H -> H2
212	MG+ + E -> MG
213	FE+ + E -> FE
214	SI+ + E -> SI
215	H -> H+ + E
216	HE -> HE+ + E
217	HE+ -> HE++ + E
218	O -> O+ + E
219	MG -> MG+ + E
220	FE -> FE+ + E
221	SI -> SI+ + E
222	C -> C+ + E
223	H2 -> H2+ + E
224	H- -> H + E
225	CH -> C + H
226	CH -> CH+ + E
227	C2 -> C + C
228	OH -> O + H
229	OH -> OH+ + E
230	H2O -> OH + H
231	H2O -> H2O+ + E
232	O2 -> O2+ + E
233	O2 -> O + O
234	H2 -> H+ + H + E
235	CO -> C + O
236	H2 -> H + H
237	H2+ -> H + H+
238	H3+ -> H2 + H+
239	H3+ -> H2+ + H
240	C- -> C + E
241	CH+ -> C + H+
242	CH2 -> CH + H
243	CH2 -> CH2+ + E
244	CH2+ -> CH+ + H
245	CH3+ -> CH2+ + H
246	CH3+ -> CH+ + H2
247	O- -> O + E
248	OH+ -> O + H+
249	H2O+ -> H2+ + O
250	H2O+ -> H+ + OH
251	H2O+ -> O+ + H2
252	H2O+ -> OH+ + H
253	H3O+ -> H+ + H2O
254	H3O+ -> H2+ + OH
255	H3O+ -> H2O+ + H
256	H3O+ -> OH+ + H2
257	H -> H+ + E
258	HE -> HE+ + E
259	O -> O+ + E
260	CO -> C + O
261	CO -> CO+ + E
262	C2 -> C + C
263	H2 -> H + H
264	H2 -> H+ + H-
265	H2 -> H2+ + E
266	C -> C+ + E
267	CH -> C + H
268	O2 -> O + O
269	O2 -> O2+ + E
270	OH -> O + H
271	CH2 -> CH2+ + E
272	H2O -> OH + H
273	HCO -> CO + H
274	HCO -> HCO+ + E
275	H2 -> H + H+ + E
276	MG -> MG+ + E
277	FE -> FE+ + E
278	SI -> SI+ + E
279	C + C -> C2
280	C + C -> C2
281	C + O -> CO
282	C + O -> CO
283	C+ + O -> CO+
284	C+ + O -> CO+
285	C + O+ -> CO+
286	C + O+ -> CO+
287	H + O -> OH
288	OH + H -> H2O
289	O + O -> O2


#********************************
#list of reactions (without multiple limits)
1	H2+ + H- -> H + H2
2	CH+ -> C + H+
3	OH + OH -> H2O + O
4	O+ + E -> O
5	CO+ + H -> CO + H+
6	H2O + H -> H2 + OH
7	O -> O+ + E
8	H2 + HE -> H + H + HE
9	H2 + H + H -> H2 + H2
10	H3O+ + E -> H + H2O
11	H- + O -> OH + E
12	CO + HE+ -> C+ + HE + O
13	C + C -> C2
14	H2 + H+ -> H3+
15	O + H2+ -> H + OH+
16	C2 + O+ -> CO+ + C
17	H2O + HE+ -> HE + H2O+
18	H2O -> OH + H
19	H2O + C+ -> H2O+ + C
20	H2O+ -> H2+ + O
21	H2 + OH -> H2O + H
22	H2 + HE+ -> HE + H2+
23	H3O+ -> H2O+ + H
24	CH + O -> OH + C
25	H2 + HE+ -> HE+ + H + H
26	H2O+ -> H+ + OH
27	OH+ + H2 -> H2O+ + H
28	CH2 + O -> HCO + H
29	O + E -> O+ + E + E
30	H2+ + H -> H2 + H+
31	H2O+ + E -> OH + H
32	FE + SI+ -> FE+ + SI
33	CH3+ -> CH+ + H2
34	OH + C+ -> H + CO+
35	H- + H+ -> H2+ + E
36	HE + E -> HE+ + E + E
37	CH3+ -> CH2+ + H
38	C + HE+ -> C+ + HE
39	OH + H -> O + H2
40	CH+ + H -> C+ + H2
41	H2 -> H2+ + E
42	C + H+ -> C+ + H
43	H2 + H+ -> H2+ + H
44	OH + H -> O + H + H
45	O2 + CH2+ -> HCO+ + OH
46	CH2+ + E -> CH + H
47	CH + H+ -> CH+ + H
48	CH2 + H+ -> H + CH2+
49	H- + H+ -> H + H
50	H2+ -> H + H+
51	C+ + SI -> C + SI+
52	H- -> H + E
53	O2 + C+ -> CO+ + O
54	OH + H+ -> OH+ + H
55	OH -> OH+ + E
56	H3+ -> H2 + H+
57	HOC+ + H2 -> HCO+ + H2
58	CH2 -> CH + H
59	H + H -> H2
60	HCO -> CO + H
61	H2 + HE+ -> HE + H + H+
62	H3+ -> H2+ + H
63	H + H + H -> H2 + H
64	HCO+ + C -> CO + CH+
65	H+ + E -> H
66	CH2 + HE+ -> HE + H2 + C+
67	H- + OH -> H2O + E
68	CH + O -> HCO+ + E
69	CH2+ + E -> C + H + H
70	O2 + H2 -> OH + OH
71	H3O+ -> H+ + H2O
72	CH3+ + O -> HOC+ + H2
73	C+ + O -> CO+
74	C + E -> C-
75	C- + H+ -> C + H
76	C -> C+ + E
77	CH3+ + E -> CH + H2
78	H -> H+ + E
79	O2 + C -> CO + O
80	CH + O -> CO + H
81	O2+ + E -> O + O
82	H3+ + E -> H2 + H
83	HCO+ + H2O -> CO + H3O+
84	O- -> O + E
85	H2 + H -> H + H + H
86	C + H3+ -> CH+ + H2
87	CH2+ + H -> CH+ + H2
88	C + H3+ -> CH2+ + H
89	C2 + O -> CO + C
90	CO+ + E -> C + O
91	C+ + MG -> C + MG+
92	H2+ + H2 -> H3+ + H
93	CO + HE+ -> C + HE + O+
94	H3O+ + E -> O + H + H2
95	O2 + HE+ -> O2+ + HE
96	O + HE+ -> O+ + HE
97	O- + H+ -> O + H
98	H2O+ -> OH+ + H
99	HE+ + H -> HE + H+
100	CH2 + O -> CO + H + H
101	H + H+ -> H2+
102	HE+ + E -> HE
103	C + OH -> H + CO
104	C+ + E -> C
105	CH + H -> C + H2
106	C- + H2 -> CH2 + E
107	OH + HE+ -> O+ + HE + H
108	CH2 + O -> CH + OH
109	H + E -> H+ + E + E
110	H2+ + E -> H + H
111	O2 + HE+ -> O+ + HE + O
112	H + E -> H-
113	C + H -> CH
114	CH2+ + H2 -> CH3+ + H
115	C + H2+ -> CH+ + H
116	CH2 + HE+ -> HE + H + CH+
117	H2O + H+ -> H + H2O+
118	CO + H3+ -> H2 + HOC+
119	FE+ + E -> FE
120	H- + E -> H + E + E
121	CH2 + H -> CH + H2
122	C + O2+ -> O2 + C+
123	CH+ + O -> CO+ + H
124	H + O -> OH
125	CH -> C + H
126	H3O+ + E -> OH + H2
127	H3+ + E -> H + H + H
128	CH2 + H+ -> H2 + CH+
129	O2 -> O + O
130	H2 -> H + H
131	C2 -> C + C
132	H2O+ + E -> O + H + H
133	CH3+ + O -> HCO+ + H2
134	C + H2 -> CH + H
135	CH2+ + O -> HCO+ + H
136	O2 + H+ -> O2+ + H
137	H- + H -> H + H + E
138	CH+ + H2 -> CH2+ + H
139	C + O2+ -> O + CO+
140	O- + H2 -> H2O + E
141	O2 + C+ -> CO + O+
142	O + H3+ -> H + H2O+
143	H2 + H2 -> H2 + H + H
144	C + O+ -> CO+
145	H3+ + H -> H2+ + H2
146	H3O+ + C -> HCO+ + H2
147	O+ + H2 -> H + OH+
148	H3O+ -> OH+ + H2
149	C- + H -> CH + E
150	OH + H -> H2O
151	C+ + H -> CH+
152	CO -> C + O
153	H2O+ -> O+ + H2
154	O + E -> O-
155	OH+ + E -> O + H
156	O+ + H -> O + H+
157	O- + C -> CO + E
158	H2O + C+ -> HOC+ + H
159	H3O+ + E -> OH + H + H
160	CH2+ -> CH+ + H
161	CH+ + E -> C + H
162	H + H + HE -> H2 + HE
163	H2 -> H + H+ + E
164	O2 -> O2+ + E
165	OH -> O + H
166	O2 + H -> OH + O
167	O + O -> O2
168	HCO -> HCO+ + E
169	HOC+ + CO -> HCO+ + CO
170	H- + C -> CH + E
171	O + H3+ -> H2 + OH+
172	H2 + H+ -> H + H + H+
173	CH3+ + H -> CH2+ + H2
174	CH3+ + E -> CH + H + H
175	O + H2 -> OH + H
176	H2O + HE+ -> HE + OH+ + H
177	CO -> CO+ + E
178	HE + H+ -> HE+ + H
179	C + E -> C+ + E + E
180	OH+ -> O + H+
181	H2O + HE+ -> HE + OH + H+
182	O + H+ -> O+ + H
183	OH + H3+ -> H2 + H2O+
184	CH -> CH+ + E
185	HE+ + E -> HE++ + E + E
186	SI+ + MG -> SI + MG+
187	C2 + HE+ -> C+ + C + HE
188	C + H2 -> CH2
189	H2O + C+ -> HCO+ + H
190	O + OH -> H + O2
191	C + O -> CO
192	HCO+ + E -> CO + H
193	MG -> MG+ + E
194	CH + C -> C2 + H
195	H2 -> H+ + H + E
196	CH2 -> CH2+ + E
197	C+ + H -> C + H+
198	O- + H -> OH + E
199	HE -> HE+ + E
200	H2O+ + E -> O + H2
201	CH2+ + E -> C + H2
202	C+ + H2 -> CH+ + H
203	CH2 + O -> CO + H2
204	C- + O -> CO + E
205	SI+ + E -> SI
206	HE++ + E -> HE+
207	H2O + H3+ -> H2 + H3O+
208	CO + H -> C + OH
209	CO + H3+ -> H2 + HCO+
210	HE+ + H- -> H + HE
211	HOC+ + E -> CO + H
212	HE+ -> HE++ + E
213	H2 + E -> H + H + E
214	CH3+ + E -> CH2 + H
215	CH + H2 -> CH2 + H
216	H3O+ -> H2+ + OH
217	H2O -> H2O+ + E
218	MG+ + E -> MG
219	SI -> SI+ + E
220	HCO+ + E -> OH + C
221	H2 -> H+ + H-
222	H- + H -> H2 + E
223	C- -> C + E
224	H2O+ + H2 -> H3O+ + H
225	O + H -> OH
226	FE -> FE+ + E
227	C+ + H2 -> CH2+


#********************************
#list of reactions (LaTeX format)
#Table columns format {llllllclllll}
 1 & H & + & e$^-$ & & & $\to$ & H$^+$ & + & e$^-$ & + & e$^-$\\
 2 & H$^+$ & + & e$^-$ & & & $\to$ & H & & & + & \\
 3 & H$^+$ & + & e$^-$ & & & $\to$ & H & & & + & \\
 4 & HE & + & e$^-$ & & & $\to$ & HE$^+$ & + & e$^-$ & + & e$^-$\\
 5 & HE$^+$ & + & e$^-$ & & & $\to$ & HE & & & + & \\
 6 & HE$^+$ & + & e$^-$ & & & $\to$ & HE & & & + & \\
 7 & HE$^+$ & + & e$^-$ & & & $\to$ & HE$^+$$^+$ & + & e$^-$ & + & e$^-$\\
 8 & HE$^+$ & + & H & & & $\to$ & HE & + & H$^+$ & + & \\
 9 & HE & + & H$^+$ & & & $\to$ & HE$^+$ & + & H & + & \\
 10 & HE & + & H$^+$ & & & $\to$ & HE$^+$ & + & H & + & \\
 11 & H$_2$ & + & HE & & & $\to$ & H & + & H & + & HE\\
 12 & H$_2$ & + & HE$^+$ & & & $\to$ & HE & + & H$_2$$^+$ & + & \\
 13 & H$_2$ & + & HE$^+$ & & & $\to$ & HE & + & H & + & H$^+$\\
 14 & H$_2$ & + & HE$^+$ & & & $\to$ & HE$^+$ & + & H & + & H\\
 15 & HE$^+$$^+$ & + & e$^-$ & & & $\to$ & HE$^+$ & & & + & \\
 16 & H & + & e$^-$ & & & $\to$ & H$^-$ & & & + & \\
 17 & H$^-$ & + & H & & & $\to$ & H$_2$ & + & e$^-$ & + & \\
 18 & H & + & H$^+$ & & & $\to$ & H$_2$$^+$ & & & + & \\
 19 & H & + & H$^+$ & & & $\to$ & H$_2$$^+$ & & & + & \\
 20 & H$_2$$^+$ & + & H & & & $\to$ & H$_2$ & + & H$^+$ & + & \\
 21 & H$_2$ & + & H$^+$ & & & $\to$ & H$_2$$^+$ & + & H & + & \\
 22 & H$_2$ & + & e$^-$ & & & $\to$ & H & + & H & + & e$^-$\\
 23 & H$_2$ & + & H & & & $\to$ & H & + & H & + & H\\
 24 & H$^-$ & + & e$^-$ & & & $\to$ & H & + & e$^-$ & + & e$^-$\\
 25 & H$^-$ & + & H & & & $\to$ & H & + & H & + & e$^-$\\
 26 & H$^-$ & + & H & & & $\to$ & H & + & H & + & e$^-$\\
 27 & H$^-$ & + & H$^+$ & & & $\to$ & H & + & H & + & \\
 28 & H$^-$ & + & H$^+$ & & & $\to$ & H$_2$$^+$ & + & e$^-$ & + & \\
 29 & H$_2$$^+$ & + & e$^-$ & & & $\to$ & H & + & H & + & \\
 30 & H$_2$$^+$ & + & e$^-$ & & & $\to$ & H & + & H & + & \\
 31 & H$_2$$^+$ & + & H$^-$ & & & $\to$ & H & + & H$_2$ & + & \\
 32 & H$_2$ & + & H$_2$ & & & $\to$ & H$_2$ & + & H & + & H\\
 33 & H & + & H & + & HE & $\to$ & H$_2$ & + & HE & + & \\
 34 & H & + & H & + & H & $\to$ & H$_2$ & + & H & + & \\
 35 & H$_2$ & + & H & + & H & $\to$ & H$_2$ & + & H$_2$ & + & \\
 36 & C$^+$ & + & e$^-$ & & & $\to$ & C & & & + & \\
 37 & C$^+$ & + & e$^-$ & & & $\to$ & C & & & + & \\
 38 & C$^+$ & + & e$^-$ & & & $\to$ & C & & & + & \\
 39 & O$^+$ & + & e$^-$ & & & $\to$ & O & & & + & \\
 40 & O$^+$ & + & e$^-$ & & & $\to$ & O & & & + & \\
 41 & C & + & e$^-$ & & & $\to$ & C$^+$ & + & e$^-$ & + & e$^-$\\
 42 & O & + & e$^-$ & & & $\to$ & O$^+$ & + & e$^-$ & + & e$^-$\\
 43 & O$^+$ & + & H & & & $\to$ & O & + & H$^+$ & + & \\
 44 & O & + & H$^+$ & & & $\to$ & O$^+$ & + & H & + & \\
 45 & O & + & HE$^+$ & & & $\to$ & O$^+$ & + & HE & + & \\
 46 & C & + & H$^+$ & & & $\to$ & C$^+$ & + & H & + & \\
 47 & C$^+$ & + & H & & & $\to$ & C & + & H$^+$ & + & \\
 48 & C & + & HE$^+$ & & & $\to$ & C$^+$ & + & HE & + & \\
 49 & C & + & HE$^+$ & & & $\to$ & C$^+$ & + & HE & + & \\
 50 & C & + & HE$^+$ & & & $\to$ & C$^+$ & + & HE & + & \\
 51 & OH & + & H & & & $\to$ & O & + & H & + & H\\
 52 & HOC$^+$ & + & H$_2$ & & & $\to$ & HCO$^+$ & + & H$_2$ & + & \\
 53 & HOC$^+$ & + & CO & & & $\to$ & HCO$^+$ & + & CO & + & \\
 54 & HOC$^+$ & + & CO & & & $\to$ & HCO$^+$ & + & CO & + & \\
 55 & C & + & H$_2$ & & & $\to$ & CH & + & H & + & \\
 56 & CH & + & H & & & $\to$ & C & + & H$_2$ & + & \\
 57 & CH & + & H$_2$ & & & $\to$ & CH$_2$ & + & H & + & \\
 58 & CH & + & C & & & $\to$ & C$_2$ & + & H & + & \\
 59 & CH & + & O & & & $\to$ & CO & + & H & + & \\
 60 & CH & + & O & & & $\to$ & HCO$^+$ & + & e$^-$ & + & \\
 61 & CH & + & O & & & $\to$ & OH & + & C & + & \\
 62 & CH$_2$ & + & H & & & $\to$ & CH & + & H$_2$ & + & \\
 63 & CH$_2$ & + & O & & & $\to$ & CO & + & H & + & H\\
 64 & CH$_2$ & + & O & & & $\to$ & CO & + & H$_2$ & + & \\
 65 & CH$_2$ & + & O & & & $\to$ & HCO & + & H & + & \\
 66 & CH$_2$ & + & O & & & $\to$ & CH & + & OH & + & \\
 67 & C$_2$ & + & O & & & $\to$ & CO & + & C & + & \\
 68 & C$_2$ & + & O & & & $\to$ & CO & + & C & + & \\
 69 & O & + & H$_2$ & & & $\to$ & OH & + & H & + & \\
 70 & OH & + & H & & & $\to$ & O & + & H$_2$ & + & \\
 71 & OH & + & H & & & $\to$ & O & + & H$_2$ & + & \\
 72 & H$_2$ & + & OH & & & $\to$ & H$_2$O & + & H & + & \\
 73 & C & + & OH & & & $\to$ & H & + & CO & + & \\
 74 & C & + & OH & & & $\to$ & H & + & CO & + & \\
 75 & O & + & OH & & & $\to$ & H & + & O$_2$ & + & \\
 76 & O & + & OH & & & $\to$ & H & + & O$_2$ & + & \\
 77 & OH & + & OH & & & $\to$ & H$_2$O & + & O & + & \\
 78 & H$_2$O & + & H & & & $\to$ & H$_2$ & + & OH & + & \\
 79 & O$_2$ & + & H & & & $\to$ & OH & + & O & + & \\
 80 & O$_2$ & + & H$_2$ & & & $\to$ & OH & + & OH & + & \\
 81 & O$_2$ & + & C & & & $\to$ & CO & + & O & + & \\
 82 & O$_2$ & + & C & & & $\to$ & CO & + & O & + & \\
 83 & CO & + & H & & & $\to$ & C & + & OH & + & \\
 84 & H$_2$$^+$ & + & H$_2$ & & & $\to$ & H$_3$$^+$ & + & H & + & \\
 85 & H$_3$$^+$ & + & H & & & $\to$ & H$_2$$^+$ & + & H$_2$ & + & \\
 86 & C & + & H$_2$$^+$ & & & $\to$ & CH$^+$ & + & H & + & \\
 87 & C & + & H$_3$$^+$ & & & $\to$ & CH$^+$ & + & H$_2$ & + & \\
 88 & C & + & H$_3$$^+$ & & & $\to$ & CH$_2$$^+$ & + & H & + & \\
 89 & C$^+$ & + & H$_2$ & & & $\to$ & CH$^+$ & + & H & + & \\
 90 & CH$^+$ & + & H & & & $\to$ & C$^+$ & + & H$_2$ & + & \\
 91 & CH$^+$ & + & H$_2$ & & & $\to$ & CH$_2$$^+$ & + & H & + & \\
 92 & CH$^+$ & + & O & & & $\to$ & CO$^+$ & + & H & + & \\
 93 & CH$_2$$^+$ & + & H & & & $\to$ & CH$^+$ & + & H$_2$ & + & \\
 94 & CH$_2$$^+$ & + & H$_2$ & & & $\to$ & CH$_3$$^+$ & + & H & + & \\
 95 & CH$_2$$^+$ & + & O & & & $\to$ & HCO$^+$ & + & H & + & \\
 96 & CH$_3$$^+$ & + & H & & & $\to$ & CH$_2$$^+$ & + & H$_2$ & + & \\
 97 & CH$_3$$^+$ & + & O & & & $\to$ & HOC$^+$ & + & H$_2$ & + & \\
 98 & CH$_3$$^+$ & + & O & & & $\to$ & HCO$^+$ & + & H$_2$ & + & \\
 99 & C$_2$ & + & O$^+$ & & & $\to$ & CO$^+$ & + & C & + & \\
 100 & O$^+$ & + & H$_2$ & & & $\to$ & H & + & OH$^+$ & + & \\
 101 & O & + & H$_2$$^+$ & & & $\to$ & H & + & OH$^+$ & + & \\
 102 & O & + & H$_3$$^+$ & & & $\to$ & H$_2$ & + & OH$^+$ & + & \\
 103 & O & + & H$_3$$^+$ & & & $\to$ & H & + & H$_2$O$^+$ & + & \\
 104 & OH & + & H$_3$$^+$ & & & $\to$ & H$_2$ & + & H$_2$O$^+$ & + & \\
 105 & OH & + & H$_3$$^+$ & & & $\to$ & H$_2$ & + & H$_2$O$^+$ & + & \\
 106 & OH & + & C$^+$ & & & $\to$ & H & + & CO$^+$ & + & \\
 107 & OH & + & C$^+$ & & & $\to$ & H & + & CO$^+$ & + & \\
 108 & OH$^+$ & + & H$_2$ & & & $\to$ & H$_2$O$^+$ & + & H & + & \\
 109 & H$_2$O$^+$ & + & H$_2$ & & & $\to$ & H$_3$O$^+$ & + & H & + & \\
 110 & H$_2$O & + & H$_3$$^+$ & & & $\to$ & H$_2$ & + & H$_3$O$^+$ & + & \\
 111 & H$_2$O & + & H$_3$$^+$ & & & $\to$ & H$_2$ & + & H$_3$O$^+$ & + & \\
 112 & H$_2$O & + & C$^+$ & & & $\to$ & HOC$^+$ & + & H & + & \\
 113 & H$_2$O & + & C$^+$ & & & $\to$ & HCO$^+$ & + & H & + & \\
 114 & H$_2$O & + & C$^+$ & & & $\to$ & HCO$^+$ & + & H & + & \\
 115 & H$_2$O & + & C$^+$ & & & $\to$ & H$_2$O$^+$ & + & C & + & \\
 116 & H$_3$O$^+$ & + & C & & & $\to$ & HCO$^+$ & + & H$_2$ & + & \\
 117 & O$_2$ & + & C$^+$ & & & $\to$ & CO$^+$ & + & O & + & \\
 118 & O$_2$ & + & C$^+$ & & & $\to$ & CO & + & O$^+$ & + & \\
 119 & O$_2$ & + & CH$_2$$^+$ & & & $\to$ & HCO$^+$ & + & OH & + & \\
 120 & C & + & O$_2$$^+$ & & & $\to$ & O & + & CO$^+$ & + & \\
 121 & C & + & O$_2$$^+$ & & & $\to$ & O$_2$ & + & C$^+$ & + & \\
 122 & CO & + & H$_3$$^+$ & & & $\to$ & H$_2$ & + & HCO$^+$ & + & \\
 123 & CO & + & H$_3$$^+$ & & & $\to$ & H$_2$ & + & HCO$^+$ & + & \\
 124 & CO & + & H$_3$$^+$ & & & $\to$ & H$_2$ & + & HOC$^+$ & + & \\
 125 & CO & + & H$_3$$^+$ & & & $\to$ & H$_2$ & + & HOC$^+$ & + & \\
 126 & HCO$^+$ & + & C & & & $\to$ & CO & + & CH$^+$ & + & \\
 127 & HCO$^+$ & + & H$_2$O & & & $\to$ & CO & + & H$_3$O$^+$ & + & \\
 128 & HCO$^+$ & + & H$_2$O & & & $\to$ & CO & + & H$_3$O$^+$ & + & \\
 129 & CH & + & H$^+$ & & & $\to$ & CH$^+$ & + & H & + & \\
 130 & CH & + & H$^+$ & & & $\to$ & CH$^+$ & + & H & + & \\
 131 & CH$_2$ & + & H$^+$ & & & $\to$ & H$_2$ & + & CH$^+$ & + & \\
 132 & CH$_2$ & + & H$^+$ & & & $\to$ & H$_2$ & + & CH$^+$ & + & \\
 133 & CH$_2$ & + & H$^+$ & & & $\to$ & H & + & CH$_2$$^+$ & + & \\
 134 & CH$_2$ & + & H$^+$ & & & $\to$ & H & + & CH$_2$$^+$ & + & \\
 135 & CH$_2$ & + & HE$^+$ & & & $\to$ & HE & + & H$_2$ & + & C$^+$\\
 136 & CH$_2$ & + & HE$^+$ & & & $\to$ & HE & + & H$_2$ & + & C$^+$\\
 137 & CH$_2$ & + & HE$^+$ & & & $\to$ & HE & + & H & + & CH$^+$\\
 138 & CH$_2$ & + & HE$^+$ & & & $\to$ & HE & + & H & + & CH$^+$\\
 139 & C$_2$ & + & HE$^+$ & & & $\to$ & C$^+$ & + & C & + & HE\\
 140 & OH & + & H$^+$ & & & $\to$ & OH$^+$ & + & H & + & \\
 141 & OH & + & H$^+$ & & & $\to$ & OH$^+$ & + & H & + & \\
 142 & OH & + & HE$^+$ & & & $\to$ & O$^+$ & + & HE & + & H\\
 143 & OH & + & HE$^+$ & & & $\to$ & O$^+$ & + & HE & + & H\\
 144 & H$_2$O & + & H$^+$ & & & $\to$ & H & + & H$_2$O$^+$ & + & \\
 145 & H$_2$O & + & H$^+$ & & & $\to$ & H & + & H$_2$O$^+$ & + & \\
 146 & H$_2$O & + & HE$^+$ & & & $\to$ & HE & + & OH & + & H$^+$\\
 147 & H$_2$O & + & HE$^+$ & & & $\to$ & HE & + & OH & + & H$^+$\\
 148 & H$_2$O & + & HE$^+$ & & & $\to$ & HE & + & OH$^+$ & + & H\\
 149 & H$_2$O & + & HE$^+$ & & & $\to$ & HE & + & OH$^+$ & + & H\\
 150 & H$_2$O & + & HE$^+$ & & & $\to$ & HE & + & H$_2$O$^+$ & + & \\
 151 & H$_2$O & + & HE$^+$ & & & $\to$ & HE & + & H$_2$O$^+$ & + & \\
 152 & O$_2$ & + & H$^+$ & & & $\to$ & O$_2$$^+$ & + & H & + & \\
 153 & O$_2$ & + & HE$^+$ & & & $\to$ & O$_2$$^+$ & + & HE & + & \\
 154 & O$_2$ & + & HE$^+$ & & & $\to$ & O$^+$ & + & HE & + & O\\
 155 & CO & + & HE$^+$ & & & $\to$ & C$^+$ & + & HE & + & O\\
 156 & CO & + & HE$^+$ & & & $\to$ & C & + & HE & + & O$^+$\\
 157 & CO$^+$ & + & H & & & $\to$ & CO & + & H$^+$ & + & \\
 158 & C$^-$ & + & H$^+$ & & & $\to$ & C & + & H & + & \\
 159 & O$^-$ & + & H$^+$ & & & $\to$ & O & + & H & + & \\
 160 & HE$^+$ & + & H$^-$ & & & $\to$ & H & + & HE & + & \\
 161 & H$_3$$^+$ & + & e$^-$ & & & $\to$ & H$_2$ & + & H & + & \\
 162 & H$_3$$^+$ & + & e$^-$ & & & $\to$ & H & + & H & + & H\\
 163 & CH$^+$ & + & e$^-$ & & & $\to$ & C & + & H & + & \\
 164 & CH$_2$$^+$ & + & e$^-$ & & & $\to$ & CH & + & H & + & \\
 165 & CH$_2$$^+$ & + & e$^-$ & & & $\to$ & C & + & H$_2$ & + & \\
 166 & CH$_2$$^+$ & + & e$^-$ & & & $\to$ & C & + & H & + & H\\
 167 & CH$_3$$^+$ & + & e$^-$ & & & $\to$ & CH$_2$ & + & H & + & \\
 168 & CH$_3$$^+$ & + & e$^-$ & & & $\to$ & CH & + & H$_2$ & + & \\
 169 & CH$_3$$^+$ & + & e$^-$ & & & $\to$ & CH & + & H & + & H\\
 170 & OH$^+$ & + & e$^-$ & & & $\to$ & O & + & H & + & \\
 171 & H$_2$O$^+$ & + & e$^-$ & & & $\to$ & O & + & H$_2$ & + & \\
 172 & H$_2$O$^+$ & + & e$^-$ & & & $\to$ & OH & + & H & + & \\
 173 & H$_2$O$^+$ & + & e$^-$ & & & $\to$ & O & + & H & + & H\\
 174 & H$_3$O$^+$ & + & e$^-$ & & & $\to$ & OH & + & H & + & H\\
 175 & H$_3$O$^+$ & + & e$^-$ & & & $\to$ & O & + & H & + & H$_2$\\
 176 & H$_3$O$^+$ & + & e$^-$ & & & $\to$ & H & + & H$_2$O & + & \\
 177 & H$_3$O$^+$ & + & e$^-$ & & & $\to$ & OH & + & H$_2$ & + & \\
 178 & O$_2$$^+$ & + & e$^-$ & & & $\to$ & O & + & O & + & \\
 179 & CO$^+$ & + & e$^-$ & & & $\to$ & C & + & O & + & \\
 180 & HCO$^+$ & + & e$^-$ & & & $\to$ & CO & + & H & + & \\
 181 & HCO$^+$ & + & e$^-$ & & & $\to$ & OH & + & C & + & \\
 182 & HOC$^+$ & + & e$^-$ & & & $\to$ & CO & + & H & + & \\
 183 & H$^-$ & + & C & & & $\to$ & CH & + & e$^-$ & + & \\
 184 & H$^-$ & + & O & & & $\to$ & OH & + & e$^-$ & + & \\
 185 & H$^-$ & + & OH & & & $\to$ & H$_2$O & + & e$^-$ & + & \\
 186 & C$^-$ & + & H & & & $\to$ & CH & + & e$^-$ & + & \\
 187 & C$^-$ & + & H$_2$ & & & $\to$ & CH$_2$ & + & e$^-$ & + & \\
 188 & C$^-$ & + & O & & & $\to$ & CO & + & e$^-$ & + & \\
 189 & O$^-$ & + & H & & & $\to$ & OH & + & e$^-$ & + & \\
 190 & O$^-$ & + & H$_2$ & & & $\to$ & H$_2$O & + & e$^-$ & + & \\
 191 & O$^-$ & + & C & & & $\to$ & CO & + & e$^-$ & + & \\
 192 & H$_2$ & + & H$^+$ & & & $\to$ & H & + & H & + & H$^+$\\
 193 & H$_2$ & + & H$^+$ & & & $\to$ & H$_3$$^+$ & & & + & \\
 194 & C & + & e$^-$ & & & $\to$ & C$^-$ & & & + & \\
 195 & C & + & H & & & $\to$ & CH & & & + & \\
 196 & C & + & H$_2$ & & & $\to$ & CH$_2$ & & & + & \\
 197 & C & + & C & & & $\to$ & C$_2$ & & & + & \\
 198 & C & + & O & & & $\to$ & CO & & & + & \\
 199 & C$^+$ & + & H & & & $\to$ & CH$^+$ & & & + & \\
 200 & C$^+$ & + & H$_2$ & & & $\to$ & CH$_2$$^+$ & & & + & \\
 201 & C$^+$ & + & O & & & $\to$ & CO$^+$ & & & + & \\
 202 & C$^+$ & + & O & & & $\to$ & CO$^+$ & & & + & \\
 203 & O & + & e$^-$ & & & $\to$ & O$^-$ & & & + & \\
 204 & O & + & H & & & $\to$ & OH & & & + & \\
 205 & O & + & O & & & $\to$ & O$_2$ & & & + & \\
 206 & OH & + & H & & & $\to$ & H$_2$O & & & + & \\
 207 & FE & + & SI$^+$ & & & $\to$ & FE$^+$ & + & SI & + & \\
 208 & SI$^+$ & + & MG & & & $\to$ & SI & + & MG$^+$ & + & \\
 209 & C$^+$ & + & SI & & & $\to$ & C & + & SI$^+$ & + & \\
 210 & C$^+$ & + & MG & & & $\to$ & C & + & MG$^+$ & + & \\
 211 & H & + & H & & & $\to$ & H$_2$ & & & + & \\
 212 & MG$^+$ & + & e$^-$ & & & $\to$ & MG & & & + & \\
 213 & FE$^+$ & + & e$^-$ & & & $\to$ & FE & & & + & \\
 214 & SI$^+$ & + & e$^-$ & & & $\to$ & SI & & & + & \\
 215 & H & & & + &  & $\to$ & H$^+$ & + & e$^-$ & + & \\
 216 & HE & & & + &  & $\to$ & HE$^+$ & + & e$^-$ & + & \\
 217 & HE$^+$ & & & + &  & $\to$ & HE$^+$$^+$ & + & e$^-$ & + & \\
 218 & O & & & + &  & $\to$ & O$^+$ & + & e$^-$ & + & \\
 219 & MG & & & + &  & $\to$ & MG$^+$ & + & e$^-$ & + & \\
 220 & FE & & & + &  & $\to$ & FE$^+$ & + & e$^-$ & + & \\
 221 & SI & & & + &  & $\to$ & SI$^+$ & + & e$^-$ & + & \\
 222 & C & & & + &  & $\to$ & C$^+$ & + & e$^-$ & + & \\
 223 & H$_2$ & & & + &  & $\to$ & H$_2$$^+$ & + & e$^-$ & + & \\
 224 & H$^-$ & & & + &  & $\to$ & H & + & e$^-$ & + & \\
 225 & CH & & & + &  & $\to$ & C & + & H & + & \\
 226 & CH & & & + &  & $\to$ & CH$^+$ & + & e$^-$ & + & \\
 227 & C$_2$ & & & + &  & $\to$ & C & + & C & + & \\
 228 & OH & & & + &  & $\to$ & O & + & H & + & \\
 229 & OH & & & + &  & $\to$ & OH$^+$ & + & e$^-$ & + & \\
 230 & H$_2$O & & & + &  & $\to$ & OH & + & H & + & \\
 231 & H$_2$O & & & + &  & $\to$ & H$_2$O$^+$ & + & e$^-$ & + & \\
 232 & O$_2$ & & & + &  & $\to$ & O$_2$$^+$ & + & e$^-$ & + & \\
 233 & O$_2$ & & & + &  & $\to$ & O & + & O & + & \\
 234 & H$_2$ & & & + &  & $\to$ & H$^+$ & + & H & + & e$^-$\\
 235 & CO & & & + &  & $\to$ & C & + & O & + & \\
 236 & H$_2$ & & & + &  & $\to$ & H & + & H & + & \\
 237 & H$_2$$^+$ & & & + &  & $\to$ & H & + & H$^+$ & + & \\
 238 & H$_3$$^+$ & & & + &  & $\to$ & H$_2$ & + & H$^+$ & + & \\
 239 & H$_3$$^+$ & & & + &  & $\to$ & H$_2$$^+$ & + & H & + & \\
 240 & C$^-$ & & & + &  & $\to$ & C & + & e$^-$ & + & \\
 241 & CH$^+$ & & & + &  & $\to$ & C & + & H$^+$ & + & \\
 242 & CH$_2$ & & & + &  & $\to$ & CH & + & H & + & \\
 243 & CH$_2$ & & & + &  & $\to$ & CH$_2$$^+$ & + & e$^-$ & + & \\
 244 & CH$_2$$^+$ & & & + &  & $\to$ & CH$^+$ & + & H & + & \\
 245 & CH$_3$$^+$ & & & + &  & $\to$ & CH$_2$$^+$ & + & H & + & \\
 246 & CH$_3$$^+$ & & & + &  & $\to$ & CH$^+$ & + & H$_2$ & + & \\
 247 & O$^-$ & & & + &  & $\to$ & O & + & e$^-$ & + & \\
 248 & OH$^+$ & & & + &  & $\to$ & O & + & H$^+$ & + & \\
 249 & H$_2$O$^+$ & & & + &  & $\to$ & H$_2$$^+$ & + & O & + & \\
 250 & H$_2$O$^+$ & & & + &  & $\to$ & H$^+$ & + & OH & + & \\
 251 & H$_2$O$^+$ & & & + &  & $\to$ & O$^+$ & + & H$_2$ & + & \\
 252 & H$_2$O$^+$ & & & + &  & $\to$ & OH$^+$ & + & H & + & \\
 253 & H$_3$O$^+$ & & & + &  & $\to$ & H$^+$ & + & H$_2$O & + & \\
 254 & H$_3$O$^+$ & & & + &  & $\to$ & H$_2$$^+$ & + & OH & + & \\
 255 & H$_3$O$^+$ & & & + &  & $\to$ & H$_2$O$^+$ & + & H & + & \\
 256 & H$_3$O$^+$ & & & + &  & $\to$ & OH$^+$ & + & H$_2$ & + & \\
 257 & H & & & + &  & $\to$ & H$^+$ & + & e$^-$ & + & \\
 258 & HE & & & + &  & $\to$ & HE$^+$ & + & e$^-$ & + & \\
 259 & O & & & + &  & $\to$ & O$^+$ & + & e$^-$ & + & \\
 260 & CO & & & + &  & $\to$ & C & + & O & + & \\
 261 & CO & & & + &  & $\to$ & CO$^+$ & + & e$^-$ & + & \\
 262 & C$_2$ & & & + &  & $\to$ & C & + & C & + & \\
 263 & H$_2$ & & & + &  & $\to$ & H & + & H & + & \\
 264 & H$_2$ & & & + &  & $\to$ & H$^+$ & + & H$^-$ & + & \\
 265 & H$_2$ & & & + &  & $\to$ & H$_2$$^+$ & + & e$^-$ & + & \\
 266 & C & & & + &  & $\to$ & C$^+$ & + & e$^-$ & + & \\
 267 & CH & & & + &  & $\to$ & C & + & H & + & \\
 268 & O$_2$ & & & + &  & $\to$ & O & + & O & + & \\
 269 & O$_2$ & & & + &  & $\to$ & O$_2$$^+$ & + & e$^-$ & + & \\
 270 & OH & & & + &  & $\to$ & O & + & H & + & \\
 271 & CH$_2$ & & & + &  & $\to$ & CH$_2$$^+$ & + & e$^-$ & + & \\
 272 & H$_2$O & & & + &  & $\to$ & OH & + & H & + & \\
 273 & HCO & & & + &  & $\to$ & CO & + & H & + & \\
 274 & HCO & & & + &  & $\to$ & HCO$^+$ & + & e$^-$ & + & \\
 275 & H$_2$ & & & + &  & $\to$ & H & + & H$^+$ & + & e$^-$\\
 276 & MG & & & + &  & $\to$ & MG$^+$ & + & e$^-$ & + & \\
 277 & FE & & & + &  & $\to$ & FE$^+$ & + & e$^-$ & + & \\
 278 & SI & & & + &  & $\to$ & SI$^+$ & + & e$^-$ & + & \\
 279 & C & + & C & & & $\to$ & C$_2$ & & & + & \\
 280 & C & + & C & & & $\to$ & C$_2$ & & & + & \\
 281 & C & + & O & & & $\to$ & CO & & & + & \\
 282 & C & + & O & & & $\to$ & CO & & & + & \\
 283 & C$^+$ & + & O & & & $\to$ & CO$^+$ & & & + & \\
 284 & C$^+$ & + & O & & & $\to$ & CO$^+$ & & & + & \\
 285 & C & + & O$^+$ & & & $\to$ & CO$^+$ & & & + & \\
 286 & C & + & O$^+$ & & & $\to$ & CO$^+$ & & & + & \\
 287 & H & + & O & & & $\to$ & OH & & & + & \\
 288 & OH & + & H & & & $\to$ & H$_2$O & & & + & \\
 289 & O & + & O & & & $\to$ & O$_2$ & & & + & \\
