#This file contains index list and other info


#********************************
# Species list with their indexes
1	E	krome_idx_E
2	H-	krome_idx_Hk
3	C-	krome_idx_Ck
4	O-	krome_idx_Ok
5	H	krome_idx_H
6	HE	krome_idx_HE
7	H2	krome_idx_H2
8	C	krome_idx_C
9	O	krome_idx_O
10	OH	krome_idx_OH
11	CO	krome_idx_CO
12	CH	krome_idx_CH
13	CH2	krome_idx_CH2
14	C2	krome_idx_C2
15	HCO	krome_idx_HCO
16	H2O	krome_idx_H2O
17	O2	krome_idx_O2
18	H+	krome_idx_Hj
19	HE+	krome_idx_HEj
20	H2+	krome_idx_H2j
21	C+	krome_idx_Cj
22	O+	krome_idx_Oj
23	HOC+	krome_idx_HOCj
24	HCO+	krome_idx_HCOj
25	H3+	krome_idx_H3j
26	CH+	krome_idx_CHj
27	CH2+	krome_idx_CH2j
28	CO+	krome_idx_COj
29	CH3+	krome_idx_CH3j
30	OH+	krome_idx_OHj
31	H2O+	krome_idx_H2Oj
32	H3O+	krome_idx_H3Oj
33	O2+	krome_idx_O2j
34	HE++	krome_idx_HEjj
35	CR	krome_idx_CR
36	g	krome_idx_g
37	Tgas	krome_idx_Tgas
38	dummy	krome_idx_dummy

#Note: the first 34 variables above should be used
# as framework code passive scalars, while the last 4
# are employed inside KROME.


#********************************
# Species in a Python list of strings
["E", "H-", "C-", "O-", "H", "HE", "H2", "C", "O", "OH", \
 "CO", "CH", "CH2", "C2", "HCO", "H2O", "O2", "H+", "HE+", "H2+", \
 "C+", "O+", "HOC+", "HCO+", "H3+", "CH+", "CH2+", "CO+", "CH3+", "OH+", \
 "H2O+", "H3O+", "O2+", "HE++", "CR", "g", "Tgas", "dummy", ]


#********************************
#useful parameters
krome_nrea           = 276  !number of reactions
krome_nmols          = 34   !number of chemical species
krome_nspec          = 38   !number of species including Tgas,CR,...
krome_ndust          = 0    !number of dust bins (total)
krome_ndustTypes     = 0    !number of dust types
krome_nPhotoBins     = 7    !number of radiation bins
krome_nPhotoRates    = 17   !number of photochemical reactions


#********************************
#list of reactions (including with multiple limits)
1	H + E -> H+ + E + E
2	H+ + E -> H
3	H+ + E -> H
4	HE + E -> HE+ + E + E
5	HE+ + E -> HE
6	HE+ + E -> HE
7	HE+ + E -> HE++ + E + E
8	HE+ + H -> HE + H+
9	HE + H+ -> HE+ + H
10	HE + H+ -> HE+ + H
11	H2 + HE -> H + H + HE
12	H2 + HE+ -> HE + H2+
13	H2 + HE+ -> HE + H + H+
14	H2 + HE+ -> HE+ + H + H
15	HE++ + E -> HE+
16	H + E -> H-
17	H- + H -> H2 + E
18	H + H+ -> H2+
19	H + H+ -> H2+
20	H2+ + H -> H2 + H+
21	H2 + H+ -> H2+ + H
22	H2 + H+ -> H2+ + H
23	H2 + E -> H + H + E
24	H2 + H -> H + H + H
25	H- + E -> H + E + E
26	H- + H -> H + H + E
27	H- + H -> H + H + E
28	H- + H+ -> H + H
29	H- + H+ -> H2+ + E
30	H2+ + E -> H + H
31	H2+ + E -> H + H
32	H2+ + H- -> H + H2
33	H2 + H2 -> H2 + H + H
34	H + H + HE -> H2 + HE
35	H + H + H -> H2 + H
36	H2 + H + H -> H2 + H2
37	C+ + E -> C
38	C+ + E -> C
39	C+ + E -> C
40	O+ + E -> O
41	O+ + E -> O
42	C + E -> C+ + E + E
43	O + E -> O+ + E + E
44	O+ + H -> O + H+
45	O + H+ -> O+ + H
46	O + HE+ -> O+ + HE
47	C + H+ -> C+ + H
48	C+ + H -> C + H+
49	C + HE+ -> C+ + HE
50	C + HE+ -> C+ + HE
51	C + HE+ -> C+ + HE
52	OH + H -> O + H + H
53	HOC+ + H2 -> HCO+ + H2
54	HOC+ + CO -> HCO+ + CO
55	HOC+ + CO -> HCO+ + CO
56	C + H2 -> CH + H
57	CH + H -> C + H2
58	CH + H2 -> CH2 + H
59	CH + C -> C2 + H
60	CH + O -> CO + H
61	CH + O -> HCO+ + E
62	CH + O -> OH + C
63	CH2 + H -> CH + H2
64	CH2 + O -> CO + H + H
65	CH2 + O -> CO + H2
66	CH2 + O -> HCO + H
67	CH2 + O -> CH + OH
68	C2 + O -> CO + C
69	C2 + O -> CO + C
70	O + H2 -> OH + H
71	OH + H -> O + H2
72	OH + H -> O + H2
73	H2 + OH -> H2O + H
74	C + OH -> H + CO
75	C + OH -> H + CO
76	O + OH -> H + O2
77	O + OH -> H + O2
78	OH + OH -> H2O + O
79	H2O + H -> H2 + OH
80	O2 + H -> OH + O
81	O2 + H2 -> OH + OH
82	O2 + C -> CO + O
83	O2 + C -> CO + O
84	CO + H -> C + OH
85	H2+ + H2 -> H3+ + H
86	H3+ + H -> H2+ + H2
87	C + H2+ -> CH+ + H
88	C + H3+ -> CH+ + H2
89	C + H3+ -> CH2+ + H
90	C+ + H2 -> CH+ + H
91	CH+ + H -> C+ + H2
92	CH+ + H2 -> CH2+ + H
93	CH+ + O -> CO+ + H
94	CH2+ + H -> CH+ + H2
95	CH2+ + H2 -> CH3+ + H
96	CH2+ + O -> HCO+ + H
97	CH3+ + H -> CH2+ + H2
98	CH3+ + O -> HOC+ + H2
99	CH3+ + O -> HCO+ + H2
100	C2 + O+ -> CO+ + C
101	O+ + H2 -> H + OH+
102	O + H2+ -> H + OH+
103	O + H3+ -> H2 + OH+
104	O + H3+ -> H + H2O+
105	OH + H3+ -> H2 + H2O+
106	OH + H3+ -> H2 + H2O+
107	OH + C+ -> H + CO+
108	OH + C+ -> H + CO+
109	OH+ + H2 -> H2O+ + H
110	H2O+ + H2 -> H3O+ + H
111	H2O + H3+ -> H2 + H3O+
112	H2O + H3+ -> H2 + H3O+
113	H2O + C+ -> HOC+ + H
114	H2O + C+ -> HCO+ + H
115	H2O + C+ -> HCO+ + H
116	H2O + C+ -> H2O+ + C
117	H3O+ + C -> HCO+ + H2
118	O2 + C+ -> CO+ + O
119	O2 + C+ -> CO + O+
120	O2 + CH2+ -> HCO+ + OH
121	C + O2+ -> O + CO+
122	C + O2+ -> O2 + C+
123	CO + H3+ -> H2 + HCO+
124	CO + H3+ -> H2 + HCO+
125	CO + H3+ -> H2 + HOC+
126	CO + H3+ -> H2 + HOC+
127	HCO+ + C -> CO + CH+
128	HCO+ + H2O -> CO + H3O+
129	HCO+ + H2O -> CO + H3O+
130	CH + H+ -> CH+ + H
131	CH + H+ -> CH+ + H
132	CH2 + H+ -> H2 + CH+
133	CH2 + H+ -> H2 + CH+
134	CH2 + H+ -> H + CH2+
135	CH2 + H+ -> H + CH2+
136	CH2 + HE+ -> HE + H2 + C+
137	CH2 + HE+ -> HE + H2 + C+
138	CH2 + HE+ -> HE + H + CH+
139	CH2 + HE+ -> HE + H + CH+
140	C2 + HE+ -> C+ + C + HE
141	OH + H+ -> OH+ + H
142	OH + H+ -> OH+ + H
143	OH + HE+ -> O+ + HE + H
144	OH + HE+ -> O+ + HE + H
145	H2O + H+ -> H + H2O+
146	H2O + H+ -> H + H2O+
147	H2O + HE+ -> HE + OH + H+
148	H2O + HE+ -> HE + OH + H+
149	H2O + HE+ -> HE + OH+ + H
150	H2O + HE+ -> HE + OH+ + H
151	H2O + HE+ -> HE + H2O+
152	H2O + HE+ -> HE + H2O+
153	O2 + H+ -> O2+ + H
154	O2 + HE+ -> O2+ + HE
155	O2 + HE+ -> O+ + HE + O
156	CO + HE+ -> C+ + HE + O
157	CO + HE+ -> C + HE + O+
158	CO+ + H -> CO + H+
159	C- + H+ -> C + H
160	O- + H+ -> O + H
161	HE+ + H- -> H + HE
162	H3+ + E -> H2 + H
163	H3+ + E -> H + H + H
164	CH+ + E -> C + H
165	CH2+ + E -> CH + H
166	CH2+ + E -> C + H2
167	CH2+ + E -> C + H + H
168	CH3+ + E -> CH2 + H
169	CH3+ + E -> CH + H2
170	CH3+ + E -> CH + H + H
171	OH+ + E -> O + H
172	H2O+ + E -> O + H2
173	H2O+ + E -> OH + H
174	H2O+ + E -> O + H + H
175	H3O+ + E -> OH + H + H
176	H3O+ + E -> O + H + H2
177	H3O+ + E -> H + H2O
178	H3O+ + E -> OH + H2
179	O2+ + E -> O + O
180	CO+ + E -> C + O
181	HCO+ + E -> CO + H
182	HCO+ + E -> OH + C
183	HOC+ + E -> CO + H
184	H- + C -> CH + E
185	H- + O -> OH + E
186	H- + OH -> H2O + E
187	C- + H -> CH + E
188	C- + H2 -> CH2 + E
189	C- + O -> CO + E
190	O- + H -> OH + E
191	O- + H2 -> H2O + E
192	O- + C -> CO + E
193	H2 + H+ -> H + H + H+
194	H2 + H+ -> H3+
195	C + E -> C-
196	C + H -> CH
197	C + H2 -> CH2
198	C + C -> C2
199	C + O -> CO
200	C+ + H -> CH+
201	C+ + H2 -> CH2+
202	C+ + O -> CO+
203	C+ + O -> CO+
204	O + E -> O-
205	O + H -> OH
206	O + O -> O2
207	OH + H -> H2O
208	H -> H+ + E
209	HE -> HE+ + E
210	HE+ -> HE++ + E
211	O -> O+ + E
212	C -> C+ + E
213	H2 -> H2+ + E
214	H- -> H + E
215	CH -> C + H
216	CH -> CH+ + E
217	C2 -> C + C
218	OH -> O + H
219	OH -> OH+ + E
220	H2O -> OH + H
221	H2O -> H2O+ + E
222	O2 -> O2+ + E
223	O2 -> O + O
224	H2 -> H+ + H + E
225	CO -> C + O
226	H2 -> H + H
227	H2+ -> H + H+
228	H3+ -> H2 + H+
229	H3+ -> H2+ + H
230	C- -> C + E
231	CH+ -> C + H+
232	CH2 -> CH + H
233	CH2 -> CH2+ + E
234	CH2+ -> CH+ + H
235	CH3+ -> CH2+ + H
236	CH3+ -> CH+ + H2
237	O- -> O + E
238	OH+ -> O + H+
239	H2O+ -> H2+ + O
240	H2O+ -> H+ + OH
241	H2O+ -> O+ + H2
242	H2O+ -> OH+ + H
243	H3O+ -> H+ + H2O
244	H3O+ -> H2+ + OH
245	H3O+ -> H2O+ + H
246	H3O+ -> OH+ + H2
247	H -> H+ + E
248	HE -> HE+ + E
249	O -> O+ + E
250	CO -> C + O
251	CO -> CO+ + E
252	C2 -> C + C
253	H2 -> H + H
254	H2 -> H+ + H-
255	H2 -> H2+ + E
256	C -> C+ + E
257	CH -> C + H
258	O2 -> O + O
259	O2 -> O2+ + E
260	OH -> O + H
261	CH2 -> CH2+ + E
262	H2O -> OH + H
263	HCO -> CO + H
264	HCO -> HCO+ + E
265	H2 -> H + H+ + E
266	C + C -> C2
267	C + C -> C2
268	C + O -> CO
269	C + O -> CO
270	C+ + O -> CO+
271	C+ + O -> CO+
272	C + O+ -> CO+
273	C + O+ -> CO+
274	H + O -> OH
275	OH + H -> H2O
276	O + O -> O2


#********************************
#list of reactions (without multiple limits)
1	H2+ + H- -> H + H2
2	CH+ -> C + H+
3	OH + OH -> H2O + O
4	O+ + E -> O
5	CO+ + H -> CO + H+
6	H2O + H -> H2 + OH
7	O -> O+ + E
8	H2 + HE -> H + H + HE
9	H2 + H + H -> H2 + H2
10	H3O+ + E -> H + H2O
11	H- + O -> OH + E
12	CO + HE+ -> C+ + HE + O
13	C + C -> C2
14	H2 + H+ -> H3+
15	O + H2+ -> H + OH+
16	C2 + O+ -> CO+ + C
17	H2O + HE+ -> HE + H2O+
18	H2O -> OH + H
19	H2O + C+ -> H2O+ + C
20	H2O+ -> H2+ + O
21	H2 + OH -> H2O + H
22	H2 + HE+ -> HE + H2+
23	CH + O -> OH + C
24	H2 + HE+ -> HE+ + H + H
25	OH+ + H2 -> H2O+ + H
26	CH2 + O -> HCO + H
27	O + E -> O+ + E + E
28	H2+ + H -> H2 + H+
29	H2O+ + E -> OH + H
30	CH3+ -> CH+ + H2
31	OH + C+ -> H + CO+
32	H- + H+ -> H2+ + E
33	HE + E -> HE+ + E + E
34	CH3+ -> CH2+ + H
35	C + HE+ -> C+ + HE
36	OH + H -> O + H2
37	CH+ + H -> C+ + H2
38	H2 -> H2+ + E
39	C + H+ -> C+ + H
40	H2 + H+ -> H2+ + H
41	OH + H -> O + H + H
42	O2 + CH2+ -> HCO+ + OH
43	CH2+ + E -> CH + H
44	CH + H+ -> CH+ + H
45	CH2 + H+ -> H + CH2+
46	H- + H+ -> H + H
47	H2+ -> H + H+
48	H- -> H + E
49	O2 + C+ -> CO+ + O
50	OH + H+ -> OH+ + H
51	OH -> OH+ + E
52	H3+ -> H2 + H+
53	HOC+ + H2 -> HCO+ + H2
54	H2O+ -> H+ + OH
55	HCO -> CO + H
56	H2 + HE+ -> HE + H + H+
57	H3+ -> H2+ + H
58	H + H + H -> H2 + H
59	HCO+ + C -> CO + CH+
60	H+ + E -> H
61	CH2 + HE+ -> HE + H2 + C+
62	H- + OH -> H2O + E
63	CH + O -> HCO+ + E
64	CH2+ + E -> C + H + H
65	O2 + H2 -> OH + OH
66	H3O+ -> H+ + H2O
67	CH3+ + O -> HOC+ + H2
68	C+ + O -> CO+
69	C + E -> C-
70	C- + H+ -> C + H
71	C -> C+ + E
72	CH3+ + E -> CH + H2
73	H -> H+ + E
74	O2 + C -> CO + O
75	CH + O -> CO + H
76	O2+ + E -> O + O
77	H3+ + E -> H2 + H
78	HCO+ + H2O -> CO + H3O+
79	O- -> O + E
80	H2 + H -> H + H + H
81	C + H3+ -> CH+ + H2
82	CH2+ + H -> CH+ + H2
83	C + H3+ -> CH2+ + H
84	C2 + O -> CO + C
85	CO+ + E -> C + O
86	H3O+ -> H2O+ + H
87	H2+ + H2 -> H3+ + H
88	CO + HE+ -> C + HE + O+
89	H3O+ + E -> O + H + H2
90	O2 + HE+ -> O2+ + HE
91	O + HE+ -> O+ + HE
92	O- + H+ -> O + H
93	H2O+ -> OH+ + H
94	HE+ + H -> HE + H+
95	CH2 + O -> CO + H + H
96	H + H+ -> H2+
97	HE+ + E -> HE
98	C + OH -> H + CO
99	C+ + E -> C
100	CH + H -> C + H2
101	C- + H2 -> CH2 + E
102	OH + HE+ -> O+ + HE + H
103	CH2 + O -> CH + OH
104	H + E -> H+ + E + E
105	H2+ + E -> H + H
106	O2 + HE+ -> O+ + HE + O
107	H + E -> H-
108	C + H -> CH
109	CH2+ + H2 -> CH3+ + H
110	C + H2+ -> CH+ + H
111	CH2 + HE+ -> HE + H + CH+
112	H2O + H+ -> H + H2O+
113	CO + H3+ -> H2 + HOC+
114	H- + E -> H + E + E
115	CH2 + H -> CH + H2
116	C + O2+ -> O2 + C+
117	CH+ + O -> CO+ + H
118	H + O -> OH
119	CH -> C + H
120	H3O+ + E -> OH + H2
121	H3+ + E -> H + H + H
122	CH2 + H+ -> H2 + CH+
123	O2 -> O + O
124	H2 -> H + H
125	C2 -> C + C
126	H2O+ + E -> O + H + H
127	CH3+ + O -> HCO+ + H2
128	C + H2 -> CH + H
129	CH2+ + O -> HCO+ + H
130	O2 + H+ -> O2+ + H
131	H- + H -> H + H + E
132	CH+ + H2 -> CH2+ + H
133	C + O2+ -> O + CO+
134	O- + H2 -> H2O + E
135	O2 + C+ -> CO + O+
136	O + H3+ -> H + H2O+
137	H2 + H2 -> H2 + H + H
138	C + O+ -> CO+
139	H3+ + H -> H2+ + H2
140	H3O+ + C -> HCO+ + H2
141	O+ + H2 -> H + OH+
142	H3O+ -> OH+ + H2
143	C- + H -> CH + E
144	OH + H -> H2O
145	C+ + H -> CH+
146	CO -> C + O
147	H2O+ -> O+ + H2
148	O + E -> O-
149	OH+ + E -> O + H
150	O+ + H -> O + H+
151	O- + C -> CO + E
152	H2O + C+ -> HOC+ + H
153	H3O+ + E -> OH + H + H
154	CH+ + E -> C + H
155	H + H + HE -> H2 + HE
156	H2 -> H + H+ + E
157	O2 -> O2+ + E
158	OH -> O + H
159	O2 + H -> OH + O
160	O + O -> O2
161	HCO -> HCO+ + E
162	HOC+ + CO -> HCO+ + CO
163	H- + C -> CH + E
164	O + H3+ -> H2 + OH+
165	H2 + H+ -> H + H + H+
166	CH3+ + H -> CH2+ + H2
167	CH3+ + E -> CH + H + H
168	O + H2 -> OH + H
169	H2O + HE+ -> HE + OH+ + H
170	CO -> CO+ + E
171	HE + H+ -> HE+ + H
172	C + E -> C+ + E + E
173	OH+ -> O + H+
174	H2O + HE+ -> HE + OH + H+
175	O + H+ -> O+ + H
176	OH + H3+ -> H2 + H2O+
177	CH -> CH+ + E
178	HE+ + E -> HE++ + E + E
179	C2 + HE+ -> C+ + C + HE
180	C + H2 -> CH2
181	H2O + C+ -> HCO+ + H
182	O + OH -> H + O2
183	C + O -> CO
184	HCO+ + E -> CO + H
185	CH + C -> C2 + H
186	H2 -> H+ + H + E
187	CH2 -> CH2+ + E
188	C+ + H -> C + H+
189	O- + H -> OH + E
190	HE -> HE+ + E
191	H2O+ + E -> O + H2
192	CH2+ + E -> C + H2
193	C+ + H2 -> CH+ + H
194	CH2 + O -> CO + H2
195	C- + O -> CO + E
196	HE++ + E -> HE+
197	H2O + H3+ -> H2 + H3O+
198	CO + H -> C + OH
199	CO + H3+ -> H2 + HCO+
200	HE+ + H- -> H + HE
201	HOC+ + E -> CO + H
202	HE+ -> HE++ + E
203	H2 + E -> H + H + E
204	CH3+ + E -> CH2 + H
205	CH + H2 -> CH2 + H
206	H3O+ -> H2+ + OH
207	H2O -> H2O+ + E
208	CH2+ -> CH+ + H
209	HCO+ + E -> OH + C
210	H2 -> H+ + H-
211	H- + H -> H2 + E
212	C- -> C + E
213	H2O+ + H2 -> H3O+ + H
214	O + H -> OH
215	CH2 -> CH + H
216	C+ + H2 -> CH2+


#********************************
#list of reactions (LaTeX format)
#Table columns format {llllllclllll}
 1 & H & + & e$^-$ & & & $\to$ & H$^+$ & + & e$^-$ & + & e$^-$\\
 2 & H$^+$ & + & e$^-$ & & & $\to$ & H & & & + & \\
 3 & H$^+$ & + & e$^-$ & & & $\to$ & H & & & + & \\
 4 & HE & + & e$^-$ & & & $\to$ & HE$^+$ & + & e$^-$ & + & e$^-$\\
 5 & HE$^+$ & + & e$^-$ & & & $\to$ & HE & & & + & \\
 6 & HE$^+$ & + & e$^-$ & & & $\to$ & HE & & & + & \\
 7 & HE$^+$ & + & e$^-$ & & & $\to$ & HE$^+$$^+$ & + & e$^-$ & + & e$^-$\\
 8 & HE$^+$ & + & H & & & $\to$ & HE & + & H$^+$ & + & \\
 9 & HE & + & H$^+$ & & & $\to$ & HE$^+$ & + & H & + & \\
 10 & HE & + & H$^+$ & & & $\to$ & HE$^+$ & + & H & + & \\
 11 & H$_2$ & + & HE & & & $\to$ & H & + & H & + & HE\\
 12 & H$_2$ & + & HE$^+$ & & & $\to$ & HE & + & H$_2$$^+$ & + & \\
 13 & H$_2$ & + & HE$^+$ & & & $\to$ & HE & + & H & + & H$^+$\\
 14 & H$_2$ & + & HE$^+$ & & & $\to$ & HE$^+$ & + & H & + & H\\
 15 & HE$^+$$^+$ & + & e$^-$ & & & $\to$ & HE$^+$ & & & + & \\
 16 & H & + & e$^-$ & & & $\to$ & H$^-$ & & & + & \\
 17 & H$^-$ & + & H & & & $\to$ & H$_2$ & + & e$^-$ & + & \\
 18 & H & + & H$^+$ & & & $\to$ & H$_2$$^+$ & & & + & \\
 19 & H & + & H$^+$ & & & $\to$ & H$_2$$^+$ & & & + & \\
 20 & H$_2$$^+$ & + & H & & & $\to$ & H$_2$ & + & H$^+$ & + & \\
 21 & H$_2$ & + & H$^+$ & & & $\to$ & H$_2$$^+$ & + & H & + & \\
 22 & H$_2$ & + & H$^+$ & & & $\to$ & H$_2$$^+$ & + & H & + & \\
 23 & H$_2$ & + & e$^-$ & & & $\to$ & H & + & H & + & e$^-$\\
 24 & H$_2$ & + & H & & & $\to$ & H & + & H & + & H\\
 25 & H$^-$ & + & e$^-$ & & & $\to$ & H & + & e$^-$ & + & e$^-$\\
 26 & H$^-$ & + & H & & & $\to$ & H & + & H & + & e$^-$\\
 27 & H$^-$ & + & H & & & $\to$ & H & + & H & + & e$^-$\\
 28 & H$^-$ & + & H$^+$ & & & $\to$ & H & + & H & + & \\
 29 & H$^-$ & + & H$^+$ & & & $\to$ & H$_2$$^+$ & + & e$^-$ & + & \\
 30 & H$_2$$^+$ & + & e$^-$ & & & $\to$ & H & + & H & + & \\
 31 & H$_2$$^+$ & + & e$^-$ & & & $\to$ & H & + & H & + & \\
 32 & H$_2$$^+$ & + & H$^-$ & & & $\to$ & H & + & H$_2$ & + & \\
 33 & H$_2$ & + & H$_2$ & & & $\to$ & H$_2$ & + & H & + & H\\
 34 & H & + & H & + & HE & $\to$ & H$_2$ & + & HE & + & \\
 35 & H & + & H & + & H & $\to$ & H$_2$ & + & H & + & \\
 36 & H$_2$ & + & H & + & H & $\to$ & H$_2$ & + & H$_2$ & + & \\
 37 & C$^+$ & + & e$^-$ & & & $\to$ & C & & & + & \\
 38 & C$^+$ & + & e$^-$ & & & $\to$ & C & & & + & \\
 39 & C$^+$ & + & e$^-$ & & & $\to$ & C & & & + & \\
 40 & O$^+$ & + & e$^-$ & & & $\to$ & O & & & + & \\
 41 & O$^+$ & + & e$^-$ & & & $\to$ & O & & & + & \\
 42 & C & + & e$^-$ & & & $\to$ & C$^+$ & + & e$^-$ & + & e$^-$\\
 43 & O & + & e$^-$ & & & $\to$ & O$^+$ & + & e$^-$ & + & e$^-$\\
 44 & O$^+$ & + & H & & & $\to$ & O & + & H$^+$ & + & \\
 45 & O & + & H$^+$ & & & $\to$ & O$^+$ & + & H & + & \\
 46 & O & + & HE$^+$ & & & $\to$ & O$^+$ & + & HE & + & \\
 47 & C & + & H$^+$ & & & $\to$ & C$^+$ & + & H & + & \\
 48 & C$^+$ & + & H & & & $\to$ & C & + & H$^+$ & + & \\
 49 & C & + & HE$^+$ & & & $\to$ & C$^+$ & + & HE & + & \\
 50 & C & + & HE$^+$ & & & $\to$ & C$^+$ & + & HE & + & \\
 51 & C & + & HE$^+$ & & & $\to$ & C$^+$ & + & HE & + & \\
 52 & OH & + & H & & & $\to$ & O & + & H & + & H\\
 53 & HOC$^+$ & + & H$_2$ & & & $\to$ & HCO$^+$ & + & H$_2$ & + & \\
 54 & HOC$^+$ & + & CO & & & $\to$ & HCO$^+$ & + & CO & + & \\
 55 & HOC$^+$ & + & CO & & & $\to$ & HCO$^+$ & + & CO & + & \\
 56 & C & + & H$_2$ & & & $\to$ & CH & + & H & + & \\
 57 & CH & + & H & & & $\to$ & C & + & H$_2$ & + & \\
 58 & CH & + & H$_2$ & & & $\to$ & CH$_2$ & + & H & + & \\
 59 & CH & + & C & & & $\to$ & C$_2$ & + & H & + & \\
 60 & CH & + & O & & & $\to$ & CO & + & H & + & \\
 61 & CH & + & O & & & $\to$ & HCO$^+$ & + & e$^-$ & + & \\
 62 & CH & + & O & & & $\to$ & OH & + & C & + & \\
 63 & CH$_2$ & + & H & & & $\to$ & CH & + & H$_2$ & + & \\
 64 & CH$_2$ & + & O & & & $\to$ & CO & + & H & + & H\\
 65 & CH$_2$ & + & O & & & $\to$ & CO & + & H$_2$ & + & \\
 66 & CH$_2$ & + & O & & & $\to$ & HCO & + & H & + & \\
 67 & CH$_2$ & + & O & & & $\to$ & CH & + & OH & + & \\
 68 & C$_2$ & + & O & & & $\to$ & CO & + & C & + & \\
 69 & C$_2$ & + & O & & & $\to$ & CO & + & C & + & \\
 70 & O & + & H$_2$ & & & $\to$ & OH & + & H & + & \\
 71 & OH & + & H & & & $\to$ & O & + & H$_2$ & + & \\
 72 & OH & + & H & & & $\to$ & O & + & H$_2$ & + & \\
 73 & H$_2$ & + & OH & & & $\to$ & H$_2$O & + & H & + & \\
 74 & C & + & OH & & & $\to$ & H & + & CO & + & \\
 75 & C & + & OH & & & $\to$ & H & + & CO & + & \\
 76 & O & + & OH & & & $\to$ & H & + & O$_2$ & + & \\
 77 & O & + & OH & & & $\to$ & H & + & O$_2$ & + & \\
 78 & OH & + & OH & & & $\to$ & H$_2$O & + & O & + & \\
 79 & H$_2$O & + & H & & & $\to$ & H$_2$ & + & OH & + & \\
 80 & O$_2$ & + & H & & & $\to$ & OH & + & O & + & \\
 81 & O$_2$ & + & H$_2$ & & & $\to$ & OH & + & OH & + & \\
 82 & O$_2$ & + & C & & & $\to$ & CO & + & O & + & \\
 83 & O$_2$ & + & C & & & $\to$ & CO & + & O & + & \\
 84 & CO & + & H & & & $\to$ & C & + & OH & + & \\
 85 & H$_2$$^+$ & + & H$_2$ & & & $\to$ & H$_3$$^+$ & + & H & + & \\
 86 & H$_3$$^+$ & + & H & & & $\to$ & H$_2$$^+$ & + & H$_2$ & + & \\
 87 & C & + & H$_2$$^+$ & & & $\to$ & CH$^+$ & + & H & + & \\
 88 & C & + & H$_3$$^+$ & & & $\to$ & CH$^+$ & + & H$_2$ & + & \\
 89 & C & + & H$_3$$^+$ & & & $\to$ & CH$_2$$^+$ & + & H & + & \\
 90 & C$^+$ & + & H$_2$ & & & $\to$ & CH$^+$ & + & H & + & \\
 91 & CH$^+$ & + & H & & & $\to$ & C$^+$ & + & H$_2$ & + & \\
 92 & CH$^+$ & + & H$_2$ & & & $\to$ & CH$_2$$^+$ & + & H & + & \\
 93 & CH$^+$ & + & O & & & $\to$ & CO$^+$ & + & H & + & \\
 94 & CH$_2$$^+$ & + & H & & & $\to$ & CH$^+$ & + & H$_2$ & + & \\
 95 & CH$_2$$^+$ & + & H$_2$ & & & $\to$ & CH$_3$$^+$ & + & H & + & \\
 96 & CH$_2$$^+$ & + & O & & & $\to$ & HCO$^+$ & + & H & + & \\
 97 & CH$_3$$^+$ & + & H & & & $\to$ & CH$_2$$^+$ & + & H$_2$ & + & \\
 98 & CH$_3$$^+$ & + & O & & & $\to$ & HOC$^+$ & + & H$_2$ & + & \\
 99 & CH$_3$$^+$ & + & O & & & $\to$ & HCO$^+$ & + & H$_2$ & + & \\
 100 & C$_2$ & + & O$^+$ & & & $\to$ & CO$^+$ & + & C & + & \\
 101 & O$^+$ & + & H$_2$ & & & $\to$ & H & + & OH$^+$ & + & \\
 102 & O & + & H$_2$$^+$ & & & $\to$ & H & + & OH$^+$ & + & \\
 103 & O & + & H$_3$$^+$ & & & $\to$ & H$_2$ & + & OH$^+$ & + & \\
 104 & O & + & H$_3$$^+$ & & & $\to$ & H & + & H$_2$O$^+$ & + & \\
 105 & OH & + & H$_3$$^+$ & & & $\to$ & H$_2$ & + & H$_2$O$^+$ & + & \\
 106 & OH & + & H$_3$$^+$ & & & $\to$ & H$_2$ & + & H$_2$O$^+$ & + & \\
 107 & OH & + & C$^+$ & & & $\to$ & H & + & CO$^+$ & + & \\
 108 & OH & + & C$^+$ & & & $\to$ & H & + & CO$^+$ & + & \\
 109 & OH$^+$ & + & H$_2$ & & & $\to$ & H$_2$O$^+$ & + & H & + & \\
 110 & H$_2$O$^+$ & + & H$_2$ & & & $\to$ & H$_3$O$^+$ & + & H & + & \\
 111 & H$_2$O & + & H$_3$$^+$ & & & $\to$ & H$_2$ & + & H$_3$O$^+$ & + & \\
 112 & H$_2$O & + & H$_3$$^+$ & & & $\to$ & H$_2$ & + & H$_3$O$^+$ & + & \\
 113 & H$_2$O & + & C$^+$ & & & $\to$ & HOC$^+$ & + & H & + & \\
 114 & H$_2$O & + & C$^+$ & & & $\to$ & HCO$^+$ & + & H & + & \\
 115 & H$_2$O & + & C$^+$ & & & $\to$ & HCO$^+$ & + & H & + & \\
 116 & H$_2$O & + & C$^+$ & & & $\to$ & H$_2$O$^+$ & + & C & + & \\
 117 & H$_3$O$^+$ & + & C & & & $\to$ & HCO$^+$ & + & H$_2$ & + & \\
 118 & O$_2$ & + & C$^+$ & & & $\to$ & CO$^+$ & + & O & + & \\
 119 & O$_2$ & + & C$^+$ & & & $\to$ & CO & + & O$^+$ & + & \\
 120 & O$_2$ & + & CH$_2$$^+$ & & & $\to$ & HCO$^+$ & + & OH & + & \\
 121 & C & + & O$_2$$^+$ & & & $\to$ & O & + & CO$^+$ & + & \\
 122 & C & + & O$_2$$^+$ & & & $\to$ & O$_2$ & + & C$^+$ & + & \\
 123 & CO & + & H$_3$$^+$ & & & $\to$ & H$_2$ & + & HCO$^+$ & + & \\
 124 & CO & + & H$_3$$^+$ & & & $\to$ & H$_2$ & + & HCO$^+$ & + & \\
 125 & CO & + & H$_3$$^+$ & & & $\to$ & H$_2$ & + & HOC$^+$ & + & \\
 126 & CO & + & H$_3$$^+$ & & & $\to$ & H$_2$ & + & HOC$^+$ & + & \\
 127 & HCO$^+$ & + & C & & & $\to$ & CO & + & CH$^+$ & + & \\
 128 & HCO$^+$ & + & H$_2$O & & & $\to$ & CO & + & H$_3$O$^+$ & + & \\
 129 & HCO$^+$ & + & H$_2$O & & & $\to$ & CO & + & H$_3$O$^+$ & + & \\
 130 & CH & + & H$^+$ & & & $\to$ & CH$^+$ & + & H & + & \\
 131 & CH & + & H$^+$ & & & $\to$ & CH$^+$ & + & H & + & \\
 132 & CH$_2$ & + & H$^+$ & & & $\to$ & H$_2$ & + & CH$^+$ & + & \\
 133 & CH$_2$ & + & H$^+$ & & & $\to$ & H$_2$ & + & CH$^+$ & + & \\
 134 & CH$_2$ & + & H$^+$ & & & $\to$ & H & + & CH$_2$$^+$ & + & \\
 135 & CH$_2$ & + & H$^+$ & & & $\to$ & H & + & CH$_2$$^+$ & + & \\
 136 & CH$_2$ & + & HE$^+$ & & & $\to$ & HE & + & H$_2$ & + & C$^+$\\
 137 & CH$_2$ & + & HE$^+$ & & & $\to$ & HE & + & H$_2$ & + & C$^+$\\
 138 & CH$_2$ & + & HE$^+$ & & & $\to$ & HE & + & H & + & CH$^+$\\
 139 & CH$_2$ & + & HE$^+$ & & & $\to$ & HE & + & H & + & CH$^+$\\
 140 & C$_2$ & + & HE$^+$ & & & $\to$ & C$^+$ & + & C & + & HE\\
 141 & OH & + & H$^+$ & & & $\to$ & OH$^+$ & + & H & + & \\
 142 & OH & + & H$^+$ & & & $\to$ & OH$^+$ & + & H & + & \\
 143 & OH & + & HE$^+$ & & & $\to$ & O$^+$ & + & HE & + & H\\
 144 & OH & + & HE$^+$ & & & $\to$ & O$^+$ & + & HE & + & H\\
 145 & H$_2$O & + & H$^+$ & & & $\to$ & H & + & H$_2$O$^+$ & + & \\
 146 & H$_2$O & + & H$^+$ & & & $\to$ & H & + & H$_2$O$^+$ & + & \\
 147 & H$_2$O & + & HE$^+$ & & & $\to$ & HE & + & OH & + & H$^+$\\
 148 & H$_2$O & + & HE$^+$ & & & $\to$ & HE & + & OH & + & H$^+$\\
 149 & H$_2$O & + & HE$^+$ & & & $\to$ & HE & + & OH$^+$ & + & H\\
 150 & H$_2$O & + & HE$^+$ & & & $\to$ & HE & + & OH$^+$ & + & H\\
 151 & H$_2$O & + & HE$^+$ & & & $\to$ & HE & + & H$_2$O$^+$ & + & \\
 152 & H$_2$O & + & HE$^+$ & & & $\to$ & HE & + & H$_2$O$^+$ & + & \\
 153 & O$_2$ & + & H$^+$ & & & $\to$ & O$_2$$^+$ & + & H & + & \\
 154 & O$_2$ & + & HE$^+$ & & & $\to$ & O$_2$$^+$ & + & HE & + & \\
 155 & O$_2$ & + & HE$^+$ & & & $\to$ & O$^+$ & + & HE & + & O\\
 156 & CO & + & HE$^+$ & & & $\to$ & C$^+$ & + & HE & + & O\\
 157 & CO & + & HE$^+$ & & & $\to$ & C & + & HE & + & O$^+$\\
 158 & CO$^+$ & + & H & & & $\to$ & CO & + & H$^+$ & + & \\
 159 & C$^-$ & + & H$^+$ & & & $\to$ & C & + & H & + & \\
 160 & O$^-$ & + & H$^+$ & & & $\to$ & O & + & H & + & \\
 161 & HE$^+$ & + & H$^-$ & & & $\to$ & H & + & HE & + & \\
 162 & H$_3$$^+$ & + & e$^-$ & & & $\to$ & H$_2$ & + & H & + & \\
 163 & H$_3$$^+$ & + & e$^-$ & & & $\to$ & H & + & H & + & H\\
 164 & CH$^+$ & + & e$^-$ & & & $\to$ & C & + & H & + & \\
 165 & CH$_2$$^+$ & + & e$^-$ & & & $\to$ & CH & + & H & + & \\
 166 & CH$_2$$^+$ & + & e$^-$ & & & $\to$ & C & + & H$_2$ & + & \\
 167 & CH$_2$$^+$ & + & e$^-$ & & & $\to$ & C & + & H & + & H\\
 168 & CH$_3$$^+$ & + & e$^-$ & & & $\to$ & CH$_2$ & + & H & + & \\
 169 & CH$_3$$^+$ & + & e$^-$ & & & $\to$ & CH & + & H$_2$ & + & \\
 170 & CH$_3$$^+$ & + & e$^-$ & & & $\to$ & CH & + & H & + & H\\
 171 & OH$^+$ & + & e$^-$ & & & $\to$ & O & + & H & + & \\
 172 & H$_2$O$^+$ & + & e$^-$ & & & $\to$ & O & + & H$_2$ & + & \\
 173 & H$_2$O$^+$ & + & e$^-$ & & & $\to$ & OH & + & H & + & \\
 174 & H$_2$O$^+$ & + & e$^-$ & & & $\to$ & O & + & H & + & H\\
 175 & H$_3$O$^+$ & + & e$^-$ & & & $\to$ & OH & + & H & + & H\\
 176 & H$_3$O$^+$ & + & e$^-$ & & & $\to$ & O & + & H & + & H$_2$\\
 177 & H$_3$O$^+$ & + & e$^-$ & & & $\to$ & H & + & H$_2$O & + & \\
 178 & H$_3$O$^+$ & + & e$^-$ & & & $\to$ & OH & + & H$_2$ & + & \\
 179 & O$_2$$^+$ & + & e$^-$ & & & $\to$ & O & + & O & + & \\
 180 & CO$^+$ & + & e$^-$ & & & $\to$ & C & + & O & + & \\
 181 & HCO$^+$ & + & e$^-$ & & & $\to$ & CO & + & H & + & \\
 182 & HCO$^+$ & + & e$^-$ & & & $\to$ & OH & + & C & + & \\
 183 & HOC$^+$ & + & e$^-$ & & & $\to$ & CO & + & H & + & \\
 184 & H$^-$ & + & C & & & $\to$ & CH & + & e$^-$ & + & \\
 185 & H$^-$ & + & O & & & $\to$ & OH & + & e$^-$ & + & \\
 186 & H$^-$ & + & OH & & & $\to$ & H$_2$O & + & e$^-$ & + & \\
 187 & C$^-$ & + & H & & & $\to$ & CH & + & e$^-$ & + & \\
 188 & C$^-$ & + & H$_2$ & & & $\to$ & CH$_2$ & + & e$^-$ & + & \\
 189 & C$^-$ & + & O & & & $\to$ & CO & + & e$^-$ & + & \\
 190 & O$^-$ & + & H & & & $\to$ & OH & + & e$^-$ & + & \\
 191 & O$^-$ & + & H$_2$ & & & $\to$ & H$_2$O & + & e$^-$ & + & \\
 192 & O$^-$ & + & C & & & $\to$ & CO & + & e$^-$ & + & \\
 193 & H$_2$ & + & H$^+$ & & & $\to$ & H & + & H & + & H$^+$\\
 194 & H$_2$ & + & H$^+$ & & & $\to$ & H$_3$$^+$ & & & + & \\
 195 & C & + & e$^-$ & & & $\to$ & C$^-$ & & & + & \\
 196 & C & + & H & & & $\to$ & CH & & & + & \\
 197 & C & + & H$_2$ & & & $\to$ & CH$_2$ & & & + & \\
 198 & C & + & C & & & $\to$ & C$_2$ & & & + & \\
 199 & C & + & O & & & $\to$ & CO & & & + & \\
 200 & C$^+$ & + & H & & & $\to$ & CH$^+$ & & & + & \\
 201 & C$^+$ & + & H$_2$ & & & $\to$ & CH$_2$$^+$ & & & + & \\
 202 & C$^+$ & + & O & & & $\to$ & CO$^+$ & & & + & \\
 203 & C$^+$ & + & O & & & $\to$ & CO$^+$ & & & + & \\
 204 & O & + & e$^-$ & & & $\to$ & O$^-$ & & & + & \\
 205 & O & + & H & & & $\to$ & OH & & & + & \\
 206 & O & + & O & & & $\to$ & O$_2$ & & & + & \\
 207 & OH & + & H & & & $\to$ & H$_2$O & & & + & \\
 208 & H & & & + &  & $\to$ & H$^+$ & + & e$^-$ & + & \\
 209 & HE & & & + &  & $\to$ & HE$^+$ & + & e$^-$ & + & \\
 210 & HE$^+$ & & & + &  & $\to$ & HE$^+$$^+$ & + & e$^-$ & + & \\
 211 & O & & & + &  & $\to$ & O$^+$ & + & e$^-$ & + & \\
 212 & C & & & + &  & $\to$ & C$^+$ & + & e$^-$ & + & \\
 213 & H$_2$ & & & + &  & $\to$ & H$_2$$^+$ & + & e$^-$ & + & \\
 214 & H$^-$ & & & + &  & $\to$ & H & + & e$^-$ & + & \\
 215 & CH & & & + &  & $\to$ & C & + & H & + & \\
 216 & CH & & & + &  & $\to$ & CH$^+$ & + & e$^-$ & + & \\
 217 & C$_2$ & & & + &  & $\to$ & C & + & C & + & \\
 218 & OH & & & + &  & $\to$ & O & + & H & + & \\
 219 & OH & & & + &  & $\to$ & OH$^+$ & + & e$^-$ & + & \\
 220 & H$_2$O & & & + &  & $\to$ & OH & + & H & + & \\
 221 & H$_2$O & & & + &  & $\to$ & H$_2$O$^+$ & + & e$^-$ & + & \\
 222 & O$_2$ & & & + &  & $\to$ & O$_2$$^+$ & + & e$^-$ & + & \\
 223 & O$_2$ & & & + &  & $\to$ & O & + & O & + & \\
 224 & H$_2$ & & & + &  & $\to$ & H$^+$ & + & H & + & e$^-$\\
 225 & CO & & & + &  & $\to$ & C & + & O & + & \\
 226 & H$_2$ & & & + &  & $\to$ & H & + & H & + & \\
 227 & H$_2$$^+$ & & & + &  & $\to$ & H & + & H$^+$ & + & \\
 228 & H$_3$$^+$ & & & + &  & $\to$ & H$_2$ & + & H$^+$ & + & \\
 229 & H$_3$$^+$ & & & + &  & $\to$ & H$_2$$^+$ & + & H & + & \\
 230 & C$^-$ & & & + &  & $\to$ & C & + & e$^-$ & + & \\
 231 & CH$^+$ & & & + &  & $\to$ & C & + & H$^+$ & + & \\
 232 & CH$_2$ & & & + &  & $\to$ & CH & + & H & + & \\
 233 & CH$_2$ & & & + &  & $\to$ & CH$_2$$^+$ & + & e$^-$ & + & \\
 234 & CH$_2$$^+$ & & & + &  & $\to$ & CH$^+$ & + & H & + & \\
 235 & CH$_3$$^+$ & & & + &  & $\to$ & CH$_2$$^+$ & + & H & + & \\
 236 & CH$_3$$^+$ & & & + &  & $\to$ & CH$^+$ & + & H$_2$ & + & \\
 237 & O$^-$ & & & + &  & $\to$ & O & + & e$^-$ & + & \\
 238 & OH$^+$ & & & + &  & $\to$ & O & + & H$^+$ & + & \\
 239 & H$_2$O$^+$ & & & + &  & $\to$ & H$_2$$^+$ & + & O & + & \\
 240 & H$_2$O$^+$ & & & + &  & $\to$ & H$^+$ & + & OH & + & \\
 241 & H$_2$O$^+$ & & & + &  & $\to$ & O$^+$ & + & H$_2$ & + & \\
 242 & H$_2$O$^+$ & & & + &  & $\to$ & OH$^+$ & + & H & + & \\
 243 & H$_3$O$^+$ & & & + &  & $\to$ & H$^+$ & + & H$_2$O & + & \\
 244 & H$_3$O$^+$ & & & + &  & $\to$ & H$_2$$^+$ & + & OH & + & \\
 245 & H$_3$O$^+$ & & & + &  & $\to$ & H$_2$O$^+$ & + & H & + & \\
 246 & H$_3$O$^+$ & & & + &  & $\to$ & OH$^+$ & + & H$_2$ & + & \\
 247 & H & & & + &  & $\to$ & H$^+$ & + & e$^-$ & + & \\
 248 & HE & & & + &  & $\to$ & HE$^+$ & + & e$^-$ & + & \\
 249 & O & & & + &  & $\to$ & O$^+$ & + & e$^-$ & + & \\
 250 & CO & & & + &  & $\to$ & C & + & O & + & \\
 251 & CO & & & + &  & $\to$ & CO$^+$ & + & e$^-$ & + & \\
 252 & C$_2$ & & & + &  & $\to$ & C & + & C & + & \\
 253 & H$_2$ & & & + &  & $\to$ & H & + & H & + & \\
 254 & H$_2$ & & & + &  & $\to$ & H$^+$ & + & H$^-$ & + & \\
 255 & H$_2$ & & & + &  & $\to$ & H$_2$$^+$ & + & e$^-$ & + & \\
 256 & C & & & + &  & $\to$ & C$^+$ & + & e$^-$ & + & \\
 257 & CH & & & + &  & $\to$ & C & + & H & + & \\
 258 & O$_2$ & & & + &  & $\to$ & O & + & O & + & \\
 259 & O$_2$ & & & + &  & $\to$ & O$_2$$^+$ & + & e$^-$ & + & \\
 260 & OH & & & + &  & $\to$ & O & + & H & + & \\
 261 & CH$_2$ & & & + &  & $\to$ & CH$_2$$^+$ & + & e$^-$ & + & \\
 262 & H$_2$O & & & + &  & $\to$ & OH & + & H & + & \\
 263 & HCO & & & + &  & $\to$ & CO & + & H & + & \\
 264 & HCO & & & + &  & $\to$ & HCO$^+$ & + & e$^-$ & + & \\
 265 & H$_2$ & & & + &  & $\to$ & H & + & H$^+$ & + & e$^-$\\
 266 & C & + & C & & & $\to$ & C$_2$ & & & + & \\
 267 & C & + & C & & & $\to$ & C$_2$ & & & + & \\
 268 & C & + & O & & & $\to$ & CO & & & + & \\
 269 & C & + & O & & & $\to$ & CO & & & + & \\
 270 & C$^+$ & + & O & & & $\to$ & CO$^+$ & & & + & \\
 271 & C$^+$ & + & O & & & $\to$ & CO$^+$ & & & + & \\
 272 & C & + & O$^+$ & & & $\to$ & CO$^+$ & & & + & \\
 273 & C & + & O$^+$ & & & $\to$ & CO$^+$ & & & + & \\
 274 & H & + & O & & & $\to$ & OH & & & + & \\
 275 & OH & + & H & & & $\to$ & H$_2$O & & & + & \\
 276 & O & + & O & & & $\to$ & O$_2$ & & & + & \\
